{"/home/runner/work/web-components/web-components/src/index.ts": {"path":"/home/runner/work/web-components/web-components/src/index.ts","statementMap":{},"fnMap":{},"branchMap":{},"s":{},"f":{},"b":{}}
,"/home/runner/work/web-components/web-components/src/theme.ts": {"path":"/home/runner/work/web-components/web-components/src/theme.ts","statementMap":{"0":{"start":{"line":62,"column":21},"end":{"line":136,"column":1}}},"fnMap":{},"branchMap":{},"s":{"0":0},"f":{},"b":{}}
,"/home/runner/work/web-components/web-components/src/components/Checkbox.tsx": {"path":"/home/runner/work/web-components/web-components/src/components/Checkbox.tsx","statementMap":{"0":{"start":{"line":4,"column":29},"end":{"line":26,"column":2}},"1":{"start":{"line":4,"column":48},"end":{"line":26,"column":1}},"2":{"start":{"line":39,"column":16},"end":{"line":39,"column":26}},"3":{"start":{"line":41,"column":19},"end":{"line":43,"column":3}},"4":{"start":{"line":42,"column":4},"end":{"line":42,"column":28}},"5":{"start":{"line":45,"column":2},"end":{"line":72,"column":4}}},"fnMap":{"0":{"name":"(anonymous_0)","decl":{"start":{"line":4,"column":29},"end":{"line":4,"column":30}},"loc":{"start":{"line":4,"column":48},"end":{"line":26,"column":1}},"line":4},"1":{"name":"Checkbox","decl":{"start":{"line":38,"column":24},"end":{"line":38,"column":32}},"loc":{"start":{"line":38,"column":60},"end":{"line":73,"column":1}},"line":38},"2":{"name":"(anonymous_2)","decl":{"start":{"line":41,"column":19},"end":{"line":41,"column":20}},"loc":{"start":{"line":41,"column":80},"end":{"line":43,"column":3}},"line":41}},"branchMap":{"0":{"loc":{"start":{"line":56,"column":19},"end":{"line":56,"column":39}},"type":"binary-expr","locations":[{"start":{"line":56,"column":19},"end":{"line":56,"column":30}},{"start":{"line":56,"column":34},"end":{"line":56,"column":39}}],"line":56}},"s":{"0":0,"1":0,"2":0,"3":0,"4":0,"5":0},"f":{"0":0,"1":0,"2":0},"b":{"0":[0,0]}}
,"/home/runner/work/web-components/web-components/src/components/Divisor.tsx": {"path":"/home/runner/work/web-components/web-components/src/components/Divisor.tsx","statementMap":{"0":{"start":{"line":8,"column":2},"end":{"line":14,"column":4}}},"fnMap":{"0":{"name":"Divisor","decl":{"start":{"line":7,"column":24},"end":{"line":7,"column":31}},"loc":{"start":{"line":7,"column":64},"end":{"line":15,"column":1}},"line":7}},"branchMap":{"0":{"loc":{"start":{"line":7,"column":34},"end":{"line":7,"column":40}},"type":"default-arg","locations":[{"start":{"line":7,"column":39},"end":{"line":7,"column":40}}],"line":7}},"s":{"0":0},"f":{"0":0},"b":{"0":[0]}}
,"/home/runner/work/web-components/web-components/src/components/Dropdown.tsx": {"path":"/home/runner/work/web-components/web-components/src/components/Dropdown.tsx","statementMap":{"0":{"start":{"line":17,"column":18},"end":{"line":21,"column":3}},"1":{"start":{"line":17,"column":36},"end":{"line":21,"column":1}},"2":{"start":{"line":24,"column":20},"end":{"line":26,"column":3}},"3":{"start":{"line":25,"column":4},"end":{"line":25,"column":43}},"4":{"start":{"line":27,"column":18},"end":{"line":27,"column":29}},"5":{"start":{"line":29,"column":2},"end":{"line":40,"column":4}},"6":{"start":{"line":34,"column":10},"end":{"line":36,"column":21}},"7":{"start":{"line":87,"column":80},"end":{"line":87,"column":85}},"8":{"start":{"line":89,"column":23},"end":{"line":89,"column":80}},"9":{"start":{"line":89,"column":49},"end":{"line":89,"column":79}},"10":{"start":{"line":91,"column":23},"end":{"line":98,"column":3}},"11":{"start":{"line":92,"column":19},"end":{"line":95,"column":5}},"12":{"start":{"line":97,"column":4},"end":{"line":97,"column":54}},"13":{"start":{"line":100,"column":2},"end":{"line":110,"column":3}},"14":{"start":{"line":101,"column":4},"end":{"line":109,"column":6}},"15":{"start":{"line":106,"column":49},"end":{"line":106,"column":104}},"16":{"start":{"line":107,"column":41},"end":{"line":107,"column":81}},"17":{"start":{"line":112,"column":2},"end":{"line":123,"column":4}},"18":{"start":{"line":117,"column":53},"end":{"line":117,"column":72}},"19":{"start":{"line":119,"column":29},"end":{"line":119,"column":71}},"20":{"start":{"line":120,"column":46},"end":{"line":120,"column":65}},"21":{"start":{"line":121,"column":42},"end":{"line":121,"column":64}}},"fnMap":{"0":{"name":"(anonymous_0)","decl":{"start":{"line":17,"column":29},"end":{"line":17,"column":30}},"loc":{"start":{"line":17,"column":36},"end":{"line":21,"column":1}},"line":17},"1":{"name":"DropdownV1","decl":{"start":{"line":23,"column":16},"end":{"line":23,"column":26}},"loc":{"start":{"line":23,"column":100},"end":{"line":41,"column":1}},"line":23},"2":{"name":"(anonymous_2)","decl":{"start":{"line":24,"column":20},"end":{"line":24,"column":21}},"loc":{"start":{"line":24,"column":83},"end":{"line":26,"column":3}},"line":24},"3":{"name":"(anonymous_3)","decl":{"start":{"line":33,"column":21},"end":{"line":33,"column":22}},"loc":{"start":{"line":34,"column":10},"end":{"line":36,"column":21}},"line":34},"4":{"name":"Dropdown","decl":{"start":{"line":86,"column":24},"end":{"line":86,"column":32}},"loc":{"start":{"line":86,"column":68},"end":{"line":124,"column":1}},"line":86},"5":{"name":"(anonymous_5)","decl":{"start":{"line":89,"column":37},"end":{"line":89,"column":38}},"loc":{"start":{"line":89,"column":49},"end":{"line":89,"column":79}},"line":89},"6":{"name":"(anonymous_6)","decl":{"start":{"line":91,"column":23},"end":{"line":91,"column":24}},"loc":{"start":{"line":91,"column":66},"end":{"line":98,"column":3}},"line":91},"7":{"name":"(anonymous_7)","decl":{"start":{"line":106,"column":17},"end":{"line":106,"column":18}},"loc":{"start":{"line":106,"column":49},"end":{"line":106,"column":104}},"line":106},"8":{"name":"(anonymous_8)","decl":{"start":{"line":107,"column":18},"end":{"line":107,"column":19}},"loc":{"start":{"line":107,"column":41},"end":{"line":107,"column":81}},"line":107},"9":{"name":"(anonymous_9)","decl":{"start":{"line":117,"column":15},"end":{"line":117,"column":16}},"loc":{"start":{"line":117,"column":53},"end":{"line":117,"column":72}},"line":117},"10":{"name":"(anonymous_10)","decl":{"start":{"line":119,"column":11},"end":{"line":119,"column":12}},"loc":{"start":{"line":119,"column":29},"end":{"line":119,"column":71}},"line":119},"11":{"name":"(anonymous_11)","decl":{"start":{"line":120,"column":20},"end":{"line":120,"column":21}},"loc":{"start":{"line":120,"column":46},"end":{"line":120,"column":65}},"line":120},"12":{"name":"(anonymous_12)","decl":{"start":{"line":121,"column":16},"end":{"line":121,"column":17}},"loc":{"start":{"line":121,"column":42},"end":{"line":121,"column":64}},"line":121}},"branchMap":{"0":{"loc":{"start":{"line":93,"column":18},"end":{"line":93,"column":47}},"type":"binary-expr","locations":[{"start":{"line":93,"column":18},"end":{"line":93,"column":35}},{"start":{"line":93,"column":39},"end":{"line":93,"column":47}}],"line":93},"1":{"loc":{"start":{"line":94,"column":17},"end":{"line":94,"column":45}},"type":"binary-expr","locations":[{"start":{"line":94,"column":17},"end":{"line":94,"column":33}},{"start":{"line":94,"column":37},"end":{"line":94,"column":45}}],"line":94},"2":{"loc":{"start":{"line":100,"column":2},"end":{"line":110,"column":3}},"type":"if","locations":[{"start":{"line":100,"column":2},"end":{"line":110,"column":3}},{"start":{},"end":{}}],"line":100},"3":{"loc":{"start":{"line":104,"column":17},"end":{"line":104,"column":30}},"type":"binary-expr","locations":[{"start":{"line":104,"column":17},"end":{"line":104,"column":24}},{"start":{"line":104,"column":28},"end":{"line":104,"column":30}}],"line":104},"4":{"loc":{"start":{"line":105,"column":18},"end":{"line":105,"column":36}},"type":"binary-expr","locations":[{"start":{"line":105,"column":18},"end":{"line":105,"column":30}},{"start":{"line":105,"column":34},"end":{"line":105,"column":36}}],"line":105},"5":{"loc":{"start":{"line":120,"column":46},"end":{"line":120,"column":65}},"type":"binary-expr","locations":[{"start":{"line":120,"column":46},"end":{"line":120,"column":59}},{"start":{"line":120,"column":63},"end":{"line":120,"column":65}}],"line":120}},"s":{"0":0,"1":0,"2":0,"3":0,"4":0,"5":0,"6":0,"7":0,"8":0,"9":0,"10":0,"11":0,"12":0,"13":0,"14":0,"15":0,"16":0,"17":0,"18":0,"19":0,"20":0,"21":0},"f":{"0":0,"1":0,"2":0,"3":0,"4":0,"5":0,"6":0,"7":0,"8":0,"9":0,"10":0,"11":0,"12":0},"b":{"0":[0,0],"1":[0,0],"2":[0,0],"3":[0,0],"4":[0,0],"5":[0,0]}}
,"/home/runner/work/web-components/web-components/src/components/Note.tsx": {"path":"/home/runner/work/web-components/web-components/src/components/Note.tsx","statementMap":{"0":{"start":{"line":5,"column":18},"end":{"line":12,"column":3}},"1":{"start":{"line":5,"column":48},"end":{"line":12,"column":1}},"2":{"start":{"line":19,"column":18},"end":{"line":19,"column":29}},"3":{"start":{"line":21,"column":2},"end":{"line":25,"column":4}}},"fnMap":{"0":{"name":"(anonymous_0)","decl":{"start":{"line":5,"column":29},"end":{"line":5,"column":30}},"loc":{"start":{"line":5,"column":48},"end":{"line":12,"column":1}},"line":5},"1":{"name":"Note","decl":{"start":{"line":18,"column":24},"end":{"line":18,"column":28}},"loc":{"start":{"line":18,"column":63},"end":{"line":26,"column":1}},"line":18}},"branchMap":{},"s":{"0":0,"1":0,"2":0,"3":0},"f":{"0":0,"1":0},"b":{}}
,"/home/runner/work/web-components/web-components/src/components/RadioButton.tsx": {"path":"/home/runner/work/web-components/web-components/src/components/RadioButton.tsx","statementMap":{"0":{"start":{"line":13,"column":19},"end":{"line":15,"column":3}},"1":{"start":{"line":14,"column":4},"end":{"line":14,"column":28}},"2":{"start":{"line":17,"column":2},"end":{"line":24,"column":4}}},"fnMap":{"0":{"name":"RadioButton","decl":{"start":{"line":12,"column":24},"end":{"line":12,"column":35}},"loc":{"start":{"line":12,"column":63},"end":{"line":25,"column":1}},"line":12},"1":{"name":"(anonymous_1)","decl":{"start":{"line":13,"column":19},"end":{"line":13,"column":20}},"loc":{"start":{"line":13,"column":80},"end":{"line":15,"column":3}},"line":13}},"branchMap":{"0":{"loc":{"start":{"line":22,"column":72},"end":{"line":22,"column":92}},"type":"binary-expr","locations":[{"start":{"line":22,"column":72},"end":{"line":22,"column":83}},{"start":{"line":22,"column":87},"end":{"line":22,"column":92}}],"line":22}},"s":{"0":0,"1":0,"2":0},"f":{"0":0,"1":0},"b":{"0":[0,0]}}
,"/home/runner/work/web-components/web-components/src/components/Size.ts": {"path":"/home/runner/work/web-components/web-components/src/components/Size.ts","statementMap":{},"fnMap":{},"branchMap":{},"s":{},"f":{},"b":{}}
,"/home/runner/work/web-components/web-components/src/components/SummaryBox.tsx": {"path":"/home/runner/work/web-components/web-components/src/components/SummaryBox.tsx","statementMap":{"0":{"start":{"line":6,"column":18},"end":{"line":40,"column":3}},"1":{"start":{"line":6,"column":48},"end":{"line":40,"column":1}},"2":{"start":{"line":52,"column":18},"end":{"line":52,"column":29}},"3":{"start":{"line":55,"column":4},"end":{"line":61,"column":27}},"4":{"start":{"line":63,"column":2},"end":{"line":75,"column":4}}},"fnMap":{"0":{"name":"(anonymous_0)","decl":{"start":{"line":6,"column":29},"end":{"line":6,"column":30}},"loc":{"start":{"line":6,"column":48},"end":{"line":40,"column":1}},"line":6},"1":{"name":"SummaryBox","decl":{"start":{"line":51,"column":24},"end":{"line":51,"column":34}},"loc":{"start":{"line":51,"column":117},"end":{"line":76,"column":1}},"line":51}},"branchMap":{"0":{"loc":{"start":{"line":51,"column":51},"end":{"line":51,"column":70}},"type":"default-arg","locations":[{"start":{"line":51,"column":61},"end":{"line":51,"column":70}}],"line":51},"1":{"loc":{"start":{"line":55,"column":4},"end":{"line":61,"column":27}},"type":"cond-expr","locations":[{"start":{"line":56,"column":8},"end":{"line":56,"column":30}},{"start":{"line":57,"column":8},"end":{"line":61,"column":27}}],"line":55},"2":{"loc":{"start":{"line":57,"column":8},"end":{"line":61,"column":27}},"type":"cond-expr","locations":[{"start":{"line":58,"column":8},"end":{"line":58,"column":32}},{"start":{"line":59,"column":8},"end":{"line":61,"column":27}}],"line":57},"3":{"loc":{"start":{"line":59,"column":8},"end":{"line":61,"column":27}},"type":"cond-expr","locations":[{"start":{"line":60,"column":8},"end":{"line":60,"column":20}},{"start":{"line":61,"column":8},"end":{"line":61,"column":27}}],"line":59},"4":{"loc":{"start":{"line":65,"column":7},"end":{"line":69,"column":7}},"type":"binary-expr","locations":[{"start":{"line":65,"column":7},"end":{"line":65,"column":11}},{"start":{"line":66,"column":8},"end":{"line":68,"column":21}}],"line":65}},"s":{"0":0,"1":0,"2":0,"3":0,"4":0},"f":{"0":0,"1":0},"b":{"0":[0],"1":[0,0],"2":[0,0],"3":[0,0],"4":[0,0]}}
,"/home/runner/work/web-components/web-components/src/components/Autocomplete/Autocomplete.tsx": {"path":"/home/runner/work/web-components/web-components/src/components/Autocomplete/Autocomplete.tsx","statementMap":{"0":{"start":{"line":28,"column":16},"end":{"line":28,"column":89}},"1":{"start":{"line":28,"column":36},"end":{"line":28,"column":89}},"2":{"start":{"line":46,"column":26},"end":{"line":54,"column":3}},"3":{"start":{"line":47,"column":4},"end":{"line":53,"column":5}},"4":{"start":{"line":48,"column":6},"end":{"line":52,"column":7}},"5":{"start":{"line":49,"column":8},"end":{"line":49,"column":24}},"6":{"start":{"line":51,"column":8},"end":{"line":51,"column":21}},"7":{"start":{"line":56,"column":22},"end":{"line":80,"column":3}},"8":{"start":{"line":57,"column":4},"end":{"line":79,"column":10}},"9":{"start":{"line":82,"column":28},"end":{"line":82,"column":30}},"10":{"start":{"line":84,"column":2},"end":{"line":86,"column":3}},"11":{"start":{"line":85,"column":4},"end":{"line":85,"column":34}},"12":{"start":{"line":88,"column":2},"end":{"line":93,"column":3}},"13":{"start":{"line":89,"column":4},"end":{"line":89,"column":48}},"14":{"start":{"line":91,"column":4},"end":{"line":92,"column":62}},"15":{"start":{"line":92,"column":6},"end":{"line":92,"column":61}},"16":{"start":{"line":95,"column":2},"end":{"line":133,"column":4}},"17":{"start":{"line":101,"column":8},"end":{"line":103,"column":9}},"18":{"start":{"line":102,"column":10},"end":{"line":102,"column":36}},"19":{"start":{"line":105,"column":8},"end":{"line":105,"column":28}},"20":{"start":{"line":108,"column":49},"end":{"line":108,"column":90}}},"fnMap":{"0":{"name":"(anonymous_0)","decl":{"start":{"line":28,"column":16},"end":{"line":28,"column":17}},"loc":{"start":{"line":28,"column":36},"end":{"line":28,"column":89}},"line":28},"1":{"name":"Autocomplete","decl":{"start":{"line":30,"column":24},"end":{"line":30,"column":36}},"loc":{"start":{"line":45,"column":23},"end":{"line":134,"column":1}},"line":45},"2":{"name":"(anonymous_2)","decl":{"start":{"line":46,"column":26},"end":{"line":46,"column":27}},"loc":{"start":{"line":46,"column":77},"end":{"line":54,"column":3}},"line":46},"3":{"name":"(anonymous_3)","decl":{"start":{"line":56,"column":22},"end":{"line":56,"column":23}},"loc":{"start":{"line":57,"column":4},"end":{"line":79,"column":10}},"line":57},"4":{"name":"(anonymous_4)","decl":{"start":{"line":91,"column":40},"end":{"line":91,"column":41}},"loc":{"start":{"line":92,"column":6},"end":{"line":92,"column":61}},"line":92},"5":{"name":"(anonymous_5)","decl":{"start":{"line":100,"column":22},"end":{"line":100,"column":23}},"loc":{"start":{"line":100,"column":39},"end":{"line":106,"column":7}},"line":100},"6":{"name":"(anonymous_6)","decl":{"start":{"line":108,"column":21},"end":{"line":108,"column":22}},"loc":{"start":{"line":108,"column":49},"end":{"line":108,"column":90}},"line":108}},"branchMap":{"0":{"loc":{"start":{"line":47,"column":4},"end":{"line":53,"column":5}},"type":"if","locations":[{"start":{"line":47,"column":4},"end":{"line":53,"column":5}},{"start":{},"end":{}}],"line":47},"1":{"loc":{"start":{"line":48,"column":6},"end":{"line":52,"column":7}},"type":"if","locations":[{"start":{"line":48,"column":6},"end":{"line":52,"column":7}},{"start":{"line":50,"column":13},"end":{"line":52,"column":7}}],"line":48},"2":{"loc":{"start":{"line":58,"column":7},"end":{"line":63,"column":7}},"type":"binary-expr","locations":[{"start":{"line":58,"column":7},"end":{"line":58,"column":12}},{"start":{"line":59,"column":8},"end":{"line":62,"column":16}}],"line":58},"3":{"loc":{"start":{"line":60,"column":19},"end":{"line":60,"column":38}},"type":"cond-expr","locations":[{"start":{"line":60,"column":30},"end":{"line":60,"column":33}},{"start":{"line":60,"column":36},"end":{"line":60,"column":38}}],"line":60},"4":{"loc":{"start":{"line":61,"column":11},"end":{"line":61,"column":79}},"type":"binary-expr","locations":[{"start":{"line":61,"column":11},"end":{"line":61,"column":23}},{"start":{"line":61,"column":27},"end":{"line":61,"column":79}}],"line":61},"5":{"loc":{"start":{"line":69,"column":19},"end":{"line":69,"column":58}},"type":"cond-expr","locations":[{"start":{"line":69,"column":31},"end":{"line":69,"column":53}},{"start":{"line":69,"column":56},"end":{"line":69,"column":58}}],"line":69},"6":{"loc":{"start":{"line":71,"column":7},"end":{"line":78,"column":7}},"type":"binary-expr","locations":[{"start":{"line":71,"column":7},"end":{"line":71,"column":16}},{"start":{"line":72,"column":8},"end":{"line":77,"column":14}}],"line":71},"7":{"loc":{"start":{"line":84,"column":2},"end":{"line":86,"column":3}},"type":"if","locations":[{"start":{"line":84,"column":2},"end":{"line":86,"column":3}},{"start":{},"end":{}}],"line":84},"8":{"loc":{"start":{"line":88,"column":2},"end":{"line":93,"column":3}},"type":"if","locations":[{"start":{"line":88,"column":2},"end":{"line":93,"column":3}},{"start":{"line":90,"column":9},"end":{"line":93,"column":3}}],"line":88},"9":{"loc":{"start":{"line":92,"column":6},"end":{"line":92,"column":61}},"type":"binary-expr","locations":[{"start":{"line":92,"column":6},"end":{"line":92,"column":22}},{"start":{"line":92,"column":27},"end":{"line":92,"column":42}},{"start":{"line":92,"column":46},"end":{"line":92,"column":60}}],"line":92},"10":{"loc":{"start":{"line":101,"column":8},"end":{"line":103,"column":9}},"type":"if","locations":[{"start":{"line":101,"column":8},"end":{"line":103,"column":9}},{"start":{},"end":{}}],"line":101},"11":{"loc":{"start":{"line":102,"column":17},"end":{"line":102,"column":35}},"type":"binary-expr","locations":[{"start":{"line":102,"column":17},"end":{"line":102,"column":29}},{"start":{"line":102,"column":33},"end":{"line":102,"column":35}}],"line":102},"12":{"loc":{"start":{"line":105,"column":15},"end":{"line":105,"column":27}},"type":"binary-expr","locations":[{"start":{"line":105,"column":15},"end":{"line":105,"column":21}},{"start":{"line":105,"column":25},"end":{"line":105,"column":27}}],"line":105},"13":{"loc":{"start":{"line":108,"column":49},"end":{"line":108,"column":90}},"type":"binary-expr","locations":[{"start":{"line":108,"column":49},"end":{"line":108,"column":57}},{"start":{"line":108,"column":61},"end":{"line":108,"column":90}}],"line":108}},"s":{"0":0,"1":0,"2":0,"3":0,"4":0,"5":0,"6":0,"7":0,"8":0,"9":0,"10":0,"11":0,"12":0,"13":0,"14":0,"15":0,"16":0,"17":0,"18":0,"19":0,"20":0},"f":{"0":0,"1":0,"2":0,"3":0,"4":0,"5":0,"6":0},"b":{"0":[0,0],"1":[0,0],"2":[0,0],"3":[0,0],"4":[0,0],"5":[0,0],"6":[0,0],"7":[0,0],"8":[0,0],"9":[0,0,0],"10":[0,0],"11":[0,0],"12":[0,0],"13":[0,0]}}
,"/home/runner/work/web-components/web-components/src/components/Badge/index.tsx": {"path":"/home/runner/work/web-components/web-components/src/components/Badge/index.tsx","statementMap":{"0":{"start":{"line":11,"column":14},"end":{"line":32,"column":1}},"1":{"start":{"line":12,"column":16},"end":{"line":12,"column":26}},"2":{"start":{"line":13,"column":26},"end":{"line":13,"column":81}},"3":{"start":{"line":14,"column":22},"end":{"line":14,"column":75}},"4":{"start":{"line":15,"column":21},"end":{"line":15,"column":52}},"5":{"start":{"line":17,"column":2},"end":{"line":31,"column":4}}},"fnMap":{"0":{"name":"(anonymous_0)","decl":{"start":{"line":11,"column":14},"end":{"line":11,"column":15}},"loc":{"start":{"line":11,"column":50},"end":{"line":32,"column":1}},"line":11}},"branchMap":{"0":{"loc":{"start":{"line":13,"column":26},"end":{"line":13,"column":81}},"type":"binary-expr","locations":[{"start":{"line":13,"column":26},"end":{"line":13,"column":47}},{"start":{"line":13,"column":51},"end":{"line":13,"column":81}}],"line":13},"1":{"loc":{"start":{"line":14,"column":22},"end":{"line":14,"column":75}},"type":"binary-expr","locations":[{"start":{"line":14,"column":22},"end":{"line":14,"column":39}},{"start":{"line":14,"column":43},"end":{"line":14,"column":75}}],"line":14},"2":{"loc":{"start":{"line":15,"column":21},"end":{"line":15,"column":52}},"type":"binary-expr","locations":[{"start":{"line":15,"column":21},"end":{"line":15,"column":37}},{"start":{"line":15,"column":41},"end":{"line":15,"column":52}}],"line":15}},"s":{"0":0,"1":0,"2":0,"3":0,"4":0,"5":0},"f":{"0":0},"b":{"0":[0,0],"1":[0,0],"2":[0,0]}}
,"/home/runner/work/web-components/web-components/src/components/BusySpinner/index.tsx": {"path":"/home/runner/work/web-components/web-components/src/components/BusySpinner/index.tsx","statementMap":{"0":{"start":{"line":11,"column":16},"end":{"line":11,"column":26}},"1":{"start":{"line":13,"column":2},"end":{"line":47,"column":4}}},"fnMap":{"0":{"name":"BusySpinner","decl":{"start":{"line":10,"column":24},"end":{"line":10,"column":35}},"loc":{"start":{"line":10,"column":96},"end":{"line":48,"column":1}},"line":10}},"branchMap":{"0":{"loc":{"start":{"line":21,"column":25},"end":{"line":23,"column":18}},"type":"cond-expr","locations":[{"start":{"line":22,"column":12},"end":{"line":22,"column":91}},{"start":{"line":23,"column":12},"end":{"line":23,"column":18}}],"line":21},"1":{"loc":{"start":{"line":25,"column":25},"end":{"line":29,"column":99}},"type":"cond-expr","locations":[{"start":{"line":26,"column":12},"end":{"line":26,"column":18}},{"start":{"line":27,"column":12},"end":{"line":29,"column":99}}],"line":25}},"s":{"0":0,"1":0},"f":{"0":0},"b":{"0":[0,0],"1":[0,0]}}
,"/home/runner/work/web-components/web-components/src/components/Button/Button.tsx": {"path":"/home/runner/work/web-components/web-components/src/components/Button/Button.tsx","statementMap":{"0":{"start":{"line":9,"column":18},"end":{"line":15,"column":3}},"1":{"start":{"line":9,"column":36},"end":{"line":15,"column":1}},"2":{"start":{"line":49,"column":6},"end":{"line":49,"column":11}},"3":{"start":{"line":50,"column":18},"end":{"line":50,"column":29}},"4":{"start":{"line":52,"column":2},"end":{"line":68,"column":4}}},"fnMap":{"0":{"name":"(anonymous_0)","decl":{"start":{"line":9,"column":29},"end":{"line":9,"column":30}},"loc":{"start":{"line":9,"column":36},"end":{"line":15,"column":1}},"line":9},"1":{"name":"Button","decl":{"start":{"line":35,"column":24},"end":{"line":35,"column":30}},"loc":{"start":{"line":35,"column":58},"end":{"line":69,"column":1}},"line":35}},"branchMap":{"0":{"loc":{"start":{"line":39,"column":4},"end":{"line":39,"column":23}},"type":"default-arg","locations":[{"start":{"line":39,"column":11},"end":{"line":39,"column":23}}],"line":39},"1":{"loc":{"start":{"line":40,"column":4},"end":{"line":40,"column":24}},"type":"default-arg","locations":[{"start":{"line":40,"column":15},"end":{"line":40,"column":24}}],"line":40},"2":{"loc":{"start":{"line":41,"column":4},"end":{"line":41,"column":18}},"type":"default-arg","locations":[{"start":{"line":41,"column":11},"end":{"line":41,"column":18}}],"line":41},"3":{"loc":{"start":{"line":57,"column":8},"end":{"line":57,"column":53}},"type":"cond-expr","locations":[{"start":{"line":57,"column":30},"end":{"line":57,"column":48}},{"start":{"line":57,"column":51},"end":{"line":57,"column":53}}],"line":57},"4":{"loc":{"start":{"line":57,"column":8},"end":{"line":57,"column":27}},"type":"binary-expr","locations":[{"start":{"line":57,"column":8},"end":{"line":57,"column":12}},{"start":{"line":57,"column":16},"end":{"line":57,"column":27}}],"line":57},"5":{"loc":{"start":{"line":58,"column":10},"end":{"line":58,"column":66}},"type":"cond-expr","locations":[{"start":{"line":58,"column":37},"end":{"line":58,"column":61}},{"start":{"line":58,"column":64},"end":{"line":58,"column":66}}],"line":58},"6":{"loc":{"start":{"line":58,"column":10},"end":{"line":58,"column":34}},"type":"binary-expr","locations":[{"start":{"line":58,"column":10},"end":{"line":58,"column":19}},{"start":{"line":58,"column":23},"end":{"line":58,"column":34}}],"line":58},"7":{"loc":{"start":{"line":59,"column":8},"end":{"line":59,"column":39}},"type":"cond-expr","locations":[{"start":{"line":59,"column":17},"end":{"line":59,"column":34}},{"start":{"line":59,"column":37},"end":{"line":59,"column":39}}],"line":59},"8":{"loc":{"start":{"line":59,"column":43},"end":{"line":59,"column":58}},"type":"binary-expr","locations":[{"start":{"line":59,"column":43},"end":{"line":59,"column":52}},{"start":{"line":59,"column":56},"end":{"line":59,"column":58}}],"line":59},"9":{"loc":{"start":{"line":63,"column":7},"end":{"line":63,"column":81}},"type":"binary-expr","locations":[{"start":{"line":63,"column":7},"end":{"line":63,"column":17}},{"start":{"line":63,"column":21},"end":{"line":63,"column":81}}],"line":63},"10":{"loc":{"start":{"line":64,"column":7},"end":{"line":64,"column":62}},"type":"binary-expr","locations":[{"start":{"line":64,"column":7},"end":{"line":64,"column":18}},{"start":{"line":64,"column":22},"end":{"line":64,"column":26}},{"start":{"line":64,"column":30},"end":{"line":64,"column":62}}],"line":64},"11":{"loc":{"start":{"line":65,"column":7},"end":{"line":65,"column":38}},"type":"binary-expr","locations":[{"start":{"line":65,"column":7},"end":{"line":65,"column":18}},{"start":{"line":65,"column":22},"end":{"line":65,"column":29}},{"start":{"line":65,"column":33},"end":{"line":65,"column":38}}],"line":65},"12":{"loc":{"start":{"line":66,"column":7},"end":{"line":66,"column":95}},"type":"binary-expr","locations":[{"start":{"line":66,"column":7},"end":{"line":66,"column":18}},{"start":{"line":66,"column":22},"end":{"line":66,"column":31}},{"start":{"line":66,"column":35},"end":{"line":66,"column":95}}],"line":66}},"s":{"0":1,"1":2,"2":2,"3":2,"4":2},"f":{"0":2,"1":2},"b":{"0":[2],"1":[2],"2":[2],"3":[0,2],"4":[2,0],"5":[0,2],"6":[2,0],"7":[0,2],"8":[2,2],"9":[2,0],"10":[2,2,0],"11":[2,2,2],"12":[2,2,0]},"_coverageSchema":"1a1c01bbd47fc00a2c39e90264f33305004495a9","hash":"eec849aaa2f880b6eea514221e4227f5c4b7ae9c"}
,"/home/runner/work/web-components/web-components/src/components/Confirm/index.tsx": {"path":"/home/runner/work/web-components/web-components/src/components/Confirm/index.tsx","statementMap":{"0":{"start":{"line":47,"column":16},"end":{"line":47,"column":26}},"1":{"start":{"line":49,"column":24},"end":{"line":88,"column":4}},"2":{"start":{"line":50,"column":20},"end":{"line":61,"column":5}},"3":{"start":{"line":63,"column":4},"end":{"line":74,"column":5}},"4":{"start":{"line":64,"column":6},"end":{"line":73,"column":8}},"5":{"start":{"line":76,"column":4},"end":{"line":76,"column":19}},"6":{"start":{"line":90,"column":18},"end":{"line":121,"column":33}},"7":{"start":{"line":91,"column":17},"end":{"line":109,"column":5}},"8":{"start":{"line":92,"column":6},"end":{"line":108,"column":8}},"9":{"start":{"line":110,"column":4},"end":{"line":120,"column":5}},"10":{"start":{"line":111,"column":6},"end":{"line":111,"column":27}},"11":{"start":{"line":112,"column":11},"end":{"line":120,"column":5}},"12":{"start":{"line":113,"column":6},"end":{"line":117,"column":8}},"13":{"start":{"line":115,"column":35},"end":{"line":115,"column":59}},"14":{"start":{"line":119,"column":6},"end":{"line":119,"column":21}},"15":{"start":{"line":123,"column":2},"end":{"line":133,"column":4}}},"fnMap":{"0":{"name":"Confirm","decl":{"start":{"line":30,"column":24},"end":{"line":30,"column":31}},"loc":{"start":{"line":46,"column":30},"end":{"line":134,"column":1}},"line":46},"1":{"name":"(anonymous_1)","decl":{"start":{"line":49,"column":32},"end":{"line":49,"column":33}},"loc":{"start":{"line":49,"column":38},"end":{"line":77,"column":3}},"line":49},"2":{"name":"(anonymous_2)","decl":{"start":{"line":90,"column":26},"end":{"line":90,"column":27}},"loc":{"start":{"line":90,"column":32},"end":{"line":121,"column":3}},"line":90},"3":{"name":"(anonymous_3)","decl":{"start":{"line":91,"column":17},"end":{"line":91,"column":18}},"loc":{"start":{"line":91,"column":48},"end":{"line":109,"column":5}},"line":91},"4":{"name":"(anonymous_4)","decl":{"start":{"line":115,"column":23},"end":{"line":115,"column":24}},"loc":{"start":{"line":115,"column":35},"end":{"line":115,"column":59}},"line":115}},"branchMap":{"0":{"loc":{"start":{"line":54,"column":12},"end":{"line":54,"column":47}},"type":"binary-expr","locations":[{"start":{"line":54,"column":12},"end":{"line":54,"column":27}},{"start":{"line":54,"column":31},"end":{"line":54,"column":47}}],"line":54},"1":{"loc":{"start":{"line":58,"column":18},"end":{"line":58,"column":52}},"type":"binary-expr","locations":[{"start":{"line":58,"column":18},"end":{"line":58,"column":39}},{"start":{"line":58,"column":43},"end":{"line":58,"column":52}}],"line":58},"2":{"loc":{"start":{"line":59,"column":14},"end":{"line":59,"column":47}},"type":"binary-expr","locations":[{"start":{"line":59,"column":14},"end":{"line":59,"column":31}},{"start":{"line":59,"column":35},"end":{"line":59,"column":47}}],"line":59},"3":{"loc":{"start":{"line":63,"column":4},"end":{"line":74,"column":5}},"type":"if","locations":[{"start":{"line":63,"column":4},"end":{"line":74,"column":5}},{"start":{},"end":{}}],"line":63},"4":{"loc":{"start":{"line":63,"column":8},"end":{"line":63,"column":34}},"type":"binary-expr","locations":[{"start":{"line":63,"column":8},"end":{"line":63,"column":15}},{"start":{"line":63,"column":19},"end":{"line":63,"column":34}}],"line":63},"5":{"loc":{"start":{"line":66,"column":14},"end":{"line":66,"column":46}},"type":"binary-expr","locations":[{"start":{"line":66,"column":14},"end":{"line":66,"column":27}},{"start":{"line":66,"column":31},"end":{"line":66,"column":46}}],"line":66},"6":{"loc":{"start":{"line":105,"column":16},"end":{"line":105,"column":31}},"type":"binary-expr","locations":[{"start":{"line":105,"column":16},"end":{"line":105,"column":25}},{"start":{"line":105,"column":29},"end":{"line":105,"column":31}}],"line":105},"7":{"loc":{"start":{"line":110,"column":4},"end":{"line":120,"column":5}},"type":"if","locations":[{"start":{"line":110,"column":4},"end":{"line":120,"column":5}},{"start":{"line":112,"column":11},"end":{"line":120,"column":5}}],"line":110},"8":{"loc":{"start":{"line":112,"column":11},"end":{"line":120,"column":5}},"type":"if","locations":[{"start":{"line":112,"column":11},"end":{"line":120,"column":5}},{"start":{"line":118,"column":11},"end":{"line":120,"column":5}}],"line":112},"9":{"loc":{"start":{"line":126,"column":12},"end":{"line":126,"column":24}},"type":"binary-expr","locations":[{"start":{"line":126,"column":12},"end":{"line":126,"column":16}},{"start":{"line":126,"column":20},"end":{"line":126,"column":24}}],"line":126},"10":{"loc":{"start":{"line":128,"column":12},"end":{"line":128,"column":28}},"type":"binary-expr","locations":[{"start":{"line":128,"column":12},"end":{"line":128,"column":16}},{"start":{"line":128,"column":20},"end":{"line":128,"column":28}}],"line":128}},"s":{"0":0,"1":0,"2":0,"3":0,"4":0,"5":0,"6":0,"7":0,"8":0,"9":0,"10":0,"11":0,"12":0,"13":0,"14":0,"15":0},"f":{"0":0,"1":0,"2":0,"3":0,"4":0},"b":{"0":[0,0],"1":[0,0],"2":[0,0],"3":[0,0],"4":[0,0],"5":[0,0],"6":[0,0],"7":[0,0],"8":[0,0],"9":[0,0],"10":[0,0]}}
,"/home/runner/work/web-components/web-components/src/components/DatePicker/DatePicker.tsx": {"path":"/home/runner/work/web-components/web-components/src/components/DatePicker/DatePicker.tsx","statementMap":{"0":{"start":{"line":47,"column":23},"end":{"line":55,"column":1}},"1":{"start":{"line":48,"column":2},"end":{"line":50,"column":3}},"2":{"start":{"line":49,"column":4},"end":{"line":49,"column":16}},"3":{"start":{"line":52,"column":15},"end":{"line":52,"column":41}},"4":{"start":{"line":54,"column":2},"end":{"line":54,"column":38}},"5":{"start":{"line":58,"column":44},"end":{"line":58,"column":121}},"6":{"start":{"line":59,"column":40},"end":{"line":59,"column":119}},"7":{"start":{"line":60,"column":40},"end":{"line":60,"column":119}},"8":{"start":{"line":61,"column":17},"end":{"line":61,"column":37}},"9":{"start":{"line":62,"column":2},"end":{"line":62,"column":51}},"10":{"start":{"line":64,"column":2},"end":{"line":72,"column":43}},"11":{"start":{"line":65,"column":4},"end":{"line":71,"column":7}},"12":{"start":{"line":66,"column":6},"end":{"line":70,"column":7}},"13":{"start":{"line":67,"column":8},"end":{"line":67,"column":66}},"14":{"start":{"line":69,"column":8},"end":{"line":69,"column":20}},"15":{"start":{"line":74,"column":2},"end":{"line":76,"column":45}},"16":{"start":{"line":75,"column":4},"end":{"line":75,"column":73}},"17":{"start":{"line":78,"column":2},"end":{"line":80,"column":45}},"18":{"start":{"line":79,"column":4},"end":{"line":79,"column":73}},"19":{"start":{"line":87,"column":22},"end":{"line":108,"column":3}},"20":{"start":{"line":88,"column":4},"end":{"line":107,"column":7}},"21":{"start":{"line":113,"column":2},"end":{"line":142,"column":4}},"22":{"start":{"line":127,"column":12},"end":{"line":127,"column":39}},"23":{"start":{"line":129,"column":12},"end":{"line":131,"column":13}},"24":{"start":{"line":130,"column":14},"end":{"line":130,"column":88}},"25":{"start":{"line":132,"column":12},"end":{"line":134,"column":13}},"26":{"start":{"line":133,"column":14},"end":{"line":133,"column":86}}},"fnMap":{"0":{"name":"(anonymous_0)","decl":{"start":{"line":47,"column":23},"end":{"line":47,"column":24}},"loc":{"start":{"line":47,"column":93},"end":{"line":55,"column":1}},"line":47},"1":{"name":"DatePicker","decl":{"start":{"line":57,"column":24},"end":{"line":57,"column":34}},"loc":{"start":{"line":57,"column":62},"end":{"line":143,"column":1}},"line":57},"2":{"name":"(anonymous_2)","decl":{"start":{"line":64,"column":18},"end":{"line":64,"column":19}},"loc":{"start":{"line":64,"column":24},"end":{"line":72,"column":3}},"line":64},"3":{"name":"(anonymous_3)","decl":{"start":{"line":65,"column":21},"end":{"line":65,"column":22}},"loc":{"start":{"line":65,"column":31},"end":{"line":71,"column":5}},"line":65},"4":{"name":"(anonymous_4)","decl":{"start":{"line":74,"column":18},"end":{"line":74,"column":19}},"loc":{"start":{"line":74,"column":24},"end":{"line":76,"column":3}},"line":74},"5":{"name":"(anonymous_5)","decl":{"start":{"line":78,"column":18},"end":{"line":78,"column":19}},"loc":{"start":{"line":78,"column":24},"end":{"line":80,"column":3}},"line":78},"6":{"name":"(anonymous_6)","decl":{"start":{"line":87,"column":22},"end":{"line":87,"column":23}},"loc":{"start":{"line":88,"column":4},"end":{"line":107,"column":7}},"line":88},"7":{"name":"(anonymous_7)","decl":{"start":{"line":126,"column":20},"end":{"line":126,"column":21}},"loc":{"start":{"line":126,"column":51},"end":{"line":135,"column":11}},"line":126}},"branchMap":{"0":{"loc":{"start":{"line":48,"column":2},"end":{"line":50,"column":3}},"type":"if","locations":[{"start":{"line":48,"column":2},"end":{"line":50,"column":3}},{"start":{},"end":{}}],"line":48},"1":{"loc":{"start":{"line":54,"column":9},"end":{"line":54,"column":37}},"type":"cond-expr","locations":[{"start":{"line":54,"column":25},"end":{"line":54,"column":30}},{"start":{"line":54,"column":33},"end":{"line":54,"column":37}}],"line":54},"2":{"loc":{"start":{"line":61,"column":17},"end":{"line":61,"column":37}},"type":"binary-expr","locations":[{"start":{"line":61,"column":17},"end":{"line":61,"column":29}},{"start":{"line":61,"column":33},"end":{"line":61,"column":37}}],"line":61},"3":{"loc":{"start":{"line":66,"column":6},"end":{"line":70,"column":7}},"type":"if","locations":[{"start":{"line":66,"column":6},"end":{"line":70,"column":7}},{"start":{"line":68,"column":13},"end":{"line":70,"column":7}}],"line":66},"4":{"loc":{"start":{"line":66,"column":10},"end":{"line":66,"column":45}},"type":"binary-expr","locations":[{"start":{"line":66,"column":10},"end":{"line":66,"column":30}},{"start":{"line":66,"column":34},"end":{"line":66,"column":45}}],"line":66},"5":{"loc":{"start":{"line":99,"column":7},"end":{"line":106,"column":7}},"type":"binary-expr","locations":[{"start":{"line":99,"column":7},"end":{"line":99,"column":22}},{"start":{"line":100,"column":8},"end":{"line":105,"column":14}}],"line":99},"6":{"loc":{"start":{"line":114,"column":54},"end":{"line":114,"column":97}},"type":"cond-expr","locations":[{"start":{"line":114,"column":72},"end":{"line":114,"column":92}},{"start":{"line":114,"column":95},"end":{"line":114,"column":97}}],"line":114},"7":{"loc":{"start":{"line":116,"column":9},"end":{"line":120,"column":9}},"type":"binary-expr","locations":[{"start":{"line":116,"column":9},"end":{"line":116,"column":20}},{"start":{"line":117,"column":10},"end":{"line":119,"column":18}}],"line":116},"8":{"loc":{"start":{"line":124,"column":19},"end":{"line":124,"column":79}},"type":"cond-expr","locations":[{"start":{"line":124,"column":56},"end":{"line":124,"column":67}},{"start":{"line":124,"column":70},"end":{"line":124,"column":79}}],"line":124},"9":{"loc":{"start":{"line":124,"column":19},"end":{"line":124,"column":53}},"type":"binary-expr","locations":[{"start":{"line":124,"column":19},"end":{"line":124,"column":30}},{"start":{"line":124,"column":34},"end":{"line":124,"column":53}}],"line":124},"10":{"loc":{"start":{"line":125,"column":19},"end":{"line":125,"column":79}},"type":"cond-expr","locations":[{"start":{"line":125,"column":56},"end":{"line":125,"column":67}},{"start":{"line":125,"column":70},"end":{"line":125,"column":79}}],"line":125},"11":{"loc":{"start":{"line":125,"column":19},"end":{"line":125,"column":53}},"type":"binary-expr","locations":[{"start":{"line":125,"column":19},"end":{"line":125,"column":30}},{"start":{"line":125,"column":34},"end":{"line":125,"column":53}}],"line":125},"12":{"loc":{"start":{"line":129,"column":12},"end":{"line":131,"column":13}},"type":"if","locations":[{"start":{"line":129,"column":12},"end":{"line":131,"column":13}},{"start":{},"end":{}}],"line":129},"13":{"loc":{"start":{"line":130,"column":29},"end":{"line":130,"column":86}},"type":"cond-expr","locations":[{"start":{"line":130,"column":60},"end":{"line":130,"column":79}},{"start":{"line":130,"column":82},"end":{"line":130,"column":86}}],"line":130},"14":{"loc":{"start":{"line":130,"column":29},"end":{"line":130,"column":57}},"type":"binary-expr","locations":[{"start":{"line":130,"column":29},"end":{"line":130,"column":37}},{"start":{"line":130,"column":41},"end":{"line":130,"column":57}}],"line":130},"15":{"loc":{"start":{"line":132,"column":12},"end":{"line":134,"column":13}},"type":"if","locations":[{"start":{"line":132,"column":12},"end":{"line":134,"column":13}},{"start":{},"end":{}}],"line":132},"16":{"loc":{"start":{"line":133,"column":33},"end":{"line":133,"column":84}},"type":"cond-expr","locations":[{"start":{"line":133,"column":64},"end":{"line":133,"column":72}},{"start":{"line":133,"column":75},"end":{"line":133,"column":84}}],"line":133},"17":{"loc":{"start":{"line":133,"column":33},"end":{"line":133,"column":61}},"type":"binary-expr","locations":[{"start":{"line":133,"column":33},"end":{"line":133,"column":41}},{"start":{"line":133,"column":45},"end":{"line":133,"column":61}}],"line":133}},"s":{"0":0,"1":0,"2":0,"3":0,"4":0,"5":0,"6":0,"7":0,"8":0,"9":0,"10":0,"11":0,"12":0,"13":0,"14":0,"15":0,"16":0,"17":0,"18":0,"19":0,"20":0,"21":0,"22":0,"23":0,"24":0,"25":0,"26":0},"f":{"0":0,"1":0,"2":0,"3":0,"4":0,"5":0,"6":0,"7":0},"b":{"0":[0,0],"1":[0,0],"2":[0,0],"3":[0,0],"4":[0,0],"5":[0,0],"6":[0,0],"7":[0,0],"8":[0,0],"9":[0,0],"10":[0,0],"11":[0,0],"12":[0,0],"13":[0,0],"14":[0,0],"15":[0,0],"16":[0,0],"17":[0,0]}}
,"/home/runner/work/web-components/web-components/src/components/DialogBox/DialogBox.tsx": {"path":"/home/runner/work/web-components/web-components/src/components/DialogBox/DialogBox.tsx","statementMap":{"0":{"start":{"line":25,"column":4},"end":{"line":25,"column":9}},"1":{"start":{"line":27,"column":20},"end":{"line":27,"column":63}},"2":{"start":{"line":29,"column":23},"end":{"line":29,"column":38}},"3":{"start":{"line":31,"column":2},"end":{"line":86,"column":11}},"4":{"start":{"line":58,"column":38},"end":{"line":62,"column":21}},"5":{"start":{"line":64,"column":20},"end":{"line":64,"column":37}},"6":{"start":{"line":72,"column":36},"end":{"line":76,"column":19}},"7":{"start":{"line":78,"column":18},"end":{"line":78,"column":35}}},"fnMap":{"0":{"name":"DialogBox","decl":{"start":{"line":23,"column":24},"end":{"line":23,"column":33}},"loc":{"start":{"line":23,"column":68},"end":{"line":87,"column":1}},"line":23},"1":{"name":"(anonymous_1)","decl":{"start":{"line":57,"column":37},"end":{"line":57,"column":38}},"loc":{"start":{"line":57,"column":52},"end":{"line":65,"column":19}},"line":57},"2":{"name":"(anonymous_2)","decl":{"start":{"line":71,"column":36},"end":{"line":71,"column":37}},"loc":{"start":{"line":71,"column":51},"end":{"line":79,"column":17}},"line":71}},"branchMap":{"0":{"loc":{"start":{"line":27,"column":20},"end":{"line":27,"column":63}},"type":"binary-expr","locations":[{"start":{"line":27,"column":20},"end":{"line":27,"column":30}},{"start":{"line":27,"column":34},"end":{"line":27,"column":46}},{"start":{"line":27,"column":50},"end":{"line":27,"column":63}}],"line":27},"1":{"loc":{"start":{"line":31,"column":9},"end":{"line":86,"column":10}},"type":"cond-expr","locations":[{"start":{"line":32,"column":4},"end":{"line":85,"column":10}},{"start":{"line":86,"column":6},"end":{"line":86,"column":10}}],"line":31},"2":{"loc":{"start":{"line":33,"column":40},"end":{"line":33,"column":62}},"type":"cond-expr","locations":[{"start":{"line":33,"column":48},"end":{"line":33,"column":57}},{"start":{"line":33,"column":60},"end":{"line":33,"column":62}}],"line":33},"3":{"loc":{"start":{"line":33,"column":66},"end":{"line":33,"column":116}},"type":"cond-expr","locations":[{"start":{"line":33,"column":73},"end":{"line":33,"column":93}},{"start":{"line":33,"column":96},"end":{"line":33,"column":116}}],"line":33},"4":{"loc":{"start":{"line":34,"column":8},"end":{"line":34,"column":32}},"type":"cond-expr","locations":[{"start":{"line":34,"column":19},"end":{"line":34,"column":27}},{"start":{"line":34,"column":30},"end":{"line":34,"column":32}}],"line":34},"5":{"loc":{"start":{"line":46,"column":22},"end":{"line":46,"column":83}},"type":"cond-expr","locations":[{"start":{"line":46,"column":34},"end":{"line":46,"column":52}},{"start":{"line":46,"column":55},"end":{"line":46,"column":83}}],"line":46},"6":{"loc":{"start":{"line":46,"column":88},"end":{"line":46,"column":115}},"type":"cond-expr","locations":[{"start":{"line":46,"column":99},"end":{"line":46,"column":110}},{"start":{"line":46,"column":113},"end":{"line":46,"column":115}}],"line":46},"7":{"loc":{"start":{"line":51,"column":9},"end":{"line":83,"column":9}},"type":"binary-expr","locations":[{"start":{"line":51,"column":9},"end":{"line":51,"column":18}},{"start":{"line":52,"column":10},"end":{"line":82,"column":16}}],"line":51},"8":{"loc":{"start":{"line":53,"column":13},"end":{"line":68,"column":13}},"type":"binary-expr","locations":[{"start":{"line":53,"column":13},"end":{"line":53,"column":23}},{"start":{"line":54,"column":14},"end":{"line":67,"column":20}}],"line":53},"9":{"loc":{"start":{"line":61,"column":50},"end":{"line":61,"column":75}},"type":"binary-expr","locations":[{"start":{"line":61,"column":50},"end":{"line":61,"column":63}},{"start":{"line":61,"column":67},"end":{"line":61,"column":75}}],"line":61},"10":{"loc":{"start":{"line":69,"column":13},"end":{"line":81,"column":13}},"type":"binary-expr","locations":[{"start":{"line":69,"column":13},"end":{"line":69,"column":26}},{"start":{"line":70,"column":14},"end":{"line":80,"column":20}}],"line":69},"11":{"loc":{"start":{"line":75,"column":48},"end":{"line":75,"column":73}},"type":"binary-expr","locations":[{"start":{"line":75,"column":48},"end":{"line":75,"column":61}},{"start":{"line":75,"column":65},"end":{"line":75,"column":73}}],"line":75}},"s":{"0":0,"1":0,"2":0,"3":0,"4":0,"5":0,"6":0,"7":0},"f":{"0":0,"1":0,"2":0},"b":{"0":[0,0,0],"1":[0,0],"2":[0,0],"3":[0,0],"4":[0,0],"5":[0,0],"6":[0,0],"7":[0,0],"8":[0,0],"9":[0,0],"10":[0,0],"11":[0,0]}}
,"/home/runner/work/web-components/web-components/src/components/ErrorBox/ErrorBox.tsx": {"path":"/home/runner/work/web-components/web-components/src/components/ErrorBox/ErrorBox.tsx","statementMap":{"0":{"start":{"line":16,"column":58},"end":{"line":16,"column":63}},"1":{"start":{"line":17,"column":23},"end":{"line":17,"column":38}},"2":{"start":{"line":19,"column":2},"end":{"line":34,"column":4}}},"fnMap":{"0":{"name":"ErrorBox","decl":{"start":{"line":15,"column":24},"end":{"line":15,"column":32}},"loc":{"start":{"line":15,"column":60},"end":{"line":35,"column":1}},"line":15}},"branchMap":{"0":{"loc":{"start":{"line":20,"column":46},"end":{"line":20,"column":70}},"type":"cond-expr","locations":[{"start":{"line":20,"column":57},"end":{"line":20,"column":65}},{"start":{"line":20,"column":68},"end":{"line":20,"column":70}}],"line":20},"1":{"loc":{"start":{"line":24,"column":11},"end":{"line":24,"column":60}},"type":"binary-expr","locations":[{"start":{"line":24,"column":11},"end":{"line":24,"column":16}},{"start":{"line":24,"column":20},"end":{"line":24,"column":60}}],"line":24},"2":{"loc":{"start":{"line":28,"column":7},"end":{"line":32,"column":7}},"type":"binary-expr","locations":[{"start":{"line":28,"column":7},"end":{"line":28,"column":17}},{"start":{"line":28,"column":21},"end":{"line":28,"column":28}},{"start":{"line":29,"column":8},"end":{"line":31,"column":14}}],"line":28}},"s":{"0":0,"1":0,"2":0},"f":{"0":0},"b":{"0":[0,0],"1":[0,0],"2":[0,0,0]}}
,"/home/runner/work/web-components/web-components/src/components/FileChooser/index.tsx": {"path":"/home/runner/work/web-components/web-components/src/components/FileChooser/index.tsx","statementMap":{"0":{"start":{"line":10,"column":18},"end":{"line":33,"column":3}},"1":{"start":{"line":10,"column":48},"end":{"line":33,"column":1}},"2":{"start":{"line":76,"column":6},"end":{"line":76,"column":11}},"3":{"start":{"line":77,"column":23},"end":{"line":77,"column":38}},"4":{"start":{"line":78,"column":18},"end":{"line":78,"column":29}},"5":{"start":{"line":79,"column":19},"end":{"line":79,"column":49}},"6":{"start":{"line":80,"column":16},"end":{"line":80,"column":26}},"7":{"start":{"line":81,"column":32},"end":{"line":81,"column":56}},"8":{"start":{"line":83,"column":2},"end":{"line":85,"column":21}},"9":{"start":{"line":84,"column":4},"end":{"line":84,"column":31}},"10":{"start":{"line":87,"column":19},"end":{"line":100,"column":3}},"11":{"start":{"line":88,"column":29},"end":{"line":88,"column":31}},"12":{"start":{"line":90,"column":4},"end":{"line":95,"column":5}},"13":{"start":{"line":90,"column":17},"end":{"line":90,"column":18}},"14":{"start":{"line":91,"column":23},"end":{"line":91,"column":39}},"15":{"start":{"line":92,"column":6},"end":{"line":94,"column":7}},"16":{"start":{"line":93,"column":8},"end":{"line":93,"column":32}},"17":{"start":{"line":97,"column":4},"end":{"line":99,"column":5}},"18":{"start":{"line":98,"column":6},"end":{"line":98,"column":67}},"19":{"start":{"line":102,"column":22},"end":{"line":105,"column":3}},"20":{"start":{"line":103,"column":4},"end":{"line":103,"column":27}},"21":{"start":{"line":104,"column":4},"end":{"line":104,"column":39}},"22":{"start":{"line":107,"column":25},"end":{"line":109,"column":3}},"23":{"start":{"line":108,"column":4},"end":{"line":108,"column":27}},"24":{"start":{"line":111,"column":30},"end":{"line":114,"column":3}},"25":{"start":{"line":112,"column":4},"end":{"line":112,"column":30}},"26":{"start":{"line":113,"column":4},"end":{"line":113,"column":24}},"27":{"start":{"line":116,"column":23},"end":{"line":123,"column":3}},"28":{"start":{"line":117,"column":4},"end":{"line":119,"column":5}},"29":{"start":{"line":118,"column":6},"end":{"line":118,"column":24}},"30":{"start":{"line":120,"column":4},"end":{"line":122,"column":5}},"31":{"start":{"line":121,"column":6},"end":{"line":121,"column":42}},"32":{"start":{"line":125,"column":2},"end":{"line":171,"column":4}}},"fnMap":{"0":{"name":"(anonymous_0)","decl":{"start":{"line":10,"column":29},"end":{"line":10,"column":30}},"loc":{"start":{"line":10,"column":48},"end":{"line":33,"column":1}},"line":10},"1":{"name":"FileChooser","decl":{"start":{"line":59,"column":24},"end":{"line":59,"column":35}},"loc":{"start":{"line":59,"column":74},"end":{"line":172,"column":1}},"line":59},"2":{"name":"(anonymous_2)","decl":{"start":{"line":83,"column":12},"end":{"line":83,"column":13}},"loc":{"start":{"line":83,"column":18},"end":{"line":85,"column":3}},"line":83},"3":{"name":"(anonymous_3)","decl":{"start":{"line":87,"column":19},"end":{"line":87,"column":20}},"loc":{"start":{"line":87,"column":43},"end":{"line":100,"column":3}},"line":87},"4":{"name":"(anonymous_4)","decl":{"start":{"line":102,"column":22},"end":{"line":102,"column":23}},"loc":{"start":{"line":102,"column":66},"end":{"line":105,"column":3}},"line":102},"5":{"name":"(anonymous_5)","decl":{"start":{"line":107,"column":25},"end":{"line":107,"column":26}},"loc":{"start":{"line":107,"column":69},"end":{"line":109,"column":3}},"line":107},"6":{"name":"(anonymous_6)","decl":{"start":{"line":111,"column":30},"end":{"line":111,"column":31}},"loc":{"start":{"line":111,"column":36},"end":{"line":114,"column":3}},"line":111},"7":{"name":"(anonymous_7)","decl":{"start":{"line":116,"column":23},"end":{"line":116,"column":24}},"loc":{"start":{"line":116,"column":71},"end":{"line":123,"column":3}},"line":116}},"branchMap":{"0":{"loc":{"start":{"line":92,"column":6},"end":{"line":94,"column":7}},"type":"if","locations":[{"start":{"line":92,"column":6},"end":{"line":94,"column":7}},{"start":{},"end":{}}],"line":92},"1":{"loc":{"start":{"line":97,"column":4},"end":{"line":99,"column":5}},"type":"if","locations":[{"start":{"line":97,"column":4},"end":{"line":99,"column":5}},{"start":{},"end":{}}],"line":97},"2":{"loc":{"start":{"line":98,"column":20},"end":{"line":98,"column":31}},"type":"binary-expr","locations":[{"start":{"line":98,"column":20},"end":{"line":98,"column":25}},{"start":{"line":98,"column":29},"end":{"line":98,"column":31}}],"line":98},"3":{"loc":{"start":{"line":117,"column":4},"end":{"line":119,"column":5}},"type":"if","locations":[{"start":{"line":117,"column":4},"end":{"line":119,"column":5}},{"start":{},"end":{}}],"line":117},"4":{"loc":{"start":{"line":120,"column":4},"end":{"line":122,"column":5}},"type":"if","locations":[{"start":{"line":120,"column":4},"end":{"line":122,"column":5}},{"start":{},"end":{}}],"line":120},"5":{"loc":{"start":{"line":137,"column":7},"end":{"line":137,"column":82}},"type":"binary-expr","locations":[{"start":{"line":137,"column":7},"end":{"line":137,"column":15}},{"start":{"line":137,"column":19},"end":{"line":137,"column":82}}],"line":137},"6":{"loc":{"start":{"line":139,"column":9},"end":{"line":139,"column":100}},"type":"binary-expr","locations":[{"start":{"line":139,"column":9},"end":{"line":139,"column":17}},{"start":{"line":139,"column":22},"end":{"line":139,"column":99}}],"line":139},"7":{"loc":{"start":{"line":139,"column":22},"end":{"line":139,"column":99}},"type":"cond-expr","locations":[{"start":{"line":139,"column":71},"end":{"line":139,"column":86}},{"start":{"line":139,"column":89},"end":{"line":139,"column":99}}],"line":139},"8":{"loc":{"start":{"line":139,"column":22},"end":{"line":139,"column":68}},"type":"binary-expr","locations":[{"start":{"line":139,"column":22},"end":{"line":139,"column":46}},{"start":{"line":139,"column":50},"end":{"line":139,"column":68}}],"line":139},"9":{"loc":{"start":{"line":139,"column":23},"end":{"line":139,"column":34}},"type":"binary-expr","locations":[{"start":{"line":139,"column":23},"end":{"line":139,"column":28}},{"start":{"line":139,"column":32},"end":{"line":139,"column":34}}],"line":139},"10":{"loc":{"start":{"line":142,"column":9},"end":{"line":146,"column":29}},"type":"cond-expr","locations":[{"start":{"line":143,"column":12},"end":{"line":143,"column":28}},{"start":{"line":144,"column":12},"end":{"line":146,"column":29}}],"line":142},"11":{"loc":{"start":{"line":142,"column":9},"end":{"line":142,"column":68}},"type":"binary-expr","locations":[{"start":{"line":142,"column":10},"end":{"line":142,"column":17}},{"start":{"line":142,"column":21},"end":{"line":142,"column":45}},{"start":{"line":142,"column":50},"end":{"line":142,"column":68}}],"line":142},"12":{"loc":{"start":{"line":142,"column":22},"end":{"line":142,"column":33}},"type":"binary-expr","locations":[{"start":{"line":142,"column":22},"end":{"line":142,"column":27}},{"start":{"line":142,"column":31},"end":{"line":142,"column":33}}],"line":142},"13":{"loc":{"start":{"line":144,"column":12},"end":{"line":146,"column":29}},"type":"cond-expr","locations":[{"start":{"line":145,"column":12},"end":{"line":145,"column":35}},{"start":{"line":146,"column":12},"end":{"line":146,"column":29}}],"line":144},"14":{"loc":{"start":{"line":144,"column":12},"end":{"line":144,"column":47}},"type":"binary-expr","locations":[{"start":{"line":144,"column":12},"end":{"line":144,"column":20}},{"start":{"line":144,"column":24},"end":{"line":144,"column":47}}],"line":144},"15":{"loc":{"start":{"line":154,"column":18},"end":{"line":154,"column":44}},"type":"binary-expr","locations":[{"start":{"line":154,"column":18},"end":{"line":154,"column":35}},{"start":{"line":154,"column":39},"end":{"line":154,"column":44}}],"line":154},"16":{"loc":{"start":{"line":159,"column":18},"end":{"line":159,"column":83}},"type":"cond-expr","locations":[{"start":{"line":159,"column":43},"end":{"line":159,"column":75}},{"start":{"line":159,"column":78},"end":{"line":159,"column":83}}],"line":159},"17":{"loc":{"start":{"line":159,"column":44},"end":{"line":159,"column":55}},"type":"binary-expr","locations":[{"start":{"line":159,"column":44},"end":{"line":159,"column":49}},{"start":{"line":159,"column":53},"end":{"line":159,"column":55}}],"line":159},"18":{"loc":{"start":{"line":160,"column":15},"end":{"line":160,"column":111}},"type":"cond-expr","locations":[{"start":{"line":160,"column":79},"end":{"line":160,"column":94}},{"start":{"line":160,"column":97},"end":{"line":160,"column":111}}],"line":160},"19":{"loc":{"start":{"line":160,"column":15},"end":{"line":160,"column":76}},"type":"binary-expr","locations":[{"start":{"line":160,"column":15},"end":{"line":160,"column":33}},{"start":{"line":160,"column":38},"end":{"line":160,"column":64}},{"start":{"line":160,"column":68},"end":{"line":160,"column":75}}],"line":160},"20":{"loc":{"start":{"line":160,"column":39},"end":{"line":160,"column":50}},"type":"binary-expr","locations":[{"start":{"line":160,"column":39},"end":{"line":160,"column":44}},{"start":{"line":160,"column":48},"end":{"line":160,"column":50}}],"line":160},"21":{"loc":{"start":{"line":165,"column":7},"end":{"line":169,"column":7}},"type":"binary-expr","locations":[{"start":{"line":165,"column":7},"end":{"line":165,"column":15}},{"start":{"line":166,"column":8},"end":{"line":168,"column":15}}],"line":165}},"s":{"0":0,"1":0,"2":0,"3":0,"4":0,"5":0,"6":0,"7":0,"8":0,"9":0,"10":0,"11":0,"12":0,"13":0,"14":0,"15":0,"16":0,"17":0,"18":0,"19":0,"20":0,"21":0,"22":0,"23":0,"24":0,"25":0,"26":0,"27":0,"28":0,"29":0,"30":0,"31":0,"32":0},"f":{"0":0,"1":0,"2":0,"3":0,"4":0,"5":0,"6":0,"7":0},"b":{"0":[0,0],"1":[0,0],"2":[0,0],"3":[0,0],"4":[0,0],"5":[0,0],"6":[0,0],"7":[0,0],"8":[0,0],"9":[0,0],"10":[0,0],"11":[0,0,0],"12":[0,0],"13":[0,0],"14":[0,0],"15":[0,0],"16":[0,0],"17":[0,0],"18":[0,0],"19":[0,0,0],"20":[0,0],"21":[0,0]}}
,"/home/runner/work/web-components/web-components/src/components/FormBottomBar/index.tsx": {"path":"/home/runner/work/web-components/web-components/src/components/FormBottomBar/index.tsx","statementMap":{"0":{"start":{"line":36,"column":34},"end":{"line":36,"column":49}},"1":{"start":{"line":37,"column":16},"end":{"line":37,"column":26}},"2":{"start":{"line":39,"column":2},"end":{"line":110,"column":4}},"3":{"start":{"line":84,"column":12},"end":{"line":96,"column":14}}},"fnMap":{"0":{"name":"FormBottomBar","decl":{"start":{"line":26,"column":24},"end":{"line":26,"column":37}},"loc":{"start":{"line":35,"column":23},"end":{"line":111,"column":1}},"line":35},"1":{"name":"(anonymous_1)","decl":{"start":{"line":83,"column":37},"end":{"line":83,"column":38}},"loc":{"start":{"line":84,"column":12},"end":{"line":96,"column":14}},"line":84}},"branchMap":{"0":{"loc":{"start":{"line":43,"column":60},"end":{"line":43,"column":82}},"type":"cond-expr","locations":[{"start":{"line":43,"column":72},"end":{"line":43,"column":78}},{"start":{"line":43,"column":81},"end":{"line":43,"column":82}}],"line":43},"1":{"loc":{"start":{"line":58,"column":23},"end":{"line":58,"column":58}},"type":"cond-expr","locations":[{"start":{"line":58,"column":34},"end":{"line":58,"column":50}},{"start":{"line":58,"column":53},"end":{"line":58,"column":58}}],"line":58},"2":{"loc":{"start":{"line":59,"column":17},"end":{"line":59,"column":74}},"type":"cond-expr","locations":[{"start":{"line":59,"column":29},"end":{"line":59,"column":40}},{"start":{"line":59,"column":43},"end":{"line":59,"column":74}}],"line":59},"3":{"loc":{"start":{"line":60,"column":15},"end":{"line":60,"column":56}},"type":"cond-expr","locations":[{"start":{"line":60,"column":27},"end":{"line":60,"column":47}},{"start":{"line":60,"column":50},"end":{"line":60,"column":56}}],"line":60},"4":{"loc":{"start":{"line":65,"column":12},"end":{"line":65,"column":41}},"type":"binary-expr","locations":[{"start":{"line":65,"column":12},"end":{"line":65,"column":20}},{"start":{"line":65,"column":24},"end":{"line":65,"column":41}}],"line":65},"5":{"loc":{"start":{"line":72,"column":21},"end":{"line":72,"column":57}},"type":"cond-expr","locations":[{"start":{"line":72,"column":32},"end":{"line":72,"column":48}},{"start":{"line":72,"column":51},"end":{"line":72,"column":57}}],"line":72},"6":{"loc":{"start":{"line":79,"column":25},"end":{"line":79,"column":60}},"type":"cond-expr","locations":[{"start":{"line":79,"column":36},"end":{"line":79,"column":52}},{"start":{"line":79,"column":55},"end":{"line":79,"column":60}}],"line":79},"7":{"loc":{"start":{"line":82,"column":9},"end":{"line":97,"column":12}},"type":"binary-expr","locations":[{"start":{"line":82,"column":9},"end":{"line":82,"column":31}},{"start":{"line":83,"column":10},"end":{"line":97,"column":12}}],"line":82},"8":{"loc":{"start":{"line":94,"column":27},"end":{"line":94,"column":63}},"type":"cond-expr","locations":[{"start":{"line":94,"column":38},"end":{"line":94,"column":54}},{"start":{"line":94,"column":57},"end":{"line":94,"column":63}}],"line":94},"9":{"loc":{"start":{"line":99,"column":14},"end":{"line":99,"column":39}},"type":"binary-expr","locations":[{"start":{"line":99,"column":14},"end":{"line":99,"column":20}},{"start":{"line":99,"column":24},"end":{"line":99,"column":39}}],"line":99},"10":{"loc":{"start":{"line":105,"column":23},"end":{"line":105,"column":59}},"type":"cond-expr","locations":[{"start":{"line":105,"column":34},"end":{"line":105,"column":50}},{"start":{"line":105,"column":53},"end":{"line":105,"column":59}}],"line":105}},"s":{"0":0,"1":0,"2":0,"3":0},"f":{"0":0,"1":0},"b":{"0":[0,0],"1":[0,0],"2":[0,0],"3":[0,0],"4":[0,0],"5":[0,0],"6":[0,0],"7":[0,0],"8":[0,0],"9":[0,0],"10":[0,0]}}
,"/home/runner/work/web-components/web-components/src/components/Icon/Icon.tsx": {"path":"/home/runner/work/web-components/web-components/src/components/Icon/Icon.tsx","statementMap":{"0":{"start":{"line":11,"column":18},"end":{"line":17,"column":3}},"1":{"start":{"line":11,"column":36},"end":{"line":17,"column":1}},"2":{"start":{"line":14,"column":35},"end":{"line":14,"column":50}},"3":{"start":{"line":28,"column":18},"end":{"line":28,"column":42}},"4":{"start":{"line":29,"column":23},"end":{"line":29,"column":34}},"5":{"start":{"line":31,"column":2},"end":{"line":36,"column":4}}},"fnMap":{"0":{"name":"(anonymous_0)","decl":{"start":{"line":11,"column":29},"end":{"line":11,"column":30}},"loc":{"start":{"line":11,"column":36},"end":{"line":17,"column":1}},"line":11},"1":{"name":"(anonymous_1)","decl":{"start":{"line":14,"column":12},"end":{"line":14,"column":13}},"loc":{"start":{"line":14,"column":35},"end":{"line":14,"column":50}},"line":14},"2":{"name":"Icon","decl":{"start":{"line":27,"column":24},"end":{"line":27,"column":28}},"loc":{"start":{"line":27,"column":104},"end":{"line":37,"column":1}},"line":27}},"branchMap":{"0":{"loc":{"start":{"line":27,"column":31},"end":{"line":27,"column":45}},"type":"default-arg","locations":[{"start":{"line":27,"column":38},"end":{"line":27,"column":45}}],"line":27},"1":{"loc":{"start":{"line":33,"column":45},"end":{"line":33,"column":60}},"type":"binary-expr","locations":[{"start":{"line":33,"column":45},"end":{"line":33,"column":54}},{"start":{"line":33,"column":58},"end":{"line":33,"column":60}}],"line":33},"2":{"loc":{"start":{"line":33,"column":64},"end":{"line":33,"column":93}},"type":"cond-expr","locations":[{"start":{"line":33,"column":76},"end":{"line":33,"column":88}},{"start":{"line":33,"column":91},"end":{"line":33,"column":93}}],"line":33}},"s":{"0":2,"1":3,"2":6,"3":6,"4":6,"5":6},"f":{"0":3,"1":6,"2":6},"b":{"0":[6],"1":[6,0],"2":[0,6]},"_coverageSchema":"1a1c01bbd47fc00a2c39e90264f33305004495a9","hash":"57ee498c79743421e9bfa86dc691a0436f3e090c"}
,"/home/runner/work/web-components/web-components/src/components/Icon/icons/index.tsx": {"path":"/home/runner/work/web-components/web-components/src/components/Icon/icons/index.tsx","statementMap":{"0":{"start":{"line":213,"column":46},"end":{"line":315,"column":1}}},"fnMap":{},"branchMap":{},"s":{"0":2},"f":{},"b":{},"_coverageSchema":"1a1c01bbd47fc00a2c39e90264f33305004495a9","hash":"7e838f0fe0f4131670ccc8d2731754791118e073"}
,"/home/runner/work/web-components/web-components/src/components/IconTooltip/index.tsx": {"path":"/home/runner/work/web-components/web-components/src/components/IconTooltip/index.tsx","statementMap":{"0":{"start":{"line":13,"column":18},"end":{"line":31,"column":3}},"1":{"start":{"line":13,"column":48},"end":{"line":31,"column":1}},"2":{"start":{"line":20,"column":41},"end":{"line":20,"column":81}},"3":{"start":{"line":46,"column":26},"end":{"line":46,"column":47}},"4":{"start":{"line":47,"column":23},"end":{"line":47,"column":38}},"5":{"start":{"line":48,"column":18},"end":{"line":48,"column":51}},"6":{"start":{"line":50,"column":29},"end":{"line":52,"column":3}},"7":{"start":{"line":51,"column":4},"end":{"line":51,"column":19}},"8":{"start":{"line":54,"column":28},"end":{"line":56,"column":3}},"9":{"start":{"line":55,"column":4},"end":{"line":55,"column":18}},"10":{"start":{"line":58,"column":2},"end":{"line":77,"column":4}}},"fnMap":{"0":{"name":"(anonymous_0)","decl":{"start":{"line":13,"column":29},"end":{"line":13,"column":30}},"loc":{"start":{"line":13,"column":48},"end":{"line":31,"column":1}},"line":13},"1":{"name":"(anonymous_1)","decl":{"start":{"line":20,"column":17},"end":{"line":20,"column":18}},"loc":{"start":{"line":20,"column":41},"end":{"line":20,"column":81}},"line":20},"2":{"name":"IconTooltip","decl":{"start":{"line":40,"column":24},"end":{"line":40,"column":35}},"loc":{"start":{"line":45,"column":34},"end":{"line":78,"column":1}},"line":45},"3":{"name":"(anonymous_3)","decl":{"start":{"line":50,"column":29},"end":{"line":50,"column":30}},"loc":{"start":{"line":50,"column":35},"end":{"line":52,"column":3}},"line":50},"4":{"name":"(anonymous_4)","decl":{"start":{"line":54,"column":28},"end":{"line":54,"column":29}},"loc":{"start":{"line":54,"column":34},"end":{"line":56,"column":3}},"line":54}},"branchMap":{"0":{"loc":{"start":{"line":20,"column":41},"end":{"line":20,"column":81}},"type":"cond-expr","locations":[{"start":{"line":20,"column":68},"end":{"line":20,"column":73}},{"start":{"line":20,"column":76},"end":{"line":20,"column":81}}],"line":20},"1":{"loc":{"start":{"line":41,"column":2},"end":{"line":41,"column":19}},"type":"default-arg","locations":[{"start":{"line":41,"column":13},"end":{"line":41,"column":19}}],"line":41},"2":{"loc":{"start":{"line":42,"column":2},"end":{"line":42,"column":25}},"type":"default-arg","locations":[{"start":{"line":42,"column":14},"end":{"line":42,"column":25}}],"line":42},"3":{"loc":{"start":{"line":66,"column":12},"end":{"line":66,"column":39}},"type":"cond-expr","locations":[{"start":{"line":66,"column":23},"end":{"line":66,"column":27}},{"start":{"line":66,"column":30},"end":{"line":66,"column":39}}],"line":66},"4":{"loc":{"start":{"line":69,"column":18},"end":{"line":69,"column":46}},"type":"cond-expr","locations":[{"start":{"line":69,"column":29},"end":{"line":69,"column":36}},{"start":{"line":69,"column":39},"end":{"line":69,"column":46}}],"line":69}},"s":{"0":1,"1":0,"2":0,"3":0,"4":0,"5":0,"6":0,"7":0,"8":0,"9":0,"10":0},"f":{"0":0,"1":0,"2":0,"3":0,"4":0},"b":{"0":[0,0],"1":[0],"2":[0],"3":[0,0],"4":[0,0]},"_coverageSchema":"1a1c01bbd47fc00a2c39e90264f33305004495a9","hash":"c3ffd49723ae19d118b2d1c63376c5e0c0381c93"}
,"/home/runner/work/web-components/web-components/src/components/Message/Message.tsx": {"path":"/home/runner/work/web-components/web-components/src/components/Message/Message.tsx","statementMap":{"0":{"start":{"line":19,"column":108},"end":{"line":19,"column":113}},"1":{"start":{"line":20,"column":23},"end":{"line":20,"column":38}},"2":{"start":{"line":22,"column":2},"end":{"line":67,"column":4}},"3":{"start":{"line":44,"column":44},"end":{"line":48,"column":19}},"4":{"start":{"line":50,"column":18},"end":{"line":50,"column":43}}},"fnMap":{"0":{"name":"Message","decl":{"start":{"line":18,"column":24},"end":{"line":18,"column":31}},"loc":{"start":{"line":18,"column":66},"end":{"line":68,"column":1}},"line":18},"1":{"name":"(anonymous_1)","decl":{"start":{"line":43,"column":34},"end":{"line":43,"column":35}},"loc":{"start":{"line":43,"column":57},"end":{"line":51,"column":17}},"line":43}},"branchMap":{"0":{"loc":{"start":{"line":23,"column":78},"end":{"line":23,"column":114}},"type":"cond-expr","locations":[{"start":{"line":23,"column":89},"end":{"line":23,"column":109}},{"start":{"line":23,"column":112},"end":{"line":23,"column":114}}],"line":23},"1":{"loc":{"start":{"line":24,"column":7},"end":{"line":28,"column":7}},"type":"binary-expr","locations":[{"start":{"line":24,"column":7},"end":{"line":24,"column":23}},{"start":{"line":25,"column":8},"end":{"line":27,"column":14}}],"line":24},"2":{"loc":{"start":{"line":31,"column":11},"end":{"line":31,"column":85}},"type":"binary-expr","locations":[{"start":{"line":31,"column":11},"end":{"line":31,"column":26}},{"start":{"line":31,"column":30},"end":{"line":31,"column":85}}],"line":31},"3":{"loc":{"start":{"line":33,"column":13},"end":{"line":37,"column":13}},"type":"binary-expr","locations":[{"start":{"line":33,"column":13},"end":{"line":33,"column":18}},{"start":{"line":34,"column":14},"end":{"line":36,"column":20}}],"line":33},"4":{"loc":{"start":{"line":39,"column":13},"end":{"line":39,"column":60}},"type":"cond-expr","locations":[{"start":{"line":39,"column":40},"end":{"line":39,"column":53}},{"start":{"line":39,"column":56},"end":{"line":39,"column":60}}],"line":39},"5":{"loc":{"start":{"line":41,"column":13},"end":{"line":53,"column":20}},"type":"cond-expr","locations":[{"start":{"line":42,"column":14},"end":{"line":52,"column":20}},{"start":{"line":53,"column":16},"end":{"line":53,"column":20}}],"line":41},"6":{"loc":{"start":{"line":41,"column":13},"end":{"line":41,"column":69}},"type":"binary-expr","locations":[{"start":{"line":41,"column":13},"end":{"line":41,"column":28}},{"start":{"line":41,"column":32},"end":{"line":41,"column":43}},{"start":{"line":41,"column":47},"end":{"line":41,"column":69}}],"line":41},"7":{"loc":{"start":{"line":47,"column":56},"end":{"line":47,"column":89}},"type":"binary-expr","locations":[{"start":{"line":47,"column":56},"end":{"line":47,"column":77}},{"start":{"line":47,"column":81},"end":{"line":47,"column":89}}],"line":47},"8":{"loc":{"start":{"line":56,"column":9},"end":{"line":64,"column":16}},"type":"cond-expr","locations":[{"start":{"line":57,"column":10},"end":{"line":59,"column":19}},{"start":{"line":60,"column":12},"end":{"line":64,"column":16}}],"line":56},"9":{"loc":{"start":{"line":56,"column":9},"end":{"line":56,"column":39}},"type":"binary-expr","locations":[{"start":{"line":56,"column":9},"end":{"line":56,"column":25}},{"start":{"line":56,"column":29},"end":{"line":56,"column":39}}],"line":56},"10":{"loc":{"start":{"line":60,"column":12},"end":{"line":64,"column":16}},"type":"cond-expr","locations":[{"start":{"line":61,"column":10},"end":{"line":63,"column":19}},{"start":{"line":64,"column":12},"end":{"line":64,"column":16}}],"line":60}},"s":{"0":0,"1":0,"2":0,"3":0,"4":0},"f":{"0":0,"1":0},"b":{"0":[0,0],"1":[0,0],"2":[0,0],"3":[0,0],"4":[0,0],"5":[0,0],"6":[0,0,0],"7":[0,0],"8":[0,0],"9":[0,0],"10":[0,0]}}
,"/home/runner/work/web-components/web-components/src/components/MultiSelect/index.tsx": {"path":"/home/runner/work/web-components/web-components/src/components/MultiSelect/index.tsx","statementMap":{"0":{"start":{"line":49,"column":6},"end":{"line":49,"column":11}},"1":{"start":{"line":51,"column":44},"end":{"line":51,"column":59}},"2":{"start":{"line":53,"column":24},"end":{"line":59,"column":3}},"3":{"start":{"line":54,"column":4},"end":{"line":54,"column":55}},"4":{"start":{"line":54,"column":33},"end":{"line":54,"column":53}},"5":{"start":{"line":56,"column":4},"end":{"line":58,"column":5}},"6":{"start":{"line":57,"column":6},"end":{"line":57,"column":22}},"7":{"start":{"line":61,"column":2},"end":{"line":65,"column":23}},"8":{"start":{"line":62,"column":4},"end":{"line":64,"column":5}},"9":{"start":{"line":63,"column":6},"end":{"line":63,"column":39}},"10":{"start":{"line":67,"column":24},"end":{"line":73,"column":3}},"11":{"start":{"line":68,"column":4},"end":{"line":68,"column":28}},"12":{"start":{"line":70,"column":4},"end":{"line":72,"column":5}},"13":{"start":{"line":71,"column":6},"end":{"line":71,"column":21}},"14":{"start":{"line":75,"column":28},"end":{"line":75,"column":108}},"15":{"start":{"line":75,"column":77},"end":{"line":75,"column":107}},"16":{"start":{"line":77,"column":25},"end":{"line":86,"column":54}},"17":{"start":{"line":79,"column":20},"end":{"line":79,"column":37}},"18":{"start":{"line":81,"column":6},"end":{"line":84,"column":8}},"19":{"start":{"line":86,"column":22},"end":{"line":86,"column":32}},"20":{"start":{"line":88,"column":2},"end":{"line":135,"column":4}},"21":{"start":{"line":117,"column":36},"end":{"line":117,"column":58}},"22":{"start":{"line":119,"column":16},"end":{"line":123,"column":18}},"23":{"start":{"line":120,"column":74},"end":{"line":120,"column":90}}},"fnMap":{"0":{"name":"MultiSelect","decl":{"start":{"line":30,"column":24},"end":{"line":30,"column":35}},"loc":{"start":{"line":30,"column":86},"end":{"line":136,"column":1}},"line":30},"1":{"name":"(anonymous_1)","decl":{"start":{"line":53,"column":24},"end":{"line":53,"column":25}},"loc":{"start":{"line":53,"column":30},"end":{"line":59,"column":3}},"line":53},"2":{"name":"(anonymous_2)","decl":{"start":{"line":54,"column":21},"end":{"line":54,"column":22}},"loc":{"start":{"line":54,"column":33},"end":{"line":54,"column":53}},"line":54},"3":{"name":"(anonymous_3)","decl":{"start":{"line":61,"column":12},"end":{"line":61,"column":13}},"loc":{"start":{"line":61,"column":18},"end":{"line":65,"column":3}},"line":61},"4":{"name":"(anonymous_4)","decl":{"start":{"line":67,"column":24},"end":{"line":67,"column":25}},"loc":{"start":{"line":67,"column":30},"end":{"line":73,"column":3}},"line":67},"5":{"name":"(anonymous_5)","decl":{"start":{"line":75,"column":65},"end":{"line":75,"column":66}},"loc":{"start":{"line":75,"column":77},"end":{"line":75,"column":107}},"line":75},"6":{"name":"(anonymous_6)","decl":{"start":{"line":78,"column":9},"end":{"line":78,"column":10}},"loc":{"start":{"line":78,"column":19},"end":{"line":85,"column":5}},"line":78},"7":{"name":"(anonymous_7)","decl":{"start":{"line":86,"column":12},"end":{"line":86,"column":13}},"loc":{"start":{"line":86,"column":22},"end":{"line":86,"column":32}},"line":86},"8":{"name":"(anonymous_8)","decl":{"start":{"line":116,"column":37},"end":{"line":116,"column":38}},"loc":{"start":{"line":116,"column":59},"end":{"line":124,"column":15}},"line":116},"9":{"name":"(anonymous_9)","decl":{"start":{"line":120,"column":68},"end":{"line":120,"column":69}},"loc":{"start":{"line":120,"column":74},"end":{"line":120,"column":90}},"line":120}},"branchMap":{"0":{"loc":{"start":{"line":54,"column":33},"end":{"line":54,"column":53}},"type":"binary-expr","locations":[{"start":{"line":54,"column":33},"end":{"line":54,"column":40}},{"start":{"line":54,"column":44},"end":{"line":54,"column":53}}],"line":54},"1":{"loc":{"start":{"line":56,"column":4},"end":{"line":58,"column":5}},"type":"if","locations":[{"start":{"line":56,"column":4},"end":{"line":58,"column":5}},{"start":{},"end":{}}],"line":56},"2":{"loc":{"start":{"line":62,"column":4},"end":{"line":64,"column":5}},"type":"if","locations":[{"start":{"line":62,"column":4},"end":{"line":64,"column":5}},{"start":{},"end":{}}],"line":62},"3":{"loc":{"start":{"line":70,"column":4},"end":{"line":72,"column":5}},"type":"if","locations":[{"start":{"line":70,"column":4},"end":{"line":72,"column":5}},{"start":{},"end":{}}],"line":70},"4":{"loc":{"start":{"line":83,"column":15},"end":{"line":83,"column":75}},"type":"cond-expr","locations":[{"start":{"line":83,"column":23},"end":{"line":83,"column":43}},{"start":{"line":83,"column":46},"end":{"line":83,"column":75}}],"line":83},"5":{"loc":{"start":{"line":83,"column":46},"end":{"line":83,"column":75}},"type":"binary-expr","locations":[{"start":{"line":83,"column":46},"end":{"line":83,"column":69}},{"start":{"line":83,"column":73},"end":{"line":83,"column":75}}],"line":83},"6":{"loc":{"start":{"line":90,"column":7},"end":{"line":94,"column":7}},"type":"binary-expr","locations":[{"start":{"line":90,"column":7},"end":{"line":90,"column":12}},{"start":{"line":91,"column":8},"end":{"line":93,"column":16}}],"line":90},"7":{"loc":{"start":{"line":92,"column":19},"end":{"line":92,"column":71}},"type":"binary-expr","locations":[{"start":{"line":92,"column":19},"end":{"line":92,"column":31}},{"start":{"line":92,"column":35},"end":{"line":92,"column":71}}],"line":92},"8":{"loc":{"start":{"line":96,"column":46},"end":{"line":96,"column":99}},"type":"cond-expr","locations":[{"start":{"line":96,"column":58},"end":{"line":96,"column":94}},{"start":{"line":96,"column":97},"end":{"line":96,"column":99}}],"line":96},"9":{"loc":{"start":{"line":100,"column":55},"end":{"line":100,"column":83}},"type":"cond-expr","locations":[{"start":{"line":100,"column":66},"end":{"line":100,"column":78}},{"start":{"line":100,"column":81},"end":{"line":100,"column":83}}],"line":100},"10":{"loc":{"start":{"line":101,"column":11},"end":{"line":105,"column":11}},"type":"cond-expr","locations":[{"start":{"line":102,"column":12},"end":{"line":102,"column":118}},{"start":{"line":104,"column":12},"end":{"line":104,"column":75}}],"line":101},"11":{"loc":{"start":{"line":108,"column":20},"end":{"line":108,"column":63}},"type":"cond-expr","locations":[{"start":{"line":108,"column":36},"end":{"line":108,"column":47}},{"start":{"line":108,"column":50},"end":{"line":108,"column":63}}],"line":108},"12":{"loc":{"start":{"line":109,"column":60},"end":{"line":109,"column":88}},"type":"cond-expr","locations":[{"start":{"line":109,"column":71},"end":{"line":109,"column":83}},{"start":{"line":109,"column":86},"end":{"line":109,"column":88}}],"line":109},"13":{"loc":{"start":{"line":113,"column":9},"end":{"line":127,"column":9}},"type":"binary-expr","locations":[{"start":{"line":113,"column":9},"end":{"line":113,"column":16}},{"start":{"line":113,"column":20},"end":{"line":113,"column":48}},{"start":{"line":113,"column":52},"end":{"line":113,"column":65}},{"start":{"line":114,"column":10},"end":{"line":126,"column":16}}],"line":113},"14":{"loc":{"start":{"line":121,"column":21},"end":{"line":121,"column":93}},"type":"cond-expr","locations":[{"start":{"line":121,"column":35},"end":{"line":121,"column":61}},{"start":{"line":121,"column":64},"end":{"line":121,"column":93}}],"line":121},"15":{"loc":{"start":{"line":121,"column":64},"end":{"line":121,"column":93}},"type":"binary-expr","locations":[{"start":{"line":121,"column":64},"end":{"line":121,"column":87}},{"start":{"line":121,"column":91},"end":{"line":121,"column":93}}],"line":121},"16":{"loc":{"start":{"line":129,"column":7},"end":{"line":133,"column":7}},"type":"binary-expr","locations":[{"start":{"line":129,"column":7},"end":{"line":129,"column":17}},{"start":{"line":130,"column":8},"end":{"line":132,"column":16}}],"line":129}},"s":{"0":5,"1":5,"2":5,"3":2,"4":2,"5":2,"6":0,"7":5,"8":3,"9":0,"10":5,"11":0,"12":0,"13":0,"14":5,"15":13,"16":5,"17":1,"18":1,"19":1,"20":5,"21":6,"22":6,"23":1},"f":{"0":5,"1":2,"2":2,"3":3,"4":0,"5":13,"6":1,"7":1,"8":6,"9":1},"b":{"0":[2,2],"1":[0,2],"2":[0,3],"3":[0,0],"4":[1,0],"5":[0,0],"6":[5,0],"7":[0,0],"8":[0,5],"9":[0,5],"10":[1,4],"11":[2,3],"12":[0,5],"13":[5,5,4,2],"14":[6,0],"15":[0,0],"16":[5,0]},"_coverageSchema":"1a1c01bbd47fc00a2c39e90264f33305004495a9","hash":"4f77cdafc3f5af6a122b7459ced00123cbf52f2e"}
,"/home/runner/work/web-components/web-components/src/components/Navbar/NavFooter.tsx": {"path":"/home/runner/work/web-components/web-components/src/components/Navbar/NavFooter.tsx","statementMap":{"0":{"start":{"line":9,"column":23},"end":{"line":9,"column":28}},"1":{"start":{"line":11,"column":2},"end":{"line":11,"column":54}}},"fnMap":{"0":{"name":"NavFooter","decl":{"start":{"line":8,"column":24},"end":{"line":8,"column":33}},"loc":{"start":{"line":8,"column":61},"end":{"line":12,"column":1}},"line":8}},"branchMap":{},"s":{"0":0,"1":0},"f":{"0":0},"b":{}}
[...]
,"/home/runner/work/web-components/web-components/src/stories/Theme.stories.tsx": {"path":"/home/runner/work/web-components/web-components/src/stories/Theme.stories.tsx","statementMap":{"0":{"start":{"line":12,"column":15},"end":{"line":12,"column":50}},"1":{"start":{"line":14,"column":28},"end":{"line":60,"column":1}},"2":{"start":{"line":15,"column":16},"end":{"line":15,"column":26}},"3":{"start":{"line":16,"column":38},"end":{"line":16,"column":81}},"4":{"start":{"line":17,"column":34},"end":{"line":17,"column":52}},"5":{"start":{"line":18,"column":42},"end":{"line":18,"column":92}},"6":{"start":{"line":19,"column":38},"end":{"line":19,"column":56}},"7":{"start":{"line":20,"column":18},"end":{"line":20,"column":71}},"8":{"start":{"line":22,"column":28},"end":{"line":25,"column":3}},"9":{"start":{"line":23,"column":4},"end":{"line":23,"column":21}},"10":{"start":{"line":24,"column":4},"end":{"line":24,"column":66}},"11":{"start":{"line":27,"column":30},"end":{"line":30,"column":3}},"12":{"start":{"line":28,"column":4},"end":{"line":28,"column":23}},"13":{"start":{"line":29,"column":4},"end":{"line":29,"column":44}},"14":{"start":{"line":32,"column":2},"end":{"line":59,"column":4}},"15":{"start":{"line":62,"column":23},"end":{"line":62,"column":40}}},"fnMap":{"0":{"name":"(anonymous_0)","decl":{"start":{"line":14,"column":28},"end":{"line":14,"column":29}},"loc":{"start":{"line":14,"column":34},"end":{"line":60,"column":1}},"line":14},"1":{"name":"(anonymous_1)","decl":{"start":{"line":22,"column":28},"end":{"line":22,"column":29}},"loc":{"start":{"line":22,"column":45},"end":{"line":25,"column":3}},"line":22},"2":{"name":"(anonymous_2)","decl":{"start":{"line":27,"column":30},"end":{"line":27,"column":31}},"loc":{"start":{"line":27,"column":47},"end":{"line":30,"column":3}},"line":27}},"branchMap":{"0":{"loc":{"start":{"line":24,"column":18},"end":{"line":24,"column":64}},"type":"binary-expr","locations":[{"start":{"line":24,"column":18},"end":{"line":24,"column":30}},{"start":{"line":24,"column":35},"end":{"line":24,"column":63}}],"line":24}},"s":{"0":0,"1":0,"2":0,"3":0,"4":0,"5":0,"6":0,"7":0,"8":0,"9":0,"10":0,"11":0,"12":0,"13":0,"14":0,"15":0},"f":{"0":0,"1":0,"2":0},"b":{"0":[0,0]}}
,"/home/runner/work/web-components/web-components/src/stories/Tooltip.stories.tsx": {"path":"/home/runner/work/web-components/web-components/src/stories/Tooltip.stories.tsx","statementMap":{"0":{"start":{"line":31,"column":38},"end":{"line":39,"column":1}},"1":{"start":{"line":32,"column":2},"end":{"line":38,"column":4}},"2":{"start":{"line":35,"column":54},"end":{"line":35,"column":58}},"3":{"start":{"line":41,"column":23},"end":{"line":41,"column":40}},"4":{"start":{"line":43,"column":0},"end":{"line":46,"column":2}}},"fnMap":{"0":{"name":"(anonymous_0)","decl":{"start":{"line":31,"column":38},"end":{"line":31,"column":39}},"loc":{"start":{"line":31,"column":48},"end":{"line":39,"column":1}},"line":31},"1":{"name":"(anonymous_1)","decl":{"start":{"line":35,"column":48},"end":{"line":35,"column":49}},"loc":{"start":{"line":35,"column":54},"end":{"line":35,"column":58}},"line":35}},"branchMap":{},"s":{"0":0,"1":0,"2":0,"3":0,"4":0},"f":{"0":0,"1":0},"b":{}}
,"/home/runner/work/web-components/web-components/src/stories/ViewPhotosDialog.stories.tsx": {"path":"/home/runner/work/web-components/web-components/src/stories/ViewPhotosDialog.stories.tsx","statementMap":{"0":{"start":{"line":13,"column":49},"end":{"line":22,"column":1}},"1":{"start":{"line":14,"column":36},"end":{"line":14,"column":60}},"2":{"start":{"line":16,"column":2},"end":{"line":21,"column":4}},"3":{"start":{"line":18,"column":66},"end":{"line":18,"column":85}},"4":{"start":{"line":19,"column":49},"end":{"line":19,"column":67}},"5":{"start":{"line":24,"column":24},"end":{"line":26,"column":1}},"6":{"start":{"line":25,"column":2},"end":{"line":25,"column":59}},"7":{"start":{"line":28,"column":23},"end":{"line":28,"column":40}},"8":{"start":{"line":29,"column":0},"end":{"line":70,"column":2}}},"fnMap":{"0":{"name":"(anonymous_0)","decl":{"start":{"line":13,"column":49},"end":{"line":13,"column":50}},"loc":{"start":{"line":13,"column":82},"end":{"line":22,"column":1}},"line":13},"1":{"name":"(anonymous_1)","decl":{"start":{"line":18,"column":60},"end":{"line":18,"column":61}},"loc":{"start":{"line":18,"column":66},"end":{"line":18,"column":85}},"line":18},"2":{"name":"(anonymous_2)","decl":{"start":{"line":19,"column":43},"end":{"line":19,"column":44}},"loc":{"start":{"line":19,"column":49},"end":{"line":19,"column":67}},"line":19},"3":{"name":"(anonymous_3)","decl":{"start":{"line":24,"column":24},"end":{"line":24,"column":25}},"loc":{"start":{"line":24,"column":54},"end":{"line":26,"column":1}},"line":24}},"branchMap":{},"s":{"0":0,"1":0,"2":0,"3":0,"4":0,"5":0,"6":0,"7":0,"8":0},"f":{"0":0,"1":0,"2":0,"3":0},"b":{}}
,"/home/runner/work/web-components/web-components/src/style-dictionary-dist/TerrawareTheme.ts": {"path":"/home/runner/work/web-components/web-components/src/style-dictionary-dist/TerrawareTheme.ts","statementMap":{"0":{"start":{"line":373,"column":40},"end":{"line":555,"column":1}}},"fnMap":{},"branchMap":{},"s":{"0":0},"f":{},"b":{}}
,"/home/runner/work/web-components/web-components/src/utils/date.ts": {"path":"/home/runner/work/web-components/web-components/src/utils/date.ts","statementMap":{"0":{"start":{"line":16,"column":18},"end":{"line":16,"column":66}},"1":{"start":{"line":16,"column":43},"end":{"line":16,"column":66}},"2":{"start":{"line":22,"column":29},"end":{"line":24,"column":1}},"3":{"start":{"line":23,"column":2},"end":{"line":23,"column":58}},"4":{"start":{"line":29,"column":26},"end":{"line":33,"column":1}},"5":{"start":{"line":30,"column":17},"end":{"line":30,"column":41}},"6":{"start":{"line":32,"column":2},"end":{"line":32,"column":63}},"7":{"start":{"line":38,"column":24},"end":{"line":44,"column":1}},"8":{"start":{"line":39,"column":2},"end":{"line":41,"column":3}},"9":{"start":{"line":40,"column":4},"end":{"line":40,"column":39}},"10":{"start":{"line":43,"column":2},"end":{"line":43,"column":25}},"11":{"start":{"line":51,"column":23},"end":{"line":71,"column":1}},"12":{"start":{"line":52,"column":2},"end":{"line":57,"column":3}},"13":{"start":{"line":53,"column":23},"end":{"line":53,"column":71}},"14":{"start":{"line":54,"column":4},"end":{"line":56,"column":5}},"15":{"start":{"line":55,"column":6},"end":{"line":55,"column":24}},"16":{"start":{"line":59,"column":2},"end":{"line":64,"column":3}},"17":{"start":{"line":60,"column":23},"end":{"line":60,"column":68}},"18":{"start":{"line":61,"column":4},"end":{"line":63,"column":5}},"19":{"start":{"line":62,"column":6},"end":{"line":62,"column":24}},"20":{"start":{"line":66,"column":2},"end":{"line":68,"column":3}},"21":{"start":{"line":67,"column":4},"end":{"line":67,"column":73}},"22":{"start":{"line":70,"column":2},"end":{"line":70,"column":52}},"23":{"start":{"line":77,"column":28},"end":{"line":86,"column":1}},"24":{"start":{"line":78,"column":2},"end":{"line":81,"column":3}},"25":{"start":{"line":80,"column":4},"end":{"line":80,"column":16}},"26":{"start":{"line":83,"column":18},"end":{"line":83,"column":43}},"27":{"start":{"line":85,"column":2},"end":{"line":85,"column":34}},"28":{"start":{"line":91,"column":38},"end":{"line":93,"column":1}},"29":{"start":{"line":92,"column":2},"end":{"line":92,"column":65}},"30":{"start":{"line":98,"column":29},"end":{"line":105,"column":1}},"31":{"start":{"line":99,"column":12},"end":{"line":99,"column":37}},"32":{"start":{"line":100,"column":2},"end":{"line":102,"column":3}},"33":{"start":{"line":101,"column":4},"end":{"line":101,"column":37}},"34":{"start":{"line":104,"column":2},"end":{"line":104,"column":15}}},"fnMap":{"0":{"name":"(anonymous_0)","decl":{"start":{"line":16,"column":18},"end":{"line":16,"column":19}},"loc":{"start":{"line":16,"column":43},"end":{"line":16,"column":66}},"line":16},"1":{"name":"(anonymous_1)","decl":{"start":{"line":22,"column":29},"end":{"line":22,"column":30}},"loc":{"start":{"line":22,"column":68},"end":{"line":24,"column":1}},"line":22},"2":{"name":"(anonymous_2)","decl":{"start":{"line":29,"column":26},"end":{"line":29,"column":27}},"loc":{"start":{"line":29,"column":65},"end":{"line":33,"column":1}},"line":29},"3":{"name":"(anonymous_3)","decl":{"start":{"line":38,"column":24},"end":{"line":38,"column":25}},"loc":{"start":{"line":38,"column":44},"end":{"line":44,"column":1}},"line":38},"4":{"name":"(anonymous_4)","decl":{"start":{"line":51,"column":23},"end":{"line":51,"column":24}},"loc":{"start":{"line":51,"column":64},"end":{"line":71,"column":1}},"line":51},"5":{"name":"(anonymous_5)","decl":{"start":{"line":77,"column":28},"end":{"line":77,"column":29}},"loc":{"start":{"line":77,"column":69},"end":{"line":86,"column":1}},"line":77},"6":{"name":"(anonymous_6)","decl":{"start":{"line":91,"column":38},"end":{"line":91,"column":39}},"loc":{"start":{"line":91,"column":63},"end":{"line":93,"column":1}},"line":91},"7":{"name":"(anonymous_7)","decl":{"start":{"line":98,"column":29},"end":{"line":98,"column":30}},"loc":{"start":{"line":98,"column":70},"end":{"line":105,"column":1}},"line":98}},"branchMap":{"0":{"loc":{"start":{"line":16,"column":43},"end":{"line":16,"column":66}},"type":"binary-expr","locations":[{"start":{"line":16,"column":43},"end":{"line":16,"column":53}},{"start":{"line":16,"column":57},"end":{"line":16,"column":66}}],"line":16},"1":{"loc":{"start":{"line":39,"column":2},"end":{"line":41,"column":3}},"type":"if","locations":[{"start":{"line":39,"column":2},"end":{"line":41,"column":3}},{"start":{},"end":{}}],"line":39},"2":{"loc":{"start":{"line":52,"column":2},"end":{"line":57,"column":3}},"type":"if","locations":[{"start":{"line":52,"column":2},"end":{"line":57,"column":3}},{"start":{},"end":{}}],"line":52},"3":{"loc":{"start":{"line":54,"column":4},"end":{"line":56,"column":5}},"type":"if","locations":[{"start":{"line":54,"column":4},"end":{"line":56,"column":5}},{"start":{},"end":{}}],"line":54},"4":{"loc":{"start":{"line":59,"column":2},"end":{"line":64,"column":3}},"type":"if","locations":[{"start":{"line":59,"column":2},"end":{"line":64,"column":3}},{"start":{},"end":{}}],"line":59},"5":{"loc":{"start":{"line":61,"column":4},"end":{"line":63,"column":5}},"type":"if","locations":[{"start":{"line":61,"column":4},"end":{"line":63,"column":5}},{"start":{},"end":{}}],"line":61},"6":{"loc":{"start":{"line":66,"column":2},"end":{"line":68,"column":3}},"type":"if","locations":[{"start":{"line":66,"column":2},"end":{"line":68,"column":3}},{"start":{},"end":{}}],"line":66},"7":{"loc":{"start":{"line":66,"column":6},"end":{"line":66,"column":76}},"type":"binary-expr","locations":[{"start":{"line":66,"column":6},"end":{"line":66,"column":20}},{"start":{"line":66,"column":24},"end":{"line":66,"column":48}},{"start":{"line":66,"column":52},"end":{"line":66,"column":76}}],"line":66},"8":{"loc":{"start":{"line":78,"column":2},"end":{"line":81,"column":3}},"type":"if","locations":[{"start":{"line":78,"column":2},"end":{"line":81,"column":3}},{"start":{},"end":{}}],"line":78},"9":{"loc":{"start":{"line":78,"column":6},"end":{"line":78,"column":68}},"type":"binary-expr","locations":[{"start":{"line":78,"column":6},"end":{"line":78,"column":30}},{"start":{"line":78,"column":34},"end":{"line":78,"column":68}}],"line":78},"10":{"loc":{"start":{"line":100,"column":2},"end":{"line":102,"column":3}},"type":"if","locations":[{"start":{"line":100,"column":2},"end":{"line":102,"column":3}},{"start":{},"end":{}}],"line":100}},"s":{"0":2,"1":35,"2":2,"3":8,"4":2,"5":7,"6":7,"7":2,"8":16,"9":16,"10":0,"11":2,"12":33,"13":8,"14":8,"15":8,"16":25,"17":7,"18":7,"19":7,"20":18,"21":7,"22":11,"23":2,"24":17,"25":3,"26":14,"27":14,"28":2,"29":2,"30":2,"31":19,"32":19,"33":19,"34":0},"f":{"0":35,"1":8,"2":7,"3":16,"4":33,"5":17,"6":2,"7":19},"b":{"0":[35,13],"1":[16,0],"2":[8,25],"3":[8,0],"4":[7,18],"5":[7,0],"6":[7,11],"7":[18,11,11],"8":[3,14],"9":[17,6],"10":[19,0]},"_coverageSchema":"1a1c01bbd47fc00a2c39e90264f33305004495a9","hash":"82d88ef978578f5652d1443f71845f1048b14182"}
,"/home/runner/work/web-components/web-components/src/utils/index.ts": {"path":"/home/runner/work/web-components/web-components/src/utils/index.ts","statementMap":{},"fnMap":{},"branchMap":{},"s":{},"f":{},"b":{},"_coverageSchema":"1a1c01bbd47fc00a2c39e90264f33305004495a9","hash":"2aeb72bab17d0b25c66499765db4bb02d8a7a697"}
,"/home/runner/work/web-components/web-components/src/utils/preventDefaultEvent.ts": {"path":"/home/runner/work/web-components/web-components/src/utils/preventDefaultEvent.ts","statementMap":{"0":{"start":{"line":3,"column":23},"end":{"line":3,"column":84}},"1":{"start":{"line":3,"column":62},"end":{"line":3,"column":84}}},"fnMap":{"0":{"name":"(anonymous_0)","decl":{"start":{"line":3,"column":23},"end":{"line":3,"column":24}},"loc":{"start":{"line":3,"column":62},"end":{"line":3,"column":84}},"line":3}},"branchMap":{},"s":{"0":1,"1":0},"f":{"0":0},"b":{},"_coverageSchema":"1a1c01bbd47fc00a2c39e90264f33305004495a9","hash":"2eae2dab276decf10bbdba27027eb6a81bf8c93c"}
,"/home/runner/work/web-components/web-components/src/utils/text.ts": {"path":"/home/runner/work/web-components/web-components/src/utils/text.ts","statementMap":{"0":{"start":{"line":1,"column":22},"end":{"line":1,"column":57}},"1":{"start":{"line":1,"column":39},"end":{"line":1,"column":57}},"2":{"start":{"line":3,"column":25},"end":{"line":15,"column":14}},"3":{"start":{"line":4,"column":2},"end":{"line":15,"column":14}},"4":{"start":{"line":7,"column":6},"end":{"line":13,"column":7}},"5":{"start":{"line":8,"column":30},"end":{"line":8,"column":48}},"6":{"start":{"line":10,"column":8},"end":{"line":10,"column":101}},"7":{"start":{"line":12,"column":8},"end":{"line":12,"column":20}}},"fnMap":{"0":{"name":"(anonymous_0)","decl":{"start":{"line":1,"column":22},"end":{"line":1,"column":23}},"loc":{"start":{"line":1,"column":39},"end":{"line":1,"column":57}},"line":1},"1":{"name":"(anonymous_1)","decl":{"start":{"line":3,"column":25},"end":{"line":3,"column":26}},"loc":{"start":{"line":4,"column":2},"end":{"line":15,"column":14}},"line":4},"2":{"name":"(anonymous_2)","decl":{"start":{"line":6,"column":9},"end":{"line":6,"column":10}},"loc":{"start":{"line":6,"column":19},"end":{"line":14,"column":5}},"line":6}},"branchMap":{"0":{"loc":{"start":{"line":7,"column":6},"end":{"line":13,"column":7}},"type":"if","locations":[{"start":{"line":7,"column":6},"end":{"line":13,"column":7}},{"start":{"line":11,"column":13},"end":{"line":13,"column":7}}],"line":7}},"s":{"0":2,"1":0,"2":2,"3":8,"4":12,"5":10,"6":10,"7":2},"f":{"0":0,"1":8,"2":12},"b":{"0":[10,2]},"_coverageSchema":"1a1c01bbd47fc00a2c39e90264f33305004495a9","hash":"2f6acc6ac6e1ad8aeb15dbf464487cd557e2bcff"}
,"/home/runner/work/web-components/web-components/src/utils/useDeviceInfo.ts": {"path":"/home/runner/work/web-components/web-components/src/utils/useDeviceInfo.ts","statementMap":{"0":{"start":{"line":38,"column":22},"end":{"line":85,"column":1}},"1":{"start":{"line":39,"column":31},"end":{"line":43,"column":3}},"2":{"start":{"line":40,"column":4},"end":{"line":42,"column":5}},"3":{"start":{"line":41,"column":6},"end":{"line":41,"column":17}},"4":{"start":{"line":45,"column":20},"end":{"line":45,"column":86}},"5":{"start":{"line":47,"column":19},"end":{"line":47,"column":100}},"6":{"start":{"line":49,"column":19},"end":{"line":49,"column":84}},"7":{"start":{"line":51,"column":21},"end":{"line":51,"column":96}},"8":{"start":{"line":53,"column":19},"end":{"line":53,"column":103}},"9":{"start":{"line":55,"column":24},"end":{"line":65,"column":3}},"10":{"start":{"line":56,"column":4},"end":{"line":58,"column":5}},"11":{"start":{"line":57,"column":6},"end":{"line":57,"column":22}},"12":{"start":{"line":60,"column":4},"end":{"line":62,"column":5}},"13":{"start":{"line":61,"column":6},"end":{"line":61,"column":22}},"14":{"start":{"line":64,"column":4},"end":{"line":64,"column":21}},"15":{"start":{"line":67,"column":31},"end":{"line":73,"column":3}},"16":{"start":{"line":68,"column":4},"end":{"line":70,"column":5}},"17":{"start":{"line":69,"column":6},"end":{"line":69,"column":24}},"18":{"start":{"line":72,"column":4},"end":{"line":72,"column":23}},"19":{"start":{"line":75,"column":2},"end":{"line":84,"column":4}}},"fnMap":{"0":{"name":"(anonymous_0)","decl":{"start":{"line":38,"column":22},"end":{"line":38,"column":23}},"loc":{"start":{"line":38,"column":62},"end":{"line":85,"column":1}},"line":38},"1":{"name":"(anonymous_1)","decl":{"start":{"line":39,"column":31},"end":{"line":39,"column":32}},"loc":{"start":{"line":39,"column":53},"end":{"line":43,"column":3}},"line":39},"2":{"name":"(anonymous_2)","decl":{"start":{"line":55,"column":24},"end":{"line":55,"column":25}},"loc":{"start":{"line":55,"column":42},"end":{"line":65,"column":3}},"line":55},"3":{"name":"(anonymous_3)","decl":{"start":{"line":67,"column":31},"end":{"line":67,"column":32}},"loc":{"start":{"line":67,"column":56},"end":{"line":73,"column":3}},"line":67}},"branchMap":{"0":{"loc":{"start":{"line":38,"column":23},"end":{"line":38,"column":57}},"type":"default-arg","locations":[{"start":{"line":38,"column":55},"end":{"line":38,"column":57}}],"line":38},"1":{"loc":{"start":{"line":40,"column":4},"end":{"line":42,"column":5}},"type":"if","locations":[{"start":{"line":40,"column":4},"end":{"line":42,"column":5}},{"start":{},"end":{}}],"line":40},"2":{"loc":{"start":{"line":40,"column":8},"end":{"line":40,"column":27}},"type":"binary-expr","locations":[{"start":{"line":40,"column":8},"end":{"line":40,"column":15}},{"start":{"line":40,"column":19},"end":{"line":40,"column":27}}],"line":40},"3":{"loc":{"start":{"line":56,"column":4},"end":{"line":58,"column":5}},"type":"if","locations":[{"start":{"line":56,"column":4},"end":{"line":58,"column":5}},{"start":{},"end":{}}],"line":56},"4":{"loc":{"start":{"line":60,"column":4},"end":{"line":62,"column":5}},"type":"if","locations":[{"start":{"line":60,"column":4},"end":{"line":62,"column":5}},{"start":{},"end":{}}],"line":60},"5":{"loc":{"start":{"line":68,"column":4},"end":{"line":70,"column":5}},"type":"if","locations":[{"start":{"line":68,"column":4},"end":{"line":70,"column":5}},{"start":{},"end":{}}],"line":68}},"s":{"0":1,"1":0,"2":0,"3":0,"4":0,"5":0,"6":0,"7":0,"8":0,"9":0,"10":0,"11":0,"12":0,"13":0,"14":0,"15":0,"16":0,"17":0,"18":0,"19":0},"f":{"0":0,"1":0,"2":0,"3":0},"b":{"0":[0],"1":[0,0],"2":[0,0],"3":[0,0],"4":[0,0],"5":[0,0]},"_coverageSchema":"1a1c01bbd47fc00a2c39e90264f33305004495a9","hash":"8f8f506cbe5946a4987a1927445037eab8059a0f"}
}
