{"/home/runner/work/web-components/web-components/src/index.ts": {"path":"/home/runner/work/web-components/web-components/src/index.ts","statementMap":{},"fnMap":{},"branchMap":{},"s":{},"f":{},"b":{}}
,"/home/runner/work/web-components/web-components/src/theme.ts": {"path":"/home/runner/work/web-components/web-components/src/theme.ts","statementMap":{"0":{"start":{"line":62,"column":21},"end":{"line":136,"column":1}}},"fnMap":{},"branchMap":{},"s":{"0":0},"f":{},"b":{}}
,"/home/runner/work/web-components/web-components/src/components/Checkbox.tsx": {"path":"/home/runner/work/web-components/web-components/src/components/Checkbox.tsx","statementMap":{"0":{"start":{"line":4,"column":29},"end":{"line":26,"column":2}},"1":{"start":{"line":4,"column":48},"end":{"line":26,"column":1}},"2":{"start":{"line":39,"column":16},"end":{"line":39,"column":26}},"3":{"start":{"line":41,"column":19},"end":{"line":43,"column":3}},"4":{"start":{"line":42,"column":4},"end":{"line":42,"column":28}},"5":{"start":{"line":45,"column":2},"end":{"line":72,"column":4}}},"fnMap":{"0":{"name":"(anonymous_0)","decl":{"start":{"line":4,"column":29},"end":{"line":4,"column":30}},"loc":{"start":{"line":4,"column":48},"end":{"line":26,"column":1}},"line":4},"1":{"name":"Checkbox","decl":{"start":{"line":38,"column":24},"end":{"line":38,"column":32}},"loc":{"start":{"line":38,"column":60},"end":{"line":73,"column":1}},"line":38},"2":{"name":"(anonymous_2)","decl":{"start":{"line":41,"column":19},"end":{"line":41,"column":20}},"loc":{"start":{"line":41,"column":80},"end":{"line":43,"column":3}},"line":41}},"branchMap":{"0":{"loc":{"start":{"line":56,"column":19},"end":{"line":56,"column":39}},"type":"binary-expr","locations":[{"start":{"line":56,"column":19},"end":{"line":56,"column":30}},{"start":{"line":56,"column":34},"end":{"line":56,"column":39}}],"line":56}},"s":{"0":0,"1":0,"2":0,"3":0,"4":0,"5":0},"f":{"0":0,"1":0,"2":0},"b":{"0":[0,0]}}
,"/home/runner/work/web-components/web-components/src/components/Divisor.tsx": {"path":"/home/runner/work/web-components/web-components/src/components/Divisor.tsx","statementMap":{"0":{"start":{"line":8,"column":2},"end":{"line":14,"column":4}}},"fnMap":{"0":{"name":"Divisor","decl":{"start":{"line":7,"column":24},"end":{"line":7,"column":31}},"loc":{"start":{"line":7,"column":64},"end":{"line":15,"column":1}},"line":7}},"branchMap":{"0":{"loc":{"start":{"line":7,"column":34},"end":{"line":7,"column":40}},"type":"default-arg","locations":[{"start":{"line":7,"column":39},"end":{"line":7,"column":40}}],"line":7}},"s":{"0":0},"f":{"0":0},"b":{"0":[0]}}
,"/home/runner/work/web-components/web-components/src/components/Dropdown.tsx": {"path":"/home/runner/work/web-components/web-components/src/components/Dropdown.tsx","statementMap":{"0":{"start":{"line":17,"column":18},"end":{"line":21,"column":3}},"1":{"start":{"line":17,"column":36},"end":{"line":21,"column":1}},"2":{"start":{"line":24,"column":20},"end":{"line":26,"column":3}},"3":{"start":{"line":25,"column":4},"end":{"line":25,"column":43}},"4":{"start":{"line":27,"column":18},"end":{"line":27,"column":29}},"5":{"start":{"line":29,"column":2},"end":{"line":40,"column":4}},"6":{"start":{"line":34,"column":10},"end":{"line":36,"column":21}},"7":{"start":{"line":86,"column":80},"end":{"line":86,"column":85}},"8":{"start":{"line":88,"column":23},"end":{"line":88,"column":80}},"9":{"start":{"line":88,"column":49},"end":{"line":88,"column":79}},"10":{"start":{"line":90,"column":2},"end":{"line":100,"column":3}},"11":{"start":{"line":91,"column":4},"end":{"line":99,"column":6}},"12":{"start":{"line":96,"column":49},"end":{"line":96,"column":104}},"13":{"start":{"line":97,"column":41},"end":{"line":97,"column":81}},"14":{"start":{"line":102,"column":2},"end":{"line":113,"column":4}},"15":{"start":{"line":107,"column":53},"end":{"line":107,"column":72}},"16":{"start":{"line":108,"column":46},"end":{"line":108,"column":58}},"17":{"start":{"line":109,"column":29},"end":{"line":109,"column":71}},"18":{"start":{"line":110,"column":46},"end":{"line":110,"column":65}},"19":{"start":{"line":111,"column":42},"end":{"line":111,"column":64}}},"fnMap":{"0":{"name":"(anonymous_0)","decl":{"start":{"line":17,"column":29},"end":{"line":17,"column":30}},"loc":{"start":{"line":17,"column":36},"end":{"line":21,"column":1}},"line":17},"1":{"name":"DropdownV1","decl":{"start":{"line":23,"column":16},"end":{"line":23,"column":26}},"loc":{"start":{"line":23,"column":100},"end":{"line":41,"column":1}},"line":23},"2":{"name":"(anonymous_2)","decl":{"start":{"line":24,"column":20},"end":{"line":24,"column":21}},"loc":{"start":{"line":24,"column":83},"end":{"line":26,"column":3}},"line":24},"3":{"name":"(anonymous_3)","decl":{"start":{"line":33,"column":21},"end":{"line":33,"column":22}},"loc":{"start":{"line":34,"column":10},"end":{"line":36,"column":21}},"line":34},"4":{"name":"Dropdown","decl":{"start":{"line":85,"column":24},"end":{"line":85,"column":32}},"loc":{"start":{"line":85,"column":68},"end":{"line":114,"column":1}},"line":85},"5":{"name":"(anonymous_5)","decl":{"start":{"line":88,"column":37},"end":{"line":88,"column":38}},"loc":{"start":{"line":88,"column":49},"end":{"line":88,"column":79}},"line":88},"6":{"name":"(anonymous_6)","decl":{"start":{"line":96,"column":17},"end":{"line":96,"column":18}},"loc":{"start":{"line":96,"column":49},"end":{"line":96,"column":104}},"line":96},"7":{"name":"(anonymous_7)","decl":{"start":{"line":97,"column":18},"end":{"line":97,"column":19}},"loc":{"start":{"line":97,"column":41},"end":{"line":97,"column":81}},"line":97},"8":{"name":"(anonymous_8)","decl":{"start":{"line":107,"column":15},"end":{"line":107,"column":16}},"loc":{"start":{"line":107,"column":53},"end":{"line":107,"column":72}},"line":107},"9":{"name":"(anonymous_9)","decl":{"start":{"line":108,"column":20},"end":{"line":108,"column":21}},"loc":{"start":{"line":108,"column":46},"end":{"line":108,"column":58}},"line":108},"10":{"name":"(anonymous_10)","decl":{"start":{"line":109,"column":11},"end":{"line":109,"column":12}},"loc":{"start":{"line":109,"column":29},"end":{"line":109,"column":71}},"line":109},"11":{"name":"(anonymous_11)","decl":{"start":{"line":110,"column":20},"end":{"line":110,"column":21}},"loc":{"start":{"line":110,"column":46},"end":{"line":110,"column":65}},"line":110},"12":{"name":"(anonymous_12)","decl":{"start":{"line":111,"column":16},"end":{"line":111,"column":17}},"loc":{"start":{"line":111,"column":42},"end":{"line":111,"column":64}},"line":111}},"branchMap":{"0":{"loc":{"start":{"line":90,"column":2},"end":{"line":100,"column":3}},"type":"if","locations":[{"start":{"line":90,"column":2},"end":{"line":100,"column":3}},{"start":{},"end":{}}],"line":90},"1":{"loc":{"start":{"line":94,"column":17},"end":{"line":94,"column":30}},"type":"binary-expr","locations":[{"start":{"line":94,"column":17},"end":{"line":94,"column":24}},{"start":{"line":94,"column":28},"end":{"line":94,"column":30}}],"line":94},"2":{"loc":{"start":{"line":95,"column":18},"end":{"line":95,"column":36}},"type":"binary-expr","locations":[{"start":{"line":95,"column":18},"end":{"line":95,"column":30}},{"start":{"line":95,"column":34},"end":{"line":95,"column":36}}],"line":95},"3":{"loc":{"start":{"line":110,"column":46},"end":{"line":110,"column":65}},"type":"binary-expr","locations":[{"start":{"line":110,"column":46},"end":{"line":110,"column":59}},{"start":{"line":110,"column":63},"end":{"line":110,"column":65}}],"line":110}},"s":{"0":0,"1":0,"2":0,"3":0,"4":0,"5":0,"6":0,"7":0,"8":0,"9":0,"10":0,"11":0,"12":0,"13":0,"14":0,"15":0,"16":0,"17":0,"18":0,"19":0},"f":{"0":0,"1":0,"2":0,"3":0,"4":0,"5":0,"6":0,"7":0,"8":0,"9":0,"10":0,"11":0,"12":0},"b":{"0":[0,0],"1":[0,0],"2":[0,0],"3":[0,0]}}
,"/home/runner/work/web-components/web-components/src/components/Note.tsx": {"path":"/home/runner/work/web-components/web-components/src/components/Note.tsx","statementMap":{"0":{"start":{"line":5,"column":18},"end":{"line":12,"column":3}},"1":{"start":{"line":5,"column":48},"end":{"line":12,"column":1}},"2":{"start":{"line":19,"column":18},"end":{"line":19,"column":29}},"3":{"start":{"line":21,"column":2},"end":{"line":25,"column":4}}},"fnMap":{"0":{"name":"(anonymous_0)","decl":{"start":{"line":5,"column":29},"end":{"line":5,"column":30}},"loc":{"start":{"line":5,"column":48},"end":{"line":12,"column":1}},"line":5},"1":{"name":"Note","decl":{"start":{"line":18,"column":24},"end":{"line":18,"column":28}},"loc":{"start":{"line":18,"column":63},"end":{"line":26,"column":1}},"line":18}},"branchMap":{},"s":{"0":0,"1":0,"2":0,"3":0},"f":{"0":0,"1":0},"b":{}}
,"/home/runner/work/web-components/web-components/src/components/RadioButton.tsx": {"path":"/home/runner/work/web-components/web-components/src/components/RadioButton.tsx","statementMap":{"0":{"start":{"line":13,"column":19},"end":{"line":15,"column":3}},"1":{"start":{"line":14,"column":4},"end":{"line":14,"column":28}},"2":{"start":{"line":17,"column":2},"end":{"line":24,"column":4}}},"fnMap":{"0":{"name":"RadioButton","decl":{"start":{"line":12,"column":24},"end":{"line":12,"column":35}},"loc":{"start":{"line":12,"column":63},"end":{"line":25,"column":1}},"line":12},"1":{"name":"(anonymous_1)","decl":{"start":{"line":13,"column":19},"end":{"line":13,"column":20}},"loc":{"start":{"line":13,"column":80},"end":{"line":15,"column":3}},"line":13}},"branchMap":{"0":{"loc":{"start":{"line":22,"column":72},"end":{"line":22,"column":92}},"type":"binary-expr","locations":[{"start":{"line":22,"column":72},"end":{"line":22,"column":83}},{"start":{"line":22,"column":87},"end":{"line":22,"column":92}}],"line":22}},"s":{"0":0,"1":0,"2":0},"f":{"0":0,"1":0},"b":{"0":[0,0]}}
,"/home/runner/work/web-components/web-components/src/components/Size.ts": {"path":"/home/runner/work/web-components/web-components/src/components/Size.ts","statementMap":{},"fnMap":{},"branchMap":{},"s":{},"f":{},"b":{}}
,"/home/runner/work/web-components/web-components/src/components/SummaryBox.tsx": {"path":"/home/runner/work/web-components/web-components/src/components/SummaryBox.tsx","statementMap":{"0":{"start":{"line":6,"column":18},"end":{"line":40,"column":3}},"1":{"start":{"line":6,"column":48},"end":{"line":40,"column":1}},"2":{"start":{"line":52,"column":18},"end":{"line":52,"column":29}},"3":{"start":{"line":55,"column":4},"end":{"line":61,"column":27}},"4":{"start":{"line":63,"column":2},"end":{"line":75,"column":4}}},"fnMap":{"0":{"name":"(anonymous_0)","decl":{"start":{"line":6,"column":29},"end":{"line":6,"column":30}},"loc":{"start":{"line":6,"column":48},"end":{"line":40,"column":1}},"line":6},"1":{"name":"SummaryBox","decl":{"start":{"line":51,"column":24},"end":{"line":51,"column":34}},"loc":{"start":{"line":51,"column":117},"end":{"line":76,"column":1}},"line":51}},"branchMap":{"0":{"loc":{"start":{"line":51,"column":51},"end":{"line":51,"column":70}},"type":"default-arg","locations":[{"start":{"line":51,"column":61},"end":{"line":51,"column":70}}],"line":51},"1":{"loc":{"start":{"line":55,"column":4},"end":{"line":61,"column":27}},"type":"cond-expr","locations":[{"start":{"line":56,"column":8},"end":{"line":56,"column":30}},{"start":{"line":57,"column":8},"end":{"line":61,"column":27}}],"line":55},"2":{"loc":{"start":{"line":57,"column":8},"end":{"line":61,"column":27}},"type":"cond-expr","locations":[{"start":{"line":58,"column":8},"end":{"line":58,"column":32}},{"start":{"line":59,"column":8},"end":{"line":61,"column":27}}],"line":57},"3":{"loc":{"start":{"line":59,"column":8},"end":{"line":61,"column":27}},"type":"cond-expr","locations":[{"start":{"line":60,"column":8},"end":{"line":60,"column":20}},{"start":{"line":61,"column":8},"end":{"line":61,"column":27}}],"line":59},"4":{"loc":{"start":{"line":65,"column":7},"end":{"line":69,"column":7}},"type":"binary-expr","locations":[{"start":{"line":65,"column":7},"end":{"line":65,"column":11}},{"start":{"line":66,"column":8},"end":{"line":68,"column":21}}],"line":65}},"s":{"0":0,"1":0,"2":0,"3":0,"4":0},"f":{"0":0,"1":0},"b":{"0":[0],"1":[0,0],"2":[0,0],"3":[0,0],"4":[0,0]}}
,"/home/runner/work/web-components/web-components/src/components/Autocomplete/Autocomplete.tsx": {"path":"/home/runner/work/web-components/web-components/src/components/Autocomplete/Autocomplete.tsx","statementMap":{"0":{"start":{"line":44,"column":26},"end":{"line":52,"column":3}},"1":{"start":{"line":45,"column":4},"end":{"line":51,"column":5}},"2":{"start":{"line":46,"column":6},"end":{"line":50,"column":7}},"3":{"start":{"line":47,"column":8},"end":{"line":47,"column":24}},"4":{"start":{"line":49,"column":8},"end":{"line":49,"column":21}},"5":{"start":{"line":54,"column":22},"end":{"line":72,"column":3}},"6":{"start":{"line":55,"column":4},"end":{"line":71,"column":10}},"7":{"start":{"line":74,"column":28},"end":{"line":74,"column":30}},"8":{"start":{"line":76,"column":2},"end":{"line":78,"column":3}},"9":{"start":{"line":77,"column":4},"end":{"line":77,"column":34}},"10":{"start":{"line":80,"column":2},"end":{"line":82,"column":3}},"11":{"start":{"line":81,"column":4},"end":{"line":81,"column":48}},"12":{"start":{"line":84,"column":2},"end":{"line":122,"column":4}},"13":{"start":{"line":90,"column":8},"end":{"line":92,"column":9}},"14":{"start":{"line":91,"column":10},"end":{"line":91,"column":36}},"15":{"start":{"line":94,"column":8},"end":{"line":94,"column":28}},"16":{"start":{"line":97,"column":49},"end":{"line":97,"column":90}}},"fnMap":{"0":{"name":"Autocomplete","decl":{"start":{"line":28,"column":24},"end":{"line":28,"column":36}},"loc":{"start":{"line":43,"column":23},"end":{"line":123,"column":1}},"line":43},"1":{"name":"(anonymous_1)","decl":{"start":{"line":44,"column":26},"end":{"line":44,"column":27}},"loc":{"start":{"line":44,"column":77},"end":{"line":52,"column":3}},"line":44},"2":{"name":"(anonymous_2)","decl":{"start":{"line":54,"column":22},"end":{"line":54,"column":23}},"loc":{"start":{"line":55,"column":4},"end":{"line":71,"column":10}},"line":55},"3":{"name":"(anonymous_3)","decl":{"start":{"line":89,"column":22},"end":{"line":89,"column":23}},"loc":{"start":{"line":89,"column":39},"end":{"line":95,"column":7}},"line":89},"4":{"name":"(anonymous_4)","decl":{"start":{"line":97,"column":21},"end":{"line":97,"column":22}},"loc":{"start":{"line":97,"column":49},"end":{"line":97,"column":90}},"line":97}},"branchMap":{"0":{"loc":{"start":{"line":45,"column":4},"end":{"line":51,"column":5}},"type":"if","locations":[{"start":{"line":45,"column":4},"end":{"line":51,"column":5}},{"start":{},"end":{}}],"line":45},"1":{"loc":{"start":{"line":46,"column":6},"end":{"line":50,"column":7}},"type":"if","locations":[{"start":{"line":46,"column":6},"end":{"line":50,"column":7}},{"start":{"line":48,"column":13},"end":{"line":50,"column":7}}],"line":46},"2":{"loc":{"start":{"line":56,"column":7},"end":{"line":61,"column":7}},"type":"binary-expr","locations":[{"start":{"line":56,"column":7},"end":{"line":56,"column":12}},{"start":{"line":57,"column":8},"end":{"line":60,"column":16}}],"line":56},"3":{"loc":{"start":{"line":58,"column":19},"end":{"line":58,"column":38}},"type":"cond-expr","locations":[{"start":{"line":58,"column":30},"end":{"line":58,"column":33}},{"start":{"line":58,"column":36},"end":{"line":58,"column":38}}],"line":58},"4":{"loc":{"start":{"line":59,"column":11},"end":{"line":59,"column":79}},"type":"binary-expr","locations":[{"start":{"line":59,"column":11},"end":{"line":59,"column":23}},{"start":{"line":59,"column":27},"end":{"line":59,"column":79}}],"line":59},"5":{"loc":{"start":{"line":62,"column":98},"end":{"line":62,"column":137}},"type":"cond-expr","locations":[{"start":{"line":62,"column":110},"end":{"line":62,"column":132}},{"start":{"line":62,"column":135},"end":{"line":62,"column":137}}],"line":62},"6":{"loc":{"start":{"line":63,"column":7},"end":{"line":70,"column":7}},"type":"binary-expr","locations":[{"start":{"line":63,"column":7},"end":{"line":63,"column":16}},{"start":{"line":64,"column":8},"end":{"line":69,"column":14}}],"line":63},"7":{"loc":{"start":{"line":76,"column":2},"end":{"line":78,"column":3}},"type":"if","locations":[{"start":{"line":76,"column":2},"end":{"line":78,"column":3}},{"start":{},"end":{}}],"line":76},"8":{"loc":{"start":{"line":80,"column":2},"end":{"line":82,"column":3}},"type":"if","locations":[{"start":{"line":80,"column":2},"end":{"line":82,"column":3}},{"start":{},"end":{}}],"line":80},"9":{"loc":{"start":{"line":90,"column":8},"end":{"line":92,"column":9}},"type":"if","locations":[{"start":{"line":90,"column":8},"end":{"line":92,"column":9}},{"start":{},"end":{}}],"line":90},"10":{"loc":{"start":{"line":91,"column":17},"end":{"line":91,"column":35}},"type":"binary-expr","locations":[{"start":{"line":91,"column":17},"end":{"line":91,"column":29}},{"start":{"line":91,"column":33},"end":{"line":91,"column":35}}],"line":91},"11":{"loc":{"start":{"line":94,"column":15},"end":{"line":94,"column":27}},"type":"binary-expr","locations":[{"start":{"line":94,"column":15},"end":{"line":94,"column":21}},{"start":{"line":94,"column":25},"end":{"line":94,"column":27}}],"line":94},"12":{"loc":{"start":{"line":97,"column":49},"end":{"line":97,"column":90}},"type":"binary-expr","locations":[{"start":{"line":97,"column":49},"end":{"line":97,"column":57}},{"start":{"line":97,"column":61},"end":{"line":97,"column":90}}],"line":97}},"s":{"0":0,"1":0,"2":0,"3":0,"4":0,"5":0,"6":0,"7":0,"8":0,"9":0,"10":0,"11":0,"12":0,"13":0,"14":0,"15":0,"16":0},"f":{"0":0,"1":0,"2":0,"3":0,"4":0},"b":{"0":[0,0],"1":[0,0],"2":[0,0],"3":[0,0],"4":[0,0],"5":[0,0],"6":[0,0],"7":[0,0],"8":[0,0],"9":[0,0],"10":[0,0],"11":[0,0],"12":[0,0]}}
,"/home/runner/work/web-components/web-components/src/components/BusySpinner/index.tsx": {"path":"/home/runner/work/web-components/web-components/src/components/BusySpinner/index.tsx","statementMap":{"0":{"start":{"line":11,"column":16},"end":{"line":11,"column":26}},"1":{"start":{"line":13,"column":2},"end":{"line":43,"column":4}}},"fnMap":{"0":{"name":"BusySpinner","decl":{"start":{"line":10,"column":24},"end":{"line":10,"column":35}},"loc":{"start":{"line":10,"column":96},"end":{"line":44,"column":1}},"line":10}},"branchMap":{"0":{"loc":{"start":{"line":21,"column":25},"end":{"line":23,"column":18}},"type":"cond-expr","locations":[{"start":{"line":22,"column":12},"end":{"line":22,"column":91}},{"start":{"line":23,"column":12},"end":{"line":23,"column":18}}],"line":21},"1":{"loc":{"start":{"line":25,"column":25},"end":{"line":29,"column":99}},"type":"cond-expr","locations":[{"start":{"line":26,"column":12},"end":{"line":26,"column":18}},{"start":{"line":27,"column":12},"end":{"line":29,"column":99}}],"line":25}},"s":{"0":0,"1":0},"f":{"0":0},"b":{"0":[0,0],"1":[0,0]}}
,"/home/runner/work/web-components/web-components/src/components/Button/Button.tsx": {"path":"/home/runner/work/web-components/web-components/src/components/Button/Button.tsx","statementMap":{"0":{"start":{"line":9,"column":18},"end":{"line":15,"column":3}},"1":{"start":{"line":9,"column":36},"end":{"line":15,"column":1}},"2":{"start":{"line":44,"column":6},"end":{"line":44,"column":11}},"3":{"start":{"line":45,"column":18},"end":{"line":45,"column":29}},"4":{"start":{"line":47,"column":2},"end":{"line":64,"column":4}}},"fnMap":{"0":{"name":"(anonymous_0)","decl":{"start":{"line":9,"column":29},"end":{"line":9,"column":30}},"loc":{"start":{"line":9,"column":36},"end":{"line":15,"column":1}},"line":9},"1":{"name":"Button","decl":{"start":{"line":31,"column":24},"end":{"line":31,"column":30}},"loc":{"start":{"line":31,"column":58},"end":{"line":65,"column":1}},"line":31}},"branchMap":{"0":{"loc":{"start":{"line":35,"column":4},"end":{"line":35,"column":23}},"type":"default-arg","locations":[{"start":{"line":35,"column":11},"end":{"line":35,"column":23}}],"line":35},"1":{"loc":{"start":{"line":36,"column":4},"end":{"line":36,"column":24}},"type":"default-arg","locations":[{"start":{"line":36,"column":15},"end":{"line":36,"column":24}}],"line":36},"2":{"loc":{"start":{"line":37,"column":4},"end":{"line":37,"column":18}},"type":"default-arg","locations":[{"start":{"line":37,"column":11},"end":{"line":37,"column":18}}],"line":37},"3":{"loc":{"start":{"line":52,"column":8},"end":{"line":52,"column":53}},"type":"cond-expr","locations":[{"start":{"line":52,"column":30},"end":{"line":52,"column":48}},{"start":{"line":52,"column":51},"end":{"line":52,"column":53}}],"line":52},"4":{"loc":{"start":{"line":52,"column":8},"end":{"line":52,"column":27}},"type":"binary-expr","locations":[{"start":{"line":52,"column":8},"end":{"line":52,"column":12}},{"start":{"line":52,"column":16},"end":{"line":52,"column":27}}],"line":52},"5":{"loc":{"start":{"line":54,"column":8},"end":{"line":54,"column":64}},"type":"cond-expr","locations":[{"start":{"line":54,"column":35},"end":{"line":54,"column":59}},{"start":{"line":54,"column":62},"end":{"line":54,"column":64}}],"line":54},"6":{"loc":{"start":{"line":54,"column":8},"end":{"line":54,"column":32}},"type":"binary-expr","locations":[{"start":{"line":54,"column":8},"end":{"line":54,"column":17}},{"start":{"line":54,"column":21},"end":{"line":54,"column":32}}],"line":54},"7":{"loc":{"start":{"line":56,"column":8},"end":{"line":56,"column":39}},"type":"cond-expr","locations":[{"start":{"line":56,"column":17},"end":{"line":56,"column":34}},{"start":{"line":56,"column":37},"end":{"line":56,"column":39}}],"line":56},"8":{"loc":{"start":{"line":56,"column":43},"end":{"line":56,"column":58}},"type":"binary-expr","locations":[{"start":{"line":56,"column":43},"end":{"line":56,"column":52}},{"start":{"line":56,"column":56},"end":{"line":56,"column":58}}],"line":56},"9":{"loc":{"start":{"line":59,"column":7},"end":{"line":59,"column":81}},"type":"binary-expr","locations":[{"start":{"line":59,"column":7},"end":{"line":59,"column":17}},{"start":{"line":59,"column":21},"end":{"line":59,"column":81}}],"line":59},"10":{"loc":{"start":{"line":60,"column":7},"end":{"line":60,"column":62}},"type":"binary-expr","locations":[{"start":{"line":60,"column":7},"end":{"line":60,"column":18}},{"start":{"line":60,"column":22},"end":{"line":60,"column":26}},{"start":{"line":60,"column":30},"end":{"line":60,"column":62}}],"line":60},"11":{"loc":{"start":{"line":61,"column":7},"end":{"line":61,"column":38}},"type":"binary-expr","locations":[{"start":{"line":61,"column":7},"end":{"line":61,"column":18}},{"start":{"line":61,"column":22},"end":{"line":61,"column":29}},{"start":{"line":61,"column":33},"end":{"line":61,"column":38}}],"line":61},"12":{"loc":{"start":{"line":62,"column":7},"end":{"line":62,"column":95}},"type":"binary-expr","locations":[{"start":{"line":62,"column":7},"end":{"line":62,"column":18}},{"start":{"line":62,"column":22},"end":{"line":62,"column":31}},{"start":{"line":62,"column":35},"end":{"line":62,"column":95}}],"line":62}},"s":{"0":1,"1":2,"2":2,"3":2,"4":2},"f":{"0":2,"1":2},"b":{"0":[2],"1":[2],"2":[2],"3":[0,2],"4":[2,0],"5":[0,2],"6":[2,0],"7":[0,2],"8":[2,2],"9":[2,0],"10":[2,2,0],"11":[2,2,2],"12":[2,2,0]},"_coverageSchema":"1a1c01bbd47fc00a2c39e90264f33305004495a9","hash":"fb655a07454a6f49b7501c642b87352ca23f5ac6"}
,"/home/runner/work/web-components/web-components/src/components/DatePicker/DatePicker.tsx": {"path":"/home/runner/work/web-components/web-components/src/components/DatePicker/DatePicker.tsx","statementMap":{"0":{"start":{"line":30,"column":44},"end":{"line":30,"column":73}},"1":{"start":{"line":31,"column":17},"end":{"line":31,"column":37}},"2":{"start":{"line":32,"column":2},"end":{"line":34,"column":15}},"3":{"start":{"line":33,"column":4},"end":{"line":33,"column":28}},"4":{"start":{"line":36,"column":2},"end":{"line":40,"column":20}},"5":{"start":{"line":37,"column":4},"end":{"line":39,"column":5}},"6":{"start":{"line":38,"column":6},"end":{"line":38,"column":44}},"7":{"start":{"line":42,"column":22},"end":{"line":54,"column":3}},"8":{"start":{"line":43,"column":4},"end":{"line":53,"column":7}},"9":{"start":{"line":57,"column":2},"end":{"line":57,"column":55}},"10":{"start":{"line":62,"column":2},"end":{"line":85,"column":4}},"11":{"start":{"line":77,"column":12},"end":{"line":77,"column":39}},"12":{"start":{"line":78,"column":12},"end":{"line":78,"column":76}}},"fnMap":{"0":{"name":"DatePicker","decl":{"start":{"line":29,"column":24},"end":{"line":29,"column":34}},"loc":{"start":{"line":29,"column":62},"end":{"line":86,"column":1}},"line":29},"1":{"name":"(anonymous_1)","decl":{"start":{"line":32,"column":18},"end":{"line":32,"column":19}},"loc":{"start":{"line":32,"column":24},"end":{"line":34,"column":3}},"line":32},"2":{"name":"(anonymous_2)","decl":{"start":{"line":36,"column":18},"end":{"line":36,"column":19}},"loc":{"start":{"line":36,"column":24},"end":{"line":40,"column":3}},"line":36},"3":{"name":"(anonymous_3)","decl":{"start":{"line":42,"column":22},"end":{"line":42,"column":23}},"loc":{"start":{"line":43,"column":4},"end":{"line":53,"column":7}},"line":43},"4":{"name":"(anonymous_4)","decl":{"start":{"line":76,"column":20},"end":{"line":76,"column":21}},"loc":{"start":{"line":76,"column":39},"end":{"line":79,"column":11}},"line":76}},"branchMap":{"0":{"loc":{"start":{"line":30,"column":53},"end":{"line":30,"column":72}},"type":"binary-expr","locations":[{"start":{"line":30,"column":53},"end":{"line":30,"column":64}},{"start":{"line":30,"column":68},"end":{"line":30,"column":72}}],"line":30},"1":{"loc":{"start":{"line":31,"column":17},"end":{"line":31,"column":37}},"type":"binary-expr","locations":[{"start":{"line":31,"column":17},"end":{"line":31,"column":29}},{"start":{"line":31,"column":33},"end":{"line":31,"column":37}}],"line":31},"2":{"loc":{"start":{"line":37,"column":4},"end":{"line":39,"column":5}},"type":"if","locations":[{"start":{"line":37,"column":4},"end":{"line":39,"column":5}},{"start":{},"end":{}}],"line":37},"3":{"loc":{"start":{"line":37,"column":8},"end":{"line":37,"column":61}},"type":"binary-expr","locations":[{"start":{"line":37,"column":8},"end":{"line":37,"column":37}},{"start":{"line":37,"column":41},"end":{"line":37,"column":61}}],"line":37},"4":{"loc":{"start":{"line":38,"column":23},"end":{"line":38,"column":42}},"type":"binary-expr","locations":[{"start":{"line":38,"column":23},"end":{"line":38,"column":34}},{"start":{"line":38,"column":38},"end":{"line":38,"column":42}}],"line":38},"5":{"loc":{"start":{"line":45,"column":7},"end":{"line":52,"column":7}},"type":"binary-expr","locations":[{"start":{"line":45,"column":7},"end":{"line":45,"column":22}},{"start":{"line":46,"column":8},"end":{"line":51,"column":14}}],"line":45},"6":{"loc":{"start":{"line":57,"column":23},"end":{"line":57,"column":53}},"type":"binary-expr","locations":[{"start":{"line":57,"column":23},"end":{"line":57,"column":44}},{"start":{"line":57,"column":48},"end":{"line":57,"column":53}}],"line":57},"7":{"loc":{"start":{"line":63,"column":54},"end":{"line":63,"column":97}},"type":"cond-expr","locations":[{"start":{"line":63,"column":72},"end":{"line":63,"column":92}},{"start":{"line":63,"column":95},"end":{"line":63,"column":97}}],"line":63},"8":{"loc":{"start":{"line":65,"column":9},"end":{"line":69,"column":9}},"type":"binary-expr","locations":[{"start":{"line":65,"column":9},"end":{"line":65,"column":20}},{"start":{"line":66,"column":10},"end":{"line":68,"column":18}}],"line":65},"9":{"loc":{"start":{"line":72,"column":19},"end":{"line":72,"column":68}},"type":"cond-expr","locations":[{"start":{"line":72,"column":35},"end":{"line":72,"column":56}},{"start":{"line":72,"column":59},"end":{"line":72,"column":68}}],"line":72},"10":{"loc":{"start":{"line":73,"column":19},"end":{"line":73,"column":68}},"type":"cond-expr","locations":[{"start":{"line":73,"column":35},"end":{"line":73,"column":56}},{"start":{"line":73,"column":59},"end":{"line":73,"column":68}}],"line":73},"11":{"loc":{"start":{"line":78,"column":27},"end":{"line":78,"column":74}},"type":"cond-expr","locations":[{"start":{"line":78,"column":49},"end":{"line":78,"column":67}},{"start":{"line":78,"column":70},"end":{"line":78,"column":74}}],"line":78}},"s":{"0":0,"1":0,"2":0,"3":0,"4":0,"5":0,"6":0,"7":0,"8":0,"9":0,"10":0,"11":0,"12":0},"f":{"0":0,"1":0,"2":0,"3":0,"4":0},"b":{"0":[0,0],"1":[0,0],"2":[0,0],"3":[0,0],"4":[0,0],"5":[0,0],"6":[0,0],"7":[0,0],"8":[0,0],"9":[0,0],"10":[0,0],"11":[0,0]}}
,"/home/runner/work/web-components/web-components/src/components/DialogBox/DialogBox.tsx": {"path":"/home/runner/work/web-components/web-components/src/components/DialogBox/DialogBox.tsx","statementMap":{"0":{"start":{"line":22,"column":118},"end":{"line":22,"column":123}},"1":{"start":{"line":24,"column":20},"end":{"line":24,"column":63}},"2":{"start":{"line":26,"column":23},"end":{"line":26,"column":38}},"3":{"start":{"line":28,"column":2},"end":{"line":83,"column":11}},"4":{"start":{"line":55,"column":38},"end":{"line":59,"column":21}},"5":{"start":{"line":61,"column":20},"end":{"line":61,"column":37}},"6":{"start":{"line":69,"column":36},"end":{"line":73,"column":19}},"7":{"start":{"line":75,"column":18},"end":{"line":75,"column":35}}},"fnMap":{"0":{"name":"DialogBox","decl":{"start":{"line":21,"column":24},"end":{"line":21,"column":33}},"loc":{"start":{"line":21,"column":68},"end":{"line":84,"column":1}},"line":21},"1":{"name":"(anonymous_1)","decl":{"start":{"line":54,"column":37},"end":{"line":54,"column":38}},"loc":{"start":{"line":54,"column":52},"end":{"line":62,"column":19}},"line":54},"2":{"name":"(anonymous_2)","decl":{"start":{"line":68,"column":36},"end":{"line":68,"column":37}},"loc":{"start":{"line":68,"column":51},"end":{"line":76,"column":17}},"line":68}},"branchMap":{"0":{"loc":{"start":{"line":24,"column":20},"end":{"line":24,"column":63}},"type":"binary-expr","locations":[{"start":{"line":24,"column":20},"end":{"line":24,"column":30}},{"start":{"line":24,"column":34},"end":{"line":24,"column":46}},{"start":{"line":24,"column":50},"end":{"line":24,"column":63}}],"line":24},"1":{"loc":{"start":{"line":28,"column":9},"end":{"line":83,"column":10}},"type":"cond-expr","locations":[{"start":{"line":29,"column":4},"end":{"line":82,"column":10}},{"start":{"line":83,"column":6},"end":{"line":83,"column":10}}],"line":28},"2":{"loc":{"start":{"line":30,"column":40},"end":{"line":30,"column":62}},"type":"cond-expr","locations":[{"start":{"line":30,"column":48},"end":{"line":30,"column":57}},{"start":{"line":30,"column":60},"end":{"line":30,"column":62}}],"line":30},"3":{"loc":{"start":{"line":30,"column":66},"end":{"line":30,"column":116}},"type":"cond-expr","locations":[{"start":{"line":30,"column":73},"end":{"line":30,"column":93}},{"start":{"line":30,"column":96},"end":{"line":30,"column":116}}],"line":30},"4":{"loc":{"start":{"line":31,"column":8},"end":{"line":31,"column":32}},"type":"cond-expr","locations":[{"start":{"line":31,"column":19},"end":{"line":31,"column":27}},{"start":{"line":31,"column":30},"end":{"line":31,"column":32}}],"line":31},"5":{"loc":{"start":{"line":43,"column":22},"end":{"line":43,"column":83}},"type":"cond-expr","locations":[{"start":{"line":43,"column":34},"end":{"line":43,"column":52}},{"start":{"line":43,"column":55},"end":{"line":43,"column":83}}],"line":43},"6":{"loc":{"start":{"line":43,"column":88},"end":{"line":43,"column":115}},"type":"cond-expr","locations":[{"start":{"line":43,"column":99},"end":{"line":43,"column":110}},{"start":{"line":43,"column":113},"end":{"line":43,"column":115}}],"line":43},"7":{"loc":{"start":{"line":48,"column":9},"end":{"line":80,"column":9}},"type":"binary-expr","locations":[{"start":{"line":48,"column":9},"end":{"line":48,"column":18}},{"start":{"line":49,"column":10},"end":{"line":79,"column":16}}],"line":48},"8":{"loc":{"start":{"line":50,"column":13},"end":{"line":65,"column":13}},"type":"binary-expr","locations":[{"start":{"line":50,"column":13},"end":{"line":50,"column":23}},{"start":{"line":51,"column":14},"end":{"line":64,"column":20}}],"line":50},"9":{"loc":{"start":{"line":58,"column":50},"end":{"line":58,"column":75}},"type":"binary-expr","locations":[{"start":{"line":58,"column":50},"end":{"line":58,"column":63}},{"start":{"line":58,"column":67},"end":{"line":58,"column":75}}],"line":58},"10":{"loc":{"start":{"line":66,"column":13},"end":{"line":78,"column":13}},"type":"binary-expr","locations":[{"start":{"line":66,"column":13},"end":{"line":66,"column":26}},{"start":{"line":67,"column":14},"end":{"line":77,"column":20}}],"line":66},"11":{"loc":{"start":{"line":72,"column":48},"end":{"line":72,"column":73}},"type":"binary-expr","locations":[{"start":{"line":72,"column":48},"end":{"line":72,"column":61}},{"start":{"line":72,"column":65},"end":{"line":72,"column":73}}],"line":72}},"s":{"0":0,"1":0,"2":0,"3":0,"4":0,"5":0,"6":0,"7":0},"f":{"0":0,"1":0,"2":0},"b":{"0":[0,0,0],"1":[0,0],"2":[0,0],"3":[0,0],"4":[0,0],"5":[0,0],"6":[0,0],"7":[0,0],"8":[0,0],"9":[0,0],"10":[0,0],"11":[0,0]}}
,"/home/runner/work/web-components/web-components/src/components/ErrorBox/ErrorBox.tsx": {"path":"/home/runner/work/web-components/web-components/src/components/ErrorBox/ErrorBox.tsx","statementMap":{"0":{"start":{"line":16,"column":58},"end":{"line":16,"column":63}},"1":{"start":{"line":17,"column":23},"end":{"line":17,"column":38}},"2":{"start":{"line":19,"column":2},"end":{"line":34,"column":4}}},"fnMap":{"0":{"name":"ErrorBox","decl":{"start":{"line":15,"column":24},"end":{"line":15,"column":32}},"loc":{"start":{"line":15,"column":60},"end":{"line":35,"column":1}},"line":15}},"branchMap":{"0":{"loc":{"start":{"line":20,"column":46},"end":{"line":20,"column":70}},"type":"cond-expr","locations":[{"start":{"line":20,"column":57},"end":{"line":20,"column":65}},{"start":{"line":20,"column":68},"end":{"line":20,"column":70}}],"line":20},"1":{"loc":{"start":{"line":24,"column":11},"end":{"line":24,"column":60}},"type":"binary-expr","locations":[{"start":{"line":24,"column":11},"end":{"line":24,"column":16}},{"start":{"line":24,"column":20},"end":{"line":24,"column":60}}],"line":24},"2":{"loc":{"start":{"line":28,"column":7},"end":{"line":32,"column":7}},"type":"binary-expr","locations":[{"start":{"line":28,"column":7},"end":{"line":28,"column":17}},{"start":{"line":28,"column":21},"end":{"line":28,"column":28}},{"start":{"line":29,"column":8},"end":{"line":31,"column":14}}],"line":28}},"s":{"0":0,"1":0,"2":0},"f":{"0":0},"b":{"0":[0,0],"1":[0,0],"2":[0,0,0]}}
,"/home/runner/work/web-components/web-components/src/components/FormBottomBar/index.tsx": {"path":"/home/runner/work/web-components/web-components/src/components/FormBottomBar/index.tsx","statementMap":{"0":{"start":{"line":12,"column":18},"end":{"line":43,"column":3}},"1":{"start":{"line":12,"column":48},"end":{"line":43,"column":1}},"2":{"start":{"line":27,"column":43},"end":{"line":27,"column":84}},"3":{"start":{"line":28,"column":37},"end":{"line":28,"column":100}},"4":{"start":{"line":29,"column":35},"end":{"line":29,"column":82}},"5":{"start":{"line":33,"column":39},"end":{"line":33,"column":81}},"6":{"start":{"line":36,"column":39},"end":{"line":36,"column":81}},"7":{"start":{"line":41,"column":43},"end":{"line":41,"column":84}},"8":{"start":{"line":75,"column":34},"end":{"line":75,"column":49}},"9":{"start":{"line":76,"column":18},"end":{"line":76,"column":52}},"10":{"start":{"line":78,"column":2},"end":{"line":119,"column":4}},"11":{"start":{"line":97,"column":12},"end":{"line":107,"column":14}}},"fnMap":{"0":{"name":"(anonymous_0)","decl":{"start":{"line":12,"column":29},"end":{"line":12,"column":30}},"loc":{"start":{"line":12,"column":48},"end":{"line":43,"column":1}},"line":12},"1":{"name":"(anonymous_1)","decl":{"start":{"line":27,"column":19},"end":{"line":27,"column":20}},"loc":{"start":{"line":27,"column":43},"end":{"line":27,"column":84}},"line":27},"2":{"name":"(anonymous_2)","decl":{"start":{"line":28,"column":13},"end":{"line":28,"column":14}},"loc":{"start":{"line":28,"column":37},"end":{"line":28,"column":100}},"line":28},"3":{"name":"(anonymous_3)","decl":{"start":{"line":29,"column":11},"end":{"line":29,"column":12}},"loc":{"start":{"line":29,"column":35},"end":{"line":29,"column":82}},"line":29},"4":{"name":"(anonymous_4)","decl":{"start":{"line":33,"column":15},"end":{"line":33,"column":16}},"loc":{"start":{"line":33,"column":39},"end":{"line":33,"column":81}},"line":33},"5":{"name":"(anonymous_5)","decl":{"start":{"line":36,"column":15},"end":{"line":36,"column":16}},"loc":{"start":{"line":36,"column":39},"end":{"line":36,"column":81}},"line":36},"6":{"name":"(anonymous_6)","decl":{"start":{"line":41,"column":19},"end":{"line":41,"column":20}},"loc":{"start":{"line":41,"column":43},"end":{"line":41,"column":84}},"line":41},"7":{"name":"FormBottomBar","decl":{"start":{"line":65,"column":24},"end":{"line":65,"column":37}},"loc":{"start":{"line":74,"column":23},"end":{"line":120,"column":1}},"line":74},"8":{"name":"(anonymous_8)","decl":{"start":{"line":96,"column":37},"end":{"line":96,"column":38}},"loc":{"start":{"line":97,"column":12},"end":{"line":107,"column":14}},"line":97}},"branchMap":{"0":{"loc":{"start":{"line":27,"column":43},"end":{"line":27,"column":84}},"type":"cond-expr","locations":[{"start":{"line":27,"column":60},"end":{"line":27,"column":76}},{"start":{"line":27,"column":79},"end":{"line":27,"column":84}}],"line":27},"1":{"loc":{"start":{"line":28,"column":37},"end":{"line":28,"column":100}},"type":"cond-expr","locations":[{"start":{"line":28,"column":55},"end":{"line":28,"column":66}},{"start":{"line":28,"column":69},"end":{"line":28,"column":100}}],"line":28},"2":{"loc":{"start":{"line":29,"column":35},"end":{"line":29,"column":82}},"type":"cond-expr","locations":[{"start":{"line":29,"column":53},"end":{"line":29,"column":73}},{"start":{"line":29,"column":76},"end":{"line":29,"column":82}}],"line":29},"3":{"loc":{"start":{"line":33,"column":39},"end":{"line":33,"column":81}},"type":"cond-expr","locations":[{"start":{"line":33,"column":56},"end":{"line":33,"column":72}},{"start":{"line":33,"column":75},"end":{"line":33,"column":81}}],"line":33},"4":{"loc":{"start":{"line":36,"column":39},"end":{"line":36,"column":81}},"type":"cond-expr","locations":[{"start":{"line":36,"column":56},"end":{"line":36,"column":72}},{"start":{"line":36,"column":75},"end":{"line":36,"column":81}}],"line":36},"5":{"loc":{"start":{"line":41,"column":43},"end":{"line":41,"column":84}},"type":"cond-expr","locations":[{"start":{"line":41,"column":60},"end":{"line":41,"column":76}},{"start":{"line":41,"column":79},"end":{"line":41,"column":84}}],"line":41},"6":{"loc":{"start":{"line":82,"column":60},"end":{"line":82,"column":82}},"type":"cond-expr","locations":[{"start":{"line":82,"column":72},"end":{"line":82,"column":78}},{"start":{"line":82,"column":81},"end":{"line":82,"column":82}}],"line":82},"7":{"loc":{"start":{"line":86,"column":12},"end":{"line":86,"column":41}},"type":"binary-expr","locations":[{"start":{"line":86,"column":12},"end":{"line":86,"column":20}},{"start":{"line":86,"column":24},"end":{"line":86,"column":41}}],"line":86},"8":{"loc":{"start":{"line":95,"column":9},"end":{"line":108,"column":12}},"type":"binary-expr","locations":[{"start":{"line":95,"column":9},"end":{"line":95,"column":31}},{"start":{"line":96,"column":10},"end":{"line":108,"column":12}}],"line":95},"9":{"loc":{"start":{"line":110,"column":14},"end":{"line":110,"column":39}},"type":"binary-expr","locations":[{"start":{"line":110,"column":14},"end":{"line":110,"column":20}},{"start":{"line":110,"column":24},"end":{"line":110,"column":39}}],"line":110}},"s":{"0":0,"1":0,"2":0,"3":0,"4":0,"5":0,"6":0,"7":0,"8":0,"9":0,"10":0,"11":0},"f":{"0":0,"1":0,"2":0,"3":0,"4":0,"5":0,"6":0,"7":0,"8":0},"b":{"0":[0,0],"1":[0,0],"2":[0,0],"3":[0,0],"4":[0,0],"5":[0,0],"6":[0,0],"7":[0,0],"8":[0,0],"9":[0,0]}}
,"/home/runner/work/web-components/web-components/src/components/Icon/Icon.tsx": {"path":"/home/runner/work/web-components/web-components/src/components/Icon/Icon.tsx","statementMap":{"0":{"start":{"line":11,"column":18},"end":{"line":17,"column":3}},"1":{"start":{"line":11,"column":36},"end":{"line":17,"column":1}},"2":{"start":{"line":14,"column":35},"end":{"line":14,"column":50}},"3":{"start":{"line":27,"column":18},"end":{"line":27,"column":42}},"4":{"start":{"line":28,"column":23},"end":{"line":28,"column":34}},"5":{"start":{"line":30,"column":2},"end":{"line":30,"column":117}}},"fnMap":{"0":{"name":"(anonymous_0)","decl":{"start":{"line":11,"column":29},"end":{"line":11,"column":30}},"loc":{"start":{"line":11,"column":36},"end":{"line":17,"column":1}},"line":11},"1":{"name":"(anonymous_1)","decl":{"start":{"line":14,"column":12},"end":{"line":14,"column":13}},"loc":{"start":{"line":14,"column":35},"end":{"line":14,"column":50}},"line":14},"2":{"name":"Icon","decl":{"start":{"line":26,"column":24},"end":{"line":26,"column":28}},"loc":{"start":{"line":26,"column":97},"end":{"line":31,"column":1}},"line":26}},"branchMap":{"0":{"loc":{"start":{"line":26,"column":31},"end":{"line":26,"column":45}},"type":"default-arg","locations":[{"start":{"line":26,"column":38},"end":{"line":26,"column":45}}],"line":26},"1":{"loc":{"start":{"line":30,"column":62},"end":{"line":30,"column":77}},"type":"binary-expr","locations":[{"start":{"line":30,"column":62},"end":{"line":30,"column":71}},{"start":{"line":30,"column":75},"end":{"line":30,"column":77}}],"line":30},"2":{"loc":{"start":{"line":30,"column":81},"end":{"line":30,"column":110}},"type":"cond-expr","locations":[{"start":{"line":30,"column":93},"end":{"line":30,"column":105}},{"start":{"line":30,"column":108},"end":{"line":30,"column":110}}],"line":30}},"s":{"0":2,"1":3,"2":6,"3":6,"4":6,"5":6},"f":{"0":3,"1":6,"2":6},"b":{"0":[6],"1":[6,0],"2":[0,6]},"_coverageSchema":"1a1c01bbd47fc00a2c39e90264f33305004495a9","hash":"7e7a04621486fc05cab4fdfeb3949553052e1fbb"}
,"/home/runner/work/web-components/web-components/src/components/Icon/icons/index.tsx": {"path":"/home/runner/work/web-components/web-components/src/components/Icon/icons/index.tsx","statementMap":{"0":{"start":{"line":211,"column":46},"end":{"line":312,"column":1}}},"fnMap":{},"branchMap":{},"s":{"0":2},"f":{},"b":{},"_coverageSchema":"1a1c01bbd47fc00a2c39e90264f33305004495a9","hash":"d2f1d3d21bae269ed943d3acd31ac67f57ba2991"}
,"/home/runner/work/web-components/web-components/src/components/IconTooltip/index.tsx": {"path":"/home/runner/work/web-components/web-components/src/components/IconTooltip/index.tsx","statementMap":{"0":{"start":{"line":9,"column":18},"end":{"line":27,"column":3}},"1":{"start":{"line":9,"column":48},"end":{"line":27,"column":1}},"2":{"start":{"line":36,"column":26},"end":{"line":36,"column":47}},"3":{"start":{"line":37,"column":23},"end":{"line":37,"column":38}},"4":{"start":{"line":38,"column":18},"end":{"line":38,"column":29}},"5":{"start":{"line":40,"column":29},"end":{"line":42,"column":3}},"6":{"start":{"line":41,"column":4},"end":{"line":41,"column":19}},"7":{"start":{"line":44,"column":28},"end":{"line":46,"column":3}},"8":{"start":{"line":45,"column":4},"end":{"line":45,"column":18}},"9":{"start":{"line":48,"column":2},"end":{"line":67,"column":4}}},"fnMap":{"0":{"name":"(anonymous_0)","decl":{"start":{"line":9,"column":29},"end":{"line":9,"column":30}},"loc":{"start":{"line":9,"column":48},"end":{"line":27,"column":1}},"line":9},"1":{"name":"IconTooltip","decl":{"start":{"line":35,"column":24},"end":{"line":35,"column":35}},"loc":{"start":{"line":35,"column":122},"end":{"line":68,"column":1}},"line":35},"2":{"name":"(anonymous_2)","decl":{"start":{"line":40,"column":29},"end":{"line":40,"column":30}},"loc":{"start":{"line":40,"column":35},"end":{"line":42,"column":3}},"line":40},"3":{"name":"(anonymous_3)","decl":{"start":{"line":44,"column":28},"end":{"line":44,"column":29}},"loc":{"start":{"line":44,"column":34},"end":{"line":46,"column":3}},"line":44}},"branchMap":{"0":{"loc":{"start":{"line":35,"column":38},"end":{"line":35,"column":55}},"type":"default-arg","locations":[{"start":{"line":35,"column":49},"end":{"line":35,"column":55}}],"line":35},"1":{"loc":{"start":{"line":35,"column":57},"end":{"line":35,"column":80}},"type":"default-arg","locations":[{"start":{"line":35,"column":69},"end":{"line":35,"column":80}}],"line":35},"2":{"loc":{"start":{"line":56,"column":12},"end":{"line":56,"column":39}},"type":"cond-expr","locations":[{"start":{"line":56,"column":23},"end":{"line":56,"column":27}},{"start":{"line":56,"column":30},"end":{"line":56,"column":39}}],"line":56},"3":{"loc":{"start":{"line":59,"column":18},"end":{"line":59,"column":46}},"type":"cond-expr","locations":[{"start":{"line":59,"column":29},"end":{"line":59,"column":36}},{"start":{"line":59,"column":39},"end":{"line":59,"column":46}}],"line":59}},"s":{"0":1,"1":0,"2":0,"3":0,"4":0,"5":0,"6":0,"7":0,"8":0,"9":0},"f":{"0":0,"1":0,"2":0,"3":0},"b":{"0":[0],"1":[0],"2":[0,0],"3":[0,0]},"_coverageSchema":"1a1c01bbd47fc00a2c39e90264f33305004495a9","hash":"76adb8718757241ae436662a191f089117f37e20"}
,"/home/runner/work/web-components/web-components/src/components/Message/Message.tsx": {"path":"/home/runner/work/web-components/web-components/src/components/Message/Message.tsx","statementMap":{"0":{"start":{"line":19,"column":108},"end":{"line":19,"column":113}},"1":{"start":{"line":20,"column":23},"end":{"line":20,"column":38}},"2":{"start":{"line":22,"column":2},"end":{"line":67,"column":4}},"3":{"start":{"line":44,"column":44},"end":{"line":48,"column":19}},"4":{"start":{"line":50,"column":18},"end":{"line":50,"column":43}}},"fnMap":{"0":{"name":"Message","decl":{"start":{"line":18,"column":24},"end":{"line":18,"column":31}},"loc":{"start":{"line":18,"column":66},"end":{"line":68,"column":1}},"line":18},"1":{"name":"(anonymous_1)","decl":{"start":{"line":43,"column":34},"end":{"line":43,"column":35}},"loc":{"start":{"line":43,"column":57},"end":{"line":51,"column":17}},"line":43}},"branchMap":{"0":{"loc":{"start":{"line":23,"column":78},"end":{"line":23,"column":114}},"type":"cond-expr","locations":[{"start":{"line":23,"column":89},"end":{"line":23,"column":109}},{"start":{"line":23,"column":112},"end":{"line":23,"column":114}}],"line":23},"1":{"loc":{"start":{"line":24,"column":7},"end":{"line":28,"column":7}},"type":"binary-expr","locations":[{"start":{"line":24,"column":7},"end":{"line":24,"column":23}},{"start":{"line":25,"column":8},"end":{"line":27,"column":14}}],"line":24},"2":{"loc":{"start":{"line":31,"column":11},"end":{"line":31,"column":85}},"type":"binary-expr","locations":[{"start":{"line":31,"column":11},"end":{"line":31,"column":26}},{"start":{"line":31,"column":30},"end":{"line":31,"column":85}}],"line":31},"3":{"loc":{"start":{"line":33,"column":13},"end":{"line":37,"column":13}},"type":"binary-expr","locations":[{"start":{"line":33,"column":13},"end":{"line":33,"column":18}},{"start":{"line":34,"column":14},"end":{"line":36,"column":20}}],"line":33},"4":{"loc":{"start":{"line":39,"column":13},"end":{"line":39,"column":60}},"type":"cond-expr","locations":[{"start":{"line":39,"column":40},"end":{"line":39,"column":53}},{"start":{"line":39,"column":56},"end":{"line":39,"column":60}}],"line":39},"5":{"loc":{"start":{"line":41,"column":13},"end":{"line":53,"column":20}},"type":"cond-expr","locations":[{"start":{"line":42,"column":14},"end":{"line":52,"column":20}},{"start":{"line":53,"column":16},"end":{"line":53,"column":20}}],"line":41},"6":{"loc":{"start":{"line":41,"column":13},"end":{"line":41,"column":69}},"type":"binary-expr","locations":[{"start":{"line":41,"column":13},"end":{"line":41,"column":28}},{"start":{"line":41,"column":32},"end":{"line":41,"column":43}},{"start":{"line":41,"column":47},"end":{"line":41,"column":69}}],"line":41},"7":{"loc":{"start":{"line":47,"column":56},"end":{"line":47,"column":89}},"type":"binary-expr","locations":[{"start":{"line":47,"column":56},"end":{"line":47,"column":77}},{"start":{"line":47,"column":81},"end":{"line":47,"column":89}}],"line":47},"8":{"loc":{"start":{"line":56,"column":9},"end":{"line":64,"column":16}},"type":"cond-expr","locations":[{"start":{"line":57,"column":10},"end":{"line":59,"column":19}},{"start":{"line":60,"column":12},"end":{"line":64,"column":16}}],"line":56},"9":{"loc":{"start":{"line":56,"column":9},"end":{"line":56,"column":39}},"type":"binary-expr","locations":[{"start":{"line":56,"column":9},"end":{"line":56,"column":25}},{"start":{"line":56,"column":29},"end":{"line":56,"column":39}}],"line":56},"10":{"loc":{"start":{"line":60,"column":12},"end":{"line":64,"column":16}},"type":"cond-expr","locations":[{"start":{"line":61,"column":10},"end":{"line":63,"column":19}},{"start":{"line":64,"column":12},"end":{"line":64,"column":16}}],"line":60}},"s":{"0":0,"1":0,"2":0,"3":0,"4":0},"f":{"0":0,"1":0},"b":{"0":[0,0],"1":[0,0],"2":[0,0],"3":[0,0],"4":[0,0],"5":[0,0],"6":[0,0,0],"7":[0,0],"8":[0,0],"9":[0,0],"10":[0,0]}}
,"/home/runner/work/web-components/web-components/src/components/MultiSelect/index.tsx": {"path":"/home/runner/work/web-components/web-components/src/components/MultiSelect/index.tsx","statementMap":{"0":{"start":{"line":46,"column":6},"end":{"line":46,"column":11}},"1":{"start":{"line":48,"column":44},"end":{"line":48,"column":59}},"2":{"start":{"line":50,"column":24},"end":{"line":52,"column":3}},"3":{"start":{"line":51,"column":4},"end":{"line":51,"column":55}},"4":{"start":{"line":51,"column":33},"end":{"line":51,"column":53}},"5":{"start":{"line":54,"column":24},"end":{"line":59,"column":3}},"6":{"start":{"line":55,"column":4},"end":{"line":55,"column":28}},"7":{"start":{"line":56,"column":4},"end":{"line":58,"column":5}},"8":{"start":{"line":57,"column":6},"end":{"line":57,"column":21}},"9":{"start":{"line":61,"column":28},"end":{"line":61,"column":108}},"10":{"start":{"line":61,"column":77},"end":{"line":61,"column":107}},"11":{"start":{"line":63,"column":25},"end":{"line":72,"column":54}},"12":{"start":{"line":65,"column":20},"end":{"line":65,"column":37}},"13":{"start":{"line":67,"column":6},"end":{"line":70,"column":8}},"14":{"start":{"line":72,"column":22},"end":{"line":72,"column":32}},"15":{"start":{"line":74,"column":2},"end":{"line":114,"column":4}},"16":{"start":{"line":96,"column":36},"end":{"line":96,"column":58}},"17":{"start":{"line":98,"column":16},"end":{"line":102,"column":18}},"18":{"start":{"line":99,"column":74},"end":{"line":99,"column":90}}},"fnMap":{"0":{"name":"MultiSelect","decl":{"start":{"line":28,"column":24},"end":{"line":28,"column":35}},"loc":{"start":{"line":28,"column":86},"end":{"line":115,"column":1}},"line":28},"1":{"name":"(anonymous_1)","decl":{"start":{"line":50,"column":24},"end":{"line":50,"column":25}},"loc":{"start":{"line":50,"column":30},"end":{"line":52,"column":3}},"line":50},"2":{"name":"(anonymous_2)","decl":{"start":{"line":51,"column":21},"end":{"line":51,"column":22}},"loc":{"start":{"line":51,"column":33},"end":{"line":51,"column":53}},"line":51},"3":{"name":"(anonymous_3)","decl":{"start":{"line":54,"column":24},"end":{"line":54,"column":25}},"loc":{"start":{"line":54,"column":30},"end":{"line":59,"column":3}},"line":54},"4":{"name":"(anonymous_4)","decl":{"start":{"line":61,"column":65},"end":{"line":61,"column":66}},"loc":{"start":{"line":61,"column":77},"end":{"line":61,"column":107}},"line":61},"5":{"name":"(anonymous_5)","decl":{"start":{"line":64,"column":9},"end":{"line":64,"column":10}},"loc":{"start":{"line":64,"column":19},"end":{"line":71,"column":5}},"line":64},"6":{"name":"(anonymous_6)","decl":{"start":{"line":72,"column":12},"end":{"line":72,"column":13}},"loc":{"start":{"line":72,"column":22},"end":{"line":72,"column":32}},"line":72},"7":{"name":"(anonymous_7)","decl":{"start":{"line":95,"column":37},"end":{"line":95,"column":38}},"loc":{"start":{"line":95,"column":59},"end":{"line":103,"column":15}},"line":95},"8":{"name":"(anonymous_8)","decl":{"start":{"line":99,"column":68},"end":{"line":99,"column":69}},"loc":{"start":{"line":99,"column":74},"end":{"line":99,"column":90}},"line":99}},"branchMap":{"0":{"loc":{"start":{"line":51,"column":33},"end":{"line":51,"column":53}},"type":"binary-expr","locations":[{"start":{"line":51,"column":33},"end":{"line":51,"column":40}},{"start":{"line":51,"column":44},"end":{"line":51,"column":53}}],"line":51},"1":{"loc":{"start":{"line":56,"column":4},"end":{"line":58,"column":5}},"type":"if","locations":[{"start":{"line":56,"column":4},"end":{"line":58,"column":5}},{"start":{},"end":{}}],"line":56},"2":{"loc":{"start":{"line":69,"column":15},"end":{"line":69,"column":75}},"type":"cond-expr","locations":[{"start":{"line":69,"column":23},"end":{"line":69,"column":43}},{"start":{"line":69,"column":46},"end":{"line":69,"column":75}}],"line":69},"3":{"loc":{"start":{"line":69,"column":46},"end":{"line":69,"column":75}},"type":"binary-expr","locations":[{"start":{"line":69,"column":46},"end":{"line":69,"column":69}},{"start":{"line":69,"column":73},"end":{"line":69,"column":75}}],"line":69},"4":{"loc":{"start":{"line":76,"column":7},"end":{"line":80,"column":7}},"type":"binary-expr","locations":[{"start":{"line":76,"column":7},"end":{"line":76,"column":12}},{"start":{"line":77,"column":8},"end":{"line":79,"column":16}}],"line":76},"5":{"loc":{"start":{"line":78,"column":19},"end":{"line":78,"column":71}},"type":"binary-expr","locations":[{"start":{"line":78,"column":19},"end":{"line":78,"column":31}},{"start":{"line":78,"column":35},"end":{"line":78,"column":71}}],"line":78},"6":{"loc":{"start":{"line":81,"column":49},"end":{"line":81,"column":102}},"type":"cond-expr","locations":[{"start":{"line":81,"column":61},"end":{"line":81,"column":97}},{"start":{"line":81,"column":100},"end":{"line":81,"column":102}}],"line":81},"7":{"loc":{"start":{"line":82,"column":55},"end":{"line":82,"column":83}},"type":"cond-expr","locations":[{"start":{"line":82,"column":66},"end":{"line":82,"column":78}},{"start":{"line":82,"column":81},"end":{"line":82,"column":83}}],"line":82},"8":{"loc":{"start":{"line":83,"column":11},"end":{"line":87,"column":11}},"type":"cond-expr","locations":[{"start":{"line":84,"column":12},"end":{"line":84,"column":118}},{"start":{"line":86,"column":12},"end":{"line":86,"column":75}}],"line":83},"9":{"loc":{"start":{"line":89,"column":24},"end":{"line":89,"column":67}},"type":"cond-expr","locations":[{"start":{"line":89,"column":40},"end":{"line":89,"column":51}},{"start":{"line":89,"column":54},"end":{"line":89,"column":67}}],"line":89},"10":{"loc":{"start":{"line":89,"column":115},"end":{"line":89,"column":143}},"type":"cond-expr","locations":[{"start":{"line":89,"column":126},"end":{"line":89,"column":138}},{"start":{"line":89,"column":141},"end":{"line":89,"column":143}}],"line":89},"11":{"loc":{"start":{"line":92,"column":9},"end":{"line":106,"column":9}},"type":"binary-expr","locations":[{"start":{"line":92,"column":9},"end":{"line":92,"column":16}},{"start":{"line":92,"column":20},"end":{"line":92,"column":48}},{"start":{"line":92,"column":52},"end":{"line":92,"column":65}},{"start":{"line":93,"column":10},"end":{"line":105,"column":16}}],"line":92},"12":{"loc":{"start":{"line":100,"column":21},"end":{"line":100,"column":93}},"type":"cond-expr","locations":[{"start":{"line":100,"column":35},"end":{"line":100,"column":61}},{"start":{"line":100,"column":64},"end":{"line":100,"column":93}}],"line":100},"13":{"loc":{"start":{"line":100,"column":64},"end":{"line":100,"column":93}},"type":"binary-expr","locations":[{"start":{"line":100,"column":64},"end":{"line":100,"column":87}},{"start":{"line":100,"column":91},"end":{"line":100,"column":93}}],"line":100},"14":{"loc":{"start":{"line":108,"column":7},"end":{"line":112,"column":7}},"type":"binary-expr","locations":[{"start":{"line":108,"column":7},"end":{"line":108,"column":17}},{"start":{"line":109,"column":8},"end":{"line":111,"column":16}}],"line":108}},"s":{"0":5,"1":5,"2":5,"3":2,"4":2,"5":5,"6":0,"7":0,"8":0,"9":5,"10":13,"11":5,"12":1,"13":1,"14":1,"15":5,"16":6,"17":6,"18":1},"f":{"0":5,"1":2,"2":2,"3":0,"4":13,"5":1,"6":1,"7":6,"8":1},"b":{"0":[2,2],"1":[0,0],"2":[1,0],"3":[0,0],"4":[5,0],"5":[0,0],"6":[0,5],"7":[0,5],"8":[1,4],"9":[2,3],"10":[0,5],"11":[5,5,4,2],"12":[6,0],"13":[0,0],"14":[5,0]},"_coverageSchema":"1a1c01bbd47fc00a2c39e90264f33305004495a9","hash":"6a4bb7d754183cf6bfb68cbe5aa694c9f8ae389a"}
,"/home/runner/work/web-components/web-components/src/components/Navbar/NavFooter.tsx": {"path":"/home/runner/work/web-components/web-components/src/components/Navbar/NavFooter.tsx","statementMap":{"0":{"start":{"line":9,"column":23},"end":{"line":9,"column":28}},"1":{"start":{"line":11,"column":2},"end":{"line":11,"column":54}}},"fnMap":{"0":{"name":"NavFooter","decl":{"start":{"line":8,"column":24},"end":{"line":8,"column":33}},"loc":{"start":{"line":8,"column":61},"end":{"line":12,"column":1}},"line":8}},"branchMap":{},"s":{"0":0,"1":0},"f":{"0":0},"b":{}}
,"/home/runner/work/web-components/web-components/src/components/Navbar/NavItem.tsx": {"path":"/home/runner/work/web-components/web-components/src/components/Navbar/NavItem.tsx","statementMap":{"0":{"start":{"line":19,"column":90},"end":{"line":19,"column":95}},"1":{"start":{"line":20,"column":19},"end":{"line":20,"column":46}},"2":{"start":{"line":22,"column":30},"end":{"line":33,"column":16}},"3":{"start":{"line":23,"column":4},"end":{"line":30,"column":5}},"4":{"start":{"line":24,"column":26},"end":{"line":24,"column":49}},"5":{"start":{"line":25,"column":6},"end":{"line":27,"column":7}},"6":{"start":{"line":26,"column":8},"end":{"line":26,"column":89}},"7":{"start":{"line":26,"column":46},"end":{"line":26,"column":87}},"8":{"start":{"line":29,"column":6},"end":{"line":29,"column":61}},"9":{"start":{"line":32,"column":4},"end":{"line":32,"column":17}},"10":{"start":{"line":35,"column":2},"end":{"line":39,"column":48}},"11":{"start":{"line":36,"column":4},"end":{"line":38,"column":5}},"12":{"start":{"line":37,"column":6},"end":{"line":37,"column":20}},"13":{"start":{"line":41,"column":26},"end":{"line":41,"column":63}},"14":{"start":{"line":43,"column":25},"end":{"line":48,"column":3}},"15":{"start":{"line":44,"column":4},"end":{"line":44,"column":44}},"16":{"start":{"line":45,"column":4},"end":{"line":47,"column":5}},"17":{"start":{"line":46,"column":6},"end":{"line":46,"column":21}},"18":{"start":{"line":50,"column":23},"end":{"line":50,"column":48}},"19":{"start":{"line":52,"column":2},"end":{"line":70,"column":4}}},"fnMap":{"0":{"name":"NavItem","decl":{"start":{"line":18,"column":24},"end":{"line":18,"column":31}},"loc":{"start":{"line":18,"column":66},"end":{"line":71,"column":1}},"line":18},"1":{"name":"(anonymous_1)","decl":{"start":{"line":22,"column":42},"end":{"line":22,"column":43}},"loc":{"start":{"line":22,"column":48},"end":{"line":33,"column":3}},"line":22},"2":{"name":"(anonymous_2)","decl":{"start":{"line":26,"column":32},"end":{"line":26,"column":33}},"loc":{"start":{"line":26,"column":46},"end":{"line":26,"column":87}},"line":26},"3":{"name":"(anonymous_3)","decl":{"start":{"line":35,"column":18},"end":{"line":35,"column":19}},"loc":{"start":{"line":35,"column":24},"end":{"line":39,"column":3}},"line":35},"4":{"name":"(anonymous_4)","decl":{"start":{"line":43,"column":25},"end":{"line":43,"column":26}},"loc":{"start":{"line":43,"column":31},"end":{"line":48,"column":3}},"line":43}},"branchMap":{"0":{"loc":{"start":{"line":20,"column":19},"end":{"line":20,"column":46}},"type":"cond-expr","locations":[{"start":{"line":20,"column":26},"end":{"line":20,"column":30}},{"start":{"line":20,"column":33},"end":{"line":20,"column":46}}],"line":20},"1":{"loc":{"start":{"line":23,"column":4},"end":{"line":30,"column":5}},"type":"if","locations":[{"start":{"line":23,"column":4},"end":{"line":30,"column":5}},{"start":{},"end":{}}],"line":23},"2":{"loc":{"start":{"line":23,"column":8},"end":{"line":23,"column":61}},"type":"binary-expr","locations":[{"start":{"line":23,"column":8},"end":{"line":23,"column":16}},{"start":{"line":23,"column":20},"end":{"line":23,"column":34}},{"start":{"line":23,"column":38},"end":{"line":23,"column":61}}],"line":23},"3":{"loc":{"start":{"line":25,"column":6},"end":{"line":27,"column":7}},"type":"if","locations":[{"start":{"line":25,"column":6},"end":{"line":27,"column":7}},{"start":{},"end":{}}],"line":25},"4":{"loc":{"start":{"line":26,"column":46},"end":{"line":26,"column":87}},"type":"binary-expr","locations":[{"start":{"line":26,"column":46},"end":{"line":26,"column":60}},{"start":{"line":26,"column":64},"end":{"line":26,"column":87}}],"line":26},"5":{"loc":{"start":{"line":29,"column":13},"end":{"line":29,"column":60}},"type":"binary-expr","locations":[{"start":{"line":29,"column":13},"end":{"line":29,"column":30}},{"start":{"line":29,"column":34},"end":{"line":29,"column":60}}],"line":29},"6":{"loc":{"start":{"line":36,"column":4},"end":{"line":38,"column":5}},"type":"if","locations":[{"start":{"line":36,"column":4},"end":{"line":38,"column":5}},{"start":{},"end":{}}],"line":36},"7":{"loc":{"start":{"line":44,"column":12},"end":{"line":44,"column":42}},"type":"binary-expr","locations":[{"start":{"line":44,"column":12},"end":{"line":44,"column":17}},{"start":{"line":44,"column":21},"end":{"line":44,"column":42}}],"line":44},"8":{"loc":{"start":{"line":45,"column":4},"end":{"line":47,"column":5}},"type":"if","locations":[{"start":{"line":45,"column":4},"end":{"line":47,"column":5}},{"start":{},"end":{}}],"line":45},"9":{"loc":{"start":{"line":55,"column":10},"end":{"line":55,"column":39}},"type":"cond-expr","locations":[{"start":{"line":55,"column":24},"end":{"line":55,"column":26}},{"start":{"line":55,"column":29},"end":{"line":55,"column":39}}],"line":55},"10":{"loc":{"start":{"line":56,"column":10},"end":{"line":56,"column":46}},"type":"cond-expr","locations":[{"start":{"line":56,"column":21},"end":{"line":56,"column":41}},{"start":{"line":56,"column":44},"end":{"line":56,"column":46}}],"line":56},"11":{"loc":{"start":{"line":57,"column":10},"end":{"line":57,"column":68}},"type":"cond-expr","locations":[{"start":{"line":57,"column":34},"end":{"line":57,"column":63}},{"start":{"line":57,"column":66},"end":{"line":57,"column":68}}],"line":57},"12":{"loc":{"start":{"line":58,"column":10},"end":{"line":58,"column":44}},"type":"cond-expr","locations":[{"start":{"line":58,"column":21},"end":{"line":58,"column":39}},{"start":{"line":58,"column":42},"end":{"line":58,"column":44}}],"line":58},"13":{"loc":{"start":{"line":59,"column":10},"end":{"line":59,"column":50}},"type":"cond-expr","locations":[{"start":{"line":59,"column":21},"end":{"line":59,"column":45}},{"start":{"line":59,"column":48},"end":{"line":59,"column":50}}],"line":59},"14":{"loc":{"start":{"line":62,"column":25},"end":{"line":62,"column":85}},"type":"cond-expr","locations":[{"start":{"line":62,"column":39},"end":{"line":62,"column":64}},{"start":{"line":62,"column":67},"end":{"line":62,"column":85}}],"line":62},"15":{"loc":{"start":{"line":63,"column":9},"end":{"line":63,"column":64}},"type":"binary-expr","locations":[{"start":{"line":63,"column":9},"end":{"line":63,"column":13}},{"start":{"line":63,"column":17},"end":{"line":63,"column":64}}],"line":63},"16":{"loc":{"start":{"line":64,"column":9},"end":{"line":64,"column":66}},"type":"binary-expr","locations":[{"start":{"line":64,"column":9},"end":{"line":64,"column":14}},{"start":{"line":64,"column":18},"end":{"line":64,"column":66}}],"line":64},"17":{"loc":{"start":{"line":65,"column":9},"end":{"line":65,"column":133}},"type":"binary-expr","locations":[{"start":{"line":65,"column":9},"end":{"line":65,"column":13}},{"start":{"line":65,"column":17},"end":{"line":65,"column":133}}],"line":65},"18":{"loc":{"start":{"line":66,"column":9},"end":{"line":66,"column":99}},"type":"binary-expr","locations":[{"start":{"line":66,"column":9},"end":{"line":66,"column":17}},{"start":{"line":66,"column":21},"end":{"line":66,"column":99}}],"line":66},"19":{"loc":{"start":{"line":66,"column":33},"end":{"line":66,"column":67}},"type":"cond-expr","locations":[{"start":{"line":66,"column":40},"end":{"line":66,"column":51}},{"start":{"line":66,"column":54},"end":{"line":66,"column":67}}],"line":66},"20":{"loc":{"start":{"line":68,"column":7},"end":{"line":68,"column":35}},"type":"binary-expr","locations":[{"start":{"line":68,"column":7},"end":{"line":68,"column":15}},{"start":{"line":68,"column":19},"end":{"line":68,"column":23}},{"start":{"line":68,"column":27},"end":{"line":68,"column":35}}],"line":68}},"s":{"0":0,"1":0,"2":0,"3":0,"4":0,"5":0,"6":0,"7":0,"8":0,"9":0,"10":0,"11":0,"12":0,"13":0,"14":0,"15":0,"16":0,"17":0,"18":0,"19":0},"f":{"0":0,"1":0,"2":0,"3":0,"4":0},"b":{"0":[0,0],"1":[0,0],"2":[0,0,0],"3":[0,0],"4":[0,0],"5":[0,0],"6":[0,0],"7":[0,0],"8":[0,0],"9":[0,0],"10":[0,0],"11":[0,0],"12":[0,0],"13":[0,0],"14":[0,0],"15":[0,0],"16":[0,0],"17":[0,0],"18":[0,0],"19":[0,0],"20":[0,0,0]}}
,"/home/runner/work/web-components/web-components/src/components/Navbar/NavSection.tsx": {"path":"/home/runner/work/web-components/web-components/src/components/Navbar/NavSection.tsx","statementMap":{"0":{"start":{"line":10,"column":38},"end":{"line":10,"column":43}},"1":{"start":{"line":12,"column":2},"end":{"line":17,"column":4}}},"fnMap":{"0":{"name":"NavSection","decl":{"start":{"line":9,"column":24},"end":{"line":9,"column":34}},"loc":{"start":{"line":9,"column":62},"end":{"line":18,"column":1}},"line":9}},"branchMap":{"0":{"loc":{"start":{"line":10,"column":17},"end":{"line":10,"column":33}},"type":"default-arg","locations":[{"start":{"line":10,"column":29},"end":{"line":10,"column":33}}],"line":10},"1":{"loc":{"start":{"line":14,"column":7},"end":{"line":14,"column":47}},"type":"binary-expr","locations":[{"start":{"line":14,"column":7},"end":{"line":14,"column":16}},{"start":{"line":14,"column":20},"end":{"line":14,"column":47}}],"line":14},"2":{"loc":{"start":{"line":15,"column":7},"end":{"line":15,"column":104}},"type":"binary-expr","locations":[{"start":{"line":15,"column":7},"end":{"line":15,"column":12}},{"start":{"line":15,"column":16},"end":{"line":15,"column":104}}],"line":15},"3":{"loc":{"start":{"line":15,"column":55},"end":{"line":15,"column":86}},"type":"cond-expr","locations":[{"start":{"line":15,"column":67},"end":{"line":15,"column":69}},{"start":{"line":15,"column":72},"end":{"line":15,"column":86}}],"line":15}},"s":{"0":0,"1":0},"f":{"0":0},"b":{"0":[0],"1":[0,0],"2":[0,0],"3":[0,0]}}
,"/home/runner/work/web-components/web-components/src/components/Navbar/Navbar.tsx": {"path":"/home/runner/work/web-components/web-components/src/components/Navbar/Navbar.tsx","statementMap":{"0":{"start":{"line":15,"column":18},"end":{"line":30,"column":3}},"1":{"start":{"line":15,"column":48},"end":{"line":30,"column":1}},"2":{"start":{"line":33,"column":61},"end":{"line":33,"column":66}},"3":{"start":{"line":34,"column":24},"end":{"line":34,"column":39}},"4":{"start":{"line":35,"column":18},"end":{"line":35,"column":29}},"5":{"start":{"line":37,"column":2},"end":{"line":48,"column":4}},"6":{"start":{"line":41,"column":33},"end":{"line":41,"column":53}}},"fnMap":{"0":{"name":"(anonymous_0)","decl":{"start":{"line":15,"column":29},"end":{"line":15,"column":30}},"loc":{"start":{"line":15,"column":48},"end":{"line":30,"column":1}},"line":15},"1":{"name":"Navbar","decl":{"start":{"line":32,"column":24},"end":{"line":32,"column":30}},"loc":{"start":{"line":32,"column":58},"end":{"line":49,"column":1}},"line":32},"2":{"name":"(anonymous_2)","decl":{"start":{"line":41,"column":27},"end":{"line":41,"column":28}},"loc":{"start":{"line":41,"column":33},"end":{"line":41,"column":53}},"line":41}},"branchMap":{"0":{"loc":{"start":{"line":38,"column":32},"end":{"line":38,"column":75}},"type":"cond-expr","locations":[{"start":{"line":38,"column":56},"end":{"line":38,"column":70}},{"start":{"line":38,"column":73},"end":{"line":38,"column":75}}],"line":38},"1":{"loc":{"start":{"line":39,"column":7},"end":{"line":45,"column":7}},"type":"binary-expr","locations":[{"start":{"line":39,"column":7},"end":{"line":39,"column":17}},{"start":{"line":40,"column":8},"end":{"line":44,"column":14}}],"line":39}},"s":{"0":0,"1":0,"2":0,"3":0,"4":0,"5":0,"6":0},"f":{"0":0,"1":0,"2":0},"b":{"0":[0,0],"1":[0,0]}}
,"/home/runner/work/web-components/web-components/src/components/Navbar/SubNavbar.tsx": {"path":"/home/runner/work/web-components/web-components/src/components/Navbar/SubNavbar.tsx","statementMap":{"0":{"start":{"line":10,"column":23},"end":{"line":10,"column":28}},"1":{"start":{"line":12,"column":2},"end":{"line":12,"column":53}}},"fnMap":{"0":{"name":"SubNavbar","decl":{"start":{"line":9,"column":24},"end":{"line":9,"column":33}},"loc":{"start":{"line":9,"column":70},"end":{"line":13,"column":1}},"line":9}},"branchMap":{},"s":{"0":0,"1":0},"f":{"0":0},"b":{}}
,"/home/runner/work/web-components/web-components/src/components/PageForm/index.tsx": {"path":"/home/runner/work/web-components/web-components/src/components/PageForm/index.tsx","statementMap":{"0":{"start":{"line":22,"column":71},"end":{"line":22,"column":76}},"1":{"start":{"line":23,"column":16},"end":{"line":23,"column":26}},"2":{"start":{"line":24,"column":23},"end":{"line":24,"column":38}},"3":{"start":{"line":25,"column":38},"end":{"line":25,"column":53}},"4":{"start":{"line":27,"column":21},"end":{"line":31,"column":3}},"5":{"start":{"line":28,"column":4},"end":{"line":28,"column":24}},"6":{"start":{"line":29,"column":4},"end":{"line":29,"column":19}},"7":{"start":{"line":30,"column":4},"end":{"line":30,"column":25}},"8":{"start":{"line":33,"column":2},"end":{"line":41,"column":4}}},"fnMap":{"0":{"name":"PageForm","decl":{"start":{"line":21,"column":24},"end":{"line":21,"column":32}},"loc":{"start":{"line":21,"column":68},"end":{"line":42,"column":1}},"line":21},"1":{"name":"(anonymous_1)","decl":{"start":{"line":27,"column":21},"end":{"line":27,"column":22}},"loc":{"start":{"line":27,"column":33},"end":{"line":31,"column":3}},"line":27}},"branchMap":{"0":{"loc":{"start":{"line":35,"column":7},"end":{"line":35,"column":53}},"type":"binary-expr","locations":[{"start":{"line":35,"column":7},"end":{"line":35,"column":17}},{"start":{"line":35,"column":21},"end":{"line":35,"column":53}}],"line":35},"1":{"loc":{"start":{"line":36,"column":48},"end":{"line":36,"column":111}},"type":"cond-expr","locations":[{"start":{"line":36,"column":59},"end":{"line":36,"column":75}},{"start":{"line":36,"column":78},"end":{"line":36,"column":111}}],"line":36},"2":{"loc":{"start":{"line":36,"column":92},"end":{"line":36,"column":110}},"type":"cond-expr","locations":[{"start":{"line":36,"column":103},"end":{"line":36,"column":105}},{"start":{"line":36,"column":108},"end":{"line":36,"column":110}}],"line":36},"3":{"loc":{"start":{"line":39,"column":7},"end":{"line":39,"column":77}},"type":"binary-expr","locations":[{"start":{"line":39,"column":7},"end":{"line":39,"column":16}},{"start":{"line":39,"column":20},"end":{"line":39,"column":77}}],"line":39}},"s":{"0":0,"1":0,"2":0,"3":0,"4":0,"5":0,"6":0,"7":0,"8":0},"f":{"0":0,"1":0},"b":{"0":[0,0],"1":[0,0],"2":[0,0],"3":[0,0]}}
,"/home/runner/work/web-components/web-components/src/components/PhotoChooser/index.tsx": {"path":"/home/runner/work/web-components/web-components/src/components/PhotoChooser/index.tsx","statementMap":{"0":{"start":{"line":15,"column":18},"end":{"line":46,"column":3}},"1":{"start":{"line":15,"column":48},"end":{"line":46,"column":1}},"2":{"start":{"line":79,"column":6},"end":{"line":79,"column":11}},"3":{"start":{"line":80,"column":23},"end":{"line":80,"column":38}},"4":{"start":{"line":81,"column":18},"end":{"line":81,"column":29}},"5":{"start":{"line":82,"column":28},"end":{"line":82,"column":48}},"6":{"start":{"line":83,"column":36},"end":{"line":83,"column":58}},"7":{"start":{"line":84,"column":19},"end":{"line":84,"column":49}},"8":{"start":{"line":85,"column":17},"end":{"line":85,"column":45}},"9":{"start":{"line":86,"column":16},"end":{"line":86,"column":26}},"10":{"start":{"line":87,"column":32},"end":{"line":87,"column":56}},"11":{"start":{"line":89,"column":2},"end":{"line":91,"column":21}},"12":{"start":{"line":90,"column":4},"end":{"line":90,"column":31}},"13":{"start":{"line":93,"column":19},"end":{"line":106,"column":3}},"14":{"start":{"line":94,"column":29},"end":{"line":94,"column":31}},"15":{"start":{"line":96,"column":4},"end":{"line":101,"column":5}},"16":{"start":{"line":96,"column":17},"end":{"line":96,"column":18}},"17":{"start":{"line":97,"column":23},"end":{"line":97,"column":39}},"18":{"start":{"line":98,"column":6},"end":{"line":100,"column":7}},"19":{"start":{"line":99,"column":8},"end":{"line":99,"column":32}},"20":{"start":{"line":103,"column":4},"end":{"line":105,"column":5}},"21":{"start":{"line":104,"column":6},"end":{"line":104,"column":67}},"22":{"start":{"line":108,"column":28},"end":{"line":112,"column":3}},"23":{"start":{"line":109,"column":22},"end":{"line":109,"column":32}},"24":{"start":{"line":110,"column":4},"end":{"line":110,"column":31}},"25":{"start":{"line":111,"column":4},"end":{"line":111,"column":31}},"26":{"start":{"line":114,"column":26},"end":{"line":117,"column":3}},"27":{"start":{"line":115,"column":4},"end":{"line":115,"column":23}},"28":{"start":{"line":116,"column":4},"end":{"line":116,"column":30}},"29":{"start":{"line":119,"column":22},"end":{"line":122,"column":3}},"30":{"start":{"line":120,"column":4},"end":{"line":120,"column":27}},"31":{"start":{"line":121,"column":4},"end":{"line":121,"column":39}},"32":{"start":{"line":124,"column":25},"end":{"line":126,"column":3}},"33":{"start":{"line":125,"column":4},"end":{"line":125,"column":27}},"34":{"start":{"line":128,"column":30},"end":{"line":131,"column":3}},"35":{"start":{"line":129,"column":4},"end":{"line":129,"column":30}},"36":{"start":{"line":130,"column":4},"end":{"line":130,"column":28}},"37":{"start":{"line":133,"column":23},"end":{"line":140,"column":3}},"38":{"start":{"line":134,"column":4},"end":{"line":136,"column":5}},"39":{"start":{"line":135,"column":6},"end":{"line":135,"column":24}},"40":{"start":{"line":137,"column":4},"end":{"line":139,"column":5}},"41":{"start":{"line":138,"column":6},"end":{"line":138,"column":42}},"42":{"start":{"line":142,"column":2},"end":{"line":151,"column":14}},"43":{"start":{"line":143,"column":26},"end":{"line":143,"column":72}},"44":{"start":{"line":143,"column":46},"end":{"line":143,"column":71}},"45":{"start":{"line":145,"column":4},"end":{"line":145,"column":32}},"46":{"start":{"line":147,"column":4},"end":{"line":150,"column":6}},"47":{"start":{"line":149,"column":6},"end":{"line":149,"column":73}},"48":{"start":{"line":149,"column":42},"end":{"line":149,"column":71}},"49":{"start":{"line":153,"column":2},"end":{"line":234,"column":4}},"50":{"start":{"line":171,"column":70},"end":{"line":171,"column":94}},"51":{"start":{"line":178,"column":14},"end":{"line":189,"column":20}},"52":{"start":{"line":187,"column":59},"end":{"line":187,"column":83}}},"fnMap":{"0":{"name":"(anonymous_0)","decl":{"start":{"line":15,"column":29},"end":{"line":15,"column":30}},"loc":{"start":{"line":15,"column":48},"end":{"line":46,"column":1}},"line":15},"1":{"name":"PhotoChooser","decl":{"start":{"line":64,"column":24},"end":{"line":64,"column":36}},"loc":{"start":{"line":64,"column":76},"end":{"line":235,"column":1}},"line":64},"2":{"name":"(anonymous_2)","decl":{"start":{"line":89,"column":12},"end":{"line":89,"column":13}},"loc":{"start":{"line":89,"column":18},"end":{"line":91,"column":3}},"line":89},"3":{"name":"(anonymous_3)","decl":{"start":{"line":93,"column":19},"end":{"line":93,"column":20}},"loc":{"start":{"line":93,"column":43},"end":{"line":106,"column":3}},"line":93},"4":{"name":"(anonymous_4)","decl":{"start":{"line":108,"column":28},"end":{"line":108,"column":29}},"loc":{"start":{"line":108,"column":47},"end":{"line":112,"column":3}},"line":108},"5":{"name":"(anonymous_5)","decl":{"start":{"line":114,"column":26},"end":{"line":114,"column":27}},"loc":{"start":{"line":114,"column":48},"end":{"line":117,"column":3}},"line":114},"6":{"name":"(anonymous_6)","decl":{"start":{"line":119,"column":22},"end":{"line":119,"column":23}},"loc":{"start":{"line":119,"column":66},"end":{"line":122,"column":3}},"line":119},"7":{"name":"(anonymous_7)","decl":{"start":{"line":124,"column":25},"end":{"line":124,"column":26}},"loc":{"start":{"line":124,"column":69},"end":{"line":126,"column":3}},"line":124},"8":{"name":"(anonymous_8)","decl":{"start":{"line":128,"column":30},"end":{"line":128,"column":31}},"loc":{"start":{"line":128,"column":36},"end":{"line":131,"column":3}},"line":128},"9":{"name":"(anonymous_9)","decl":{"start":{"line":133,"column":23},"end":{"line":133,"column":24}},"loc":{"start":{"line":133,"column":71},"end":{"line":140,"column":3}},"line":133},"10":{"name":"(anonymous_10)","decl":{"start":{"line":142,"column":12},"end":{"line":142,"column":13}},"loc":{"start":{"line":142,"column":18},"end":{"line":151,"column":3}},"line":142},"11":{"name":"(anonymous_11)","decl":{"start":{"line":143,"column":36},"end":{"line":143,"column":37}},"loc":{"start":{"line":143,"column":46},"end":{"line":143,"column":71}},"line":143},"12":{"name":"(anonymous_12)","decl":{"start":{"line":147,"column":11},"end":{"line":147,"column":12}},"loc":{"start":{"line":147,"column":17},"end":{"line":150,"column":5}},"line":147},"13":{"name":"(anonymous_13)","decl":{"start":{"line":149,"column":28},"end":{"line":149,"column":29}},"loc":{"start":{"line":149,"column":42},"end":{"line":149,"column":71}},"line":149},"14":{"name":"(anonymous_14)","decl":{"start":{"line":171,"column":58},"end":{"line":171,"column":59}},"loc":{"start":{"line":171,"column":70},"end":{"line":171,"column":94}},"line":171},"15":{"name":"(anonymous_15)","decl":{"start":{"line":177,"column":27},"end":{"line":177,"column":28}},"loc":{"start":{"line":178,"column":14},"end":{"line":189,"column":20}},"line":178},"16":{"name":"(anonymous_16)","decl":{"start":{"line":187,"column":53},"end":{"line":187,"column":54}},"loc":{"start":{"line":187,"column":59},"end":{"line":187,"column":83}},"line":187}},"branchMap":{"0":{"loc":{"start":{"line":98,"column":6},"end":{"line":100,"column":7}},"type":"if","locations":[{"start":{"line":98,"column":6},"end":{"line":100,"column":7}},{"start":{},"end":{}}],"line":98},"1":{"loc":{"start":{"line":103,"column":4},"end":{"line":105,"column":5}},"type":"if","locations":[{"start":{"line":103,"column":4},"end":{"line":105,"column":5}},{"start":{},"end":{}}],"line":103},"2":{"loc":{"start":{"line":134,"column":4},"end":{"line":136,"column":5}},"type":"if","locations":[{"start":{"line":134,"column":4},"end":{"line":136,"column":5}},{"start":{},"end":{}}],"line":134},"3":{"loc":{"start":{"line":137,"column":4},"end":{"line":139,"column":5}},"type":"if","locations":[{"start":{"line":137,"column":4},"end":{"line":139,"column":5}},{"start":{},"end":{}}],"line":137},"4":{"loc":{"start":{"line":164,"column":9},"end":{"line":168,"column":9}},"type":"binary-expr","locations":[{"start":{"line":164,"column":9},"end":{"line":164,"column":14}},{"start":{"line":165,"column":10},"end":{"line":167,"column":23}}],"line":164},"5":{"loc":{"start":{"line":169,"column":9},"end":{"line":173,"column":9}},"type":"binary-expr","locations":[{"start":{"line":169,"column":9},"end":{"line":169,"column":20}},{"start":{"line":170,"column":10},"end":{"line":172,"column":23}}],"line":169},"6":{"loc":{"start":{"line":171,"column":13},"end":{"line":171,"column":109}},"type":"cond-expr","locations":[{"start":{"line":171,"column":42},"end":{"line":171,"column":95}},{"start":{"line":171,"column":98},"end":{"line":171,"column":109}}],"line":171},"7":{"loc":{"start":{"line":174,"column":9},"end":{"line":174,"column":94}},"type":"binary-expr","locations":[{"start":{"line":174,"column":9},"end":{"line":174,"column":14}},{"start":{"line":174,"column":18},"end":{"line":174,"column":94}}],"line":174},"8":{"loc":{"start":{"line":175,"column":9},"end":{"line":192,"column":9}},"type":"binary-expr","locations":[{"start":{"line
[...]
,"/home/runner/work/web-components/web-components/src/stories/Theme.stories.tsx": {"path":"/home/runner/work/web-components/web-components/src/stories/Theme.stories.tsx","statementMap":{"0":{"start":{"line":12,"column":15},"end":{"line":12,"column":50}},"1":{"start":{"line":14,"column":28},"end":{"line":66,"column":1}},"2":{"start":{"line":15,"column":16},"end":{"line":15,"column":26}},"3":{"start":{"line":16,"column":38},"end":{"line":16,"column":81}},"4":{"start":{"line":17,"column":34},"end":{"line":17,"column":52}},"5":{"start":{"line":18,"column":42},"end":{"line":18,"column":92}},"6":{"start":{"line":19,"column":38},"end":{"line":19,"column":56}},"7":{"start":{"line":20,"column":18},"end":{"line":20,"column":71}},"8":{"start":{"line":22,"column":28},"end":{"line":25,"column":3}},"9":{"start":{"line":23,"column":4},"end":{"line":23,"column":21}},"10":{"start":{"line":24,"column":4},"end":{"line":24,"column":64}},"11":{"start":{"line":27,"column":30},"end":{"line":30,"column":3}},"12":{"start":{"line":28,"column":4},"end":{"line":28,"column":23}},"13":{"start":{"line":29,"column":4},"end":{"line":29,"column":44}},"14":{"start":{"line":32,"column":2},"end":{"line":65,"column":4}},"15":{"start":{"line":68,"column":23},"end":{"line":68,"column":40}}},"fnMap":{"0":{"name":"(anonymous_0)","decl":{"start":{"line":14,"column":28},"end":{"line":14,"column":29}},"loc":{"start":{"line":14,"column":34},"end":{"line":66,"column":1}},"line":14},"1":{"name":"(anonymous_1)","decl":{"start":{"line":22,"column":28},"end":{"line":22,"column":29}},"loc":{"start":{"line":22,"column":45},"end":{"line":25,"column":3}},"line":22},"2":{"name":"(anonymous_2)","decl":{"start":{"line":27,"column":30},"end":{"line":27,"column":31}},"loc":{"start":{"line":27,"column":47},"end":{"line":30,"column":3}},"line":27}},"branchMap":{"0":{"loc":{"start":{"line":24,"column":18},"end":{"line":24,"column":62}},"type":"binary-expr","locations":[{"start":{"line":24,"column":18},"end":{"line":24,"column":30}},{"start":{"line":24,"column":34},"end":{"line":24,"column":62}}],"line":24}},"s":{"0":0,"1":0,"2":0,"3":0,"4":0,"5":0,"6":0,"7":0,"8":0,"9":0,"10":0,"11":0,"12":0,"13":0,"14":0,"15":0},"f":{"0":0,"1":0,"2":0},"b":{"0":[0,0]}}
,"/home/runner/work/web-components/web-components/src/stories/Tooltip.stories.tsx": {"path":"/home/runner/work/web-components/web-components/src/stories/Tooltip.stories.tsx","statementMap":{"0":{"start":{"line":19,"column":38},"end":{"line":33,"column":1}},"1":{"start":{"line":20,"column":2},"end":{"line":32,"column":6}},"2":{"start":{"line":25,"column":25},"end":{"line":25,"column":29}},"3":{"start":{"line":35,"column":23},"end":{"line":35,"column":40}},"4":{"start":{"line":37,"column":0},"end":{"line":40,"column":2}}},"fnMap":{"0":{"name":"(anonymous_0)","decl":{"start":{"line":19,"column":38},"end":{"line":19,"column":39}},"loc":{"start":{"line":19,"column":48},"end":{"line":33,"column":1}},"line":19},"1":{"name":"(anonymous_1)","decl":{"start":{"line":25,"column":19},"end":{"line":25,"column":20}},"loc":{"start":{"line":25,"column":25},"end":{"line":25,"column":29}},"line":25}},"branchMap":{},"s":{"0":0,"1":0,"2":0,"3":0,"4":0},"f":{"0":0,"1":0},"b":{}}
,"/home/runner/work/web-components/web-components/src/stories/ViewPhotosDialog.stories.tsx": {"path":"/home/runner/work/web-components/web-components/src/stories/ViewPhotosDialog.stories.tsx","statementMap":{"0":{"start":{"line":13,"column":49},"end":{"line":29,"column":1}},"1":{"start":{"line":14,"column":36},"end":{"line":14,"column":60}},"2":{"start":{"line":16,"column":2},"end":{"line":28,"column":4}},"3":{"start":{"line":21,"column":23},"end":{"line":21,"column":42}},"4":{"start":{"line":25,"column":23},"end":{"line":25,"column":41}},"5":{"start":{"line":31,"column":24},"end":{"line":33,"column":1}},"6":{"start":{"line":32,"column":2},"end":{"line":32,"column":59}},"7":{"start":{"line":35,"column":23},"end":{"line":35,"column":40}},"8":{"start":{"line":36,"column":0},"end":{"line":55,"column":2}}},"fnMap":{"0":{"name":"(anonymous_0)","decl":{"start":{"line":13,"column":49},"end":{"line":13,"column":50}},"loc":{"start":{"line":13,"column":82},"end":{"line":29,"column":1}},"line":13},"1":{"name":"(anonymous_1)","decl":{"start":{"line":21,"column":17},"end":{"line":21,"column":18}},"loc":{"start":{"line":21,"column":23},"end":{"line":21,"column":42}},"line":21},"2":{"name":"(anonymous_2)","decl":{"start":{"line":25,"column":17},"end":{"line":25,"column":18}},"loc":{"start":{"line":25,"column":23},"end":{"line":25,"column":41}},"line":25},"3":{"name":"(anonymous_3)","decl":{"start":{"line":31,"column":24},"end":{"line":31,"column":25}},"loc":{"start":{"line":31,"column":54},"end":{"line":33,"column":1}},"line":31}},"branchMap":{},"s":{"0":0,"1":0,"2":0,"3":0,"4":0,"5":0,"6":0,"7":0,"8":0},"f":{"0":0,"1":0,"2":0,"3":0},"b":{}}
,"/home/runner/work/web-components/web-components/src/style-dictionary-dist/TerrawareTheme.ts": {"path":"/home/runner/work/web-components/web-components/src/style-dictionary-dist/TerrawareTheme.ts","statementMap":{"0":{"start":{"line":367,"column":40},"end":{"line":546,"column":1}}},"fnMap":{},"branchMap":{},"s":{"0":0},"f":{},"b":{}}
,"/home/runner/work/web-components/web-components/src/utils/date.ts": {"path":"/home/runner/work/web-components/web-components/src/utils/date.ts","statementMap":{"0":{"start":{"line":6,"column":11},"end":{"line":6,"column":59}},"1":{"start":{"line":6,"column":36},"end":{"line":6,"column":59}},"2":{"start":{"line":12,"column":26},"end":{"line":14,"column":1}},"3":{"start":{"line":13,"column":2},"end":{"line":13,"column":74}},"4":{"start":{"line":19,"column":26},"end":{"line":23,"column":1}},"5":{"start":{"line":20,"column":17},"end":{"line":20,"column":41}},"6":{"start":{"line":22,"column":2},"end":{"line":22,"column":63}},"7":{"start":{"line":28,"column":24},"end":{"line":34,"column":1}},"8":{"start":{"line":29,"column":2},"end":{"line":31,"column":3}},"9":{"start":{"line":30,"column":4},"end":{"line":30,"column":39}},"10":{"start":{"line":33,"column":2},"end":{"line":33,"column":25}},"11":{"start":{"line":40,"column":16},"end":{"line":53,"column":1}},"12":{"start":{"line":41,"column":21},"end":{"line":41,"column":56}},"13":{"start":{"line":42,"column":2},"end":{"line":44,"column":3}},"14":{"start":{"line":43,"column":4},"end":{"line":43,"column":22}},"15":{"start":{"line":46,"column":17},"end":{"line":46,"column":41}},"16":{"start":{"line":47,"column":21},"end":{"line":47,"column":56}},"17":{"start":{"line":48,"column":2},"end":{"line":50,"column":3}},"18":{"start":{"line":49,"column":4},"end":{"line":49,"column":22}},"19":{"start":{"line":52,"column":2},"end":{"line":52,"column":71}},"20":{"start":{"line":59,"column":28},"end":{"line":68,"column":1}},"21":{"start":{"line":60,"column":2},"end":{"line":63,"column":3}},"22":{"start":{"line":62,"column":4},"end":{"line":62,"column":16}},"23":{"start":{"line":65,"column":18},"end":{"line":65,"column":43}},"24":{"start":{"line":67,"column":2},"end":{"line":67,"column":34}},"25":{"start":{"line":73,"column":38},"end":{"line":75,"column":1}},"26":{"start":{"line":74,"column":2},"end":{"line":74,"column":65}},"27":{"start":{"line":80,"column":29},"end":{"line":87,"column":1}},"28":{"start":{"line":81,"column":12},"end":{"line":81,"column":37}},"29":{"start":{"line":82,"column":2},"end":{"line":84,"column":3}},"30":{"start":{"line":83,"column":4},"end":{"line":83,"column":37}},"31":{"start":{"line":86,"column":2},"end":{"line":86,"column":15}}},"fnMap":{"0":{"name":"(anonymous_0)","decl":{"start":{"line":6,"column":11},"end":{"line":6,"column":12}},"loc":{"start":{"line":6,"column":36},"end":{"line":6,"column":59}},"line":6},"1":{"name":"(anonymous_1)","decl":{"start":{"line":12,"column":26},"end":{"line":12,"column":27}},"loc":{"start":{"line":12,"column":74},"end":{"line":14,"column":1}},"line":12},"2":{"name":"(anonymous_2)","decl":{"start":{"line":19,"column":26},"end":{"line":19,"column":27}},"loc":{"start":{"line":19,"column":75},"end":{"line":23,"column":1}},"line":19},"3":{"name":"(anonymous_3)","decl":{"start":{"line":28,"column":24},"end":{"line":28,"column":25}},"loc":{"start":{"line":28,"column":44},"end":{"line":34,"column":1}},"line":28},"4":{"name":"(anonymous_4)","decl":{"start":{"line":40,"column":16},"end":{"line":40,"column":17}},"loc":{"start":{"line":40,"column":64},"end":{"line":53,"column":1}},"line":40},"5":{"name":"(anonymous_5)","decl":{"start":{"line":59,"column":28},"end":{"line":59,"column":29}},"loc":{"start":{"line":59,"column":76},"end":{"line":68,"column":1}},"line":59},"6":{"name":"(anonymous_6)","decl":{"start":{"line":73,"column":38},"end":{"line":73,"column":39}},"loc":{"start":{"line":73,"column":63},"end":{"line":75,"column":1}},"line":73},"7":{"name":"(anonymous_7)","decl":{"start":{"line":80,"column":29},"end":{"line":80,"column":30}},"loc":{"start":{"line":80,"column":77},"end":{"line":87,"column":1}},"line":80}},"branchMap":{"0":{"loc":{"start":{"line":6,"column":36},"end":{"line":6,"column":59}},"type":"binary-expr","locations":[{"start":{"line":6,"column":36},"end":{"line":6,"column":46}},{"start":{"line":6,"column":50},"end":{"line":6,"column":59}}],"line":6},"1":{"loc":{"start":{"line":29,"column":2},"end":{"line":31,"column":3}},"type":"if","locations":[{"start":{"line":29,"column":2},"end":{"line":31,"column":3}},{"start":{},"end":{}}],"line":29},"2":{"loc":{"start":{"line":42,"column":2},"end":{"line":44,"column":3}},"type":"if","locations":[{"start":{"line":42,"column":2},"end":{"line":44,"column":3}},{"start":{},"end":{}}],"line":42},"3":{"loc":{"start":{"line":48,"column":2},"end":{"line":50,"column":3}},"type":"if","locations":[{"start":{"line":48,"column":2},"end":{"line":50,"column":3}},{"start":{},"end":{}}],"line":48},"4":{"loc":{"start":{"line":60,"column":2},"end":{"line":63,"column":3}},"type":"if","locations":[{"start":{"line":60,"column":2},"end":{"line":63,"column":3}},{"start":{},"end":{}}],"line":60},"5":{"loc":{"start":{"line":60,"column":6},"end":{"line":60,"column":68}},"type":"binary-expr","locations":[{"start":{"line":60,"column":6},"end":{"line":60,"column":30}},{"start":{"line":60,"column":34},"end":{"line":60,"column":68}}],"line":60},"6":{"loc":{"start":{"line":82,"column":2},"end":{"line":84,"column":3}},"type":"if","locations":[{"start":{"line":82,"column":2},"end":{"line":84,"column":3}},{"start":{},"end":{}}],"line":82}},"s":{"0":1,"1":27,"2":1,"3":15,"4":1,"5":10,"6":10,"7":1,"8":8,"9":8,"10":0,"11":1,"12":15,"13":15,"14":5,"15":10,"16":10,"17":10,"18":10,"19":0,"20":1,"21":9,"22":3,"23":6,"24":6,"25":1,"26":2,"27":1,"28":9,"29":9,"30":9,"31":0},"f":{"0":27,"1":15,"2":10,"3":8,"4":15,"5":9,"6":2,"7":9},"b":{"0":[27,11],"1":[8,0],"2":[5,10],"3":[10,0],"4":[3,6],"5":[9,6],"6":[9,0]},"_coverageSchema":"1a1c01bbd47fc00a2c39e90264f33305004495a9","hash":"6c5afd3ba5f1c289ed4986b99375a45f14ec5a53"}
,"/home/runner/work/web-components/web-components/src/utils/date.v1.ts": {"path":"/home/runner/work/web-components/web-components/src/utils/date.v1.ts","statementMap":{"0":{"start":{"line":1,"column":28},"end":{"line":1,"column":97}},"1":{"start":{"line":1,"column":55},"end":{"line":1,"column":97}},"2":{"start":{"line":3,"column":38},"end":{"line":5,"column":1}},"3":{"start":{"line":4,"column":2},"end":{"line":4,"column":41}},"4":{"start":{"line":7,"column":29},"end":{"line":11,"column":1}},"5":{"start":{"line":8,"column":12},"end":{"line":8,"column":57}},"6":{"start":{"line":10,"column":2},"end":{"line":10,"column":24}}},"fnMap":{"0":{"name":"(anonymous_0)","decl":{"start":{"line":1,"column":28},"end":{"line":1,"column":29}},"loc":{"start":{"line":1,"column":55},"end":{"line":1,"column":97}},"line":1},"1":{"name":"(anonymous_1)","decl":{"start":{"line":3,"column":38},"end":{"line":3,"column":39}},"loc":{"start":{"line":3,"column":44},"end":{"line":5,"column":1}},"line":3},"2":{"name":"(anonymous_2)","decl":{"start":{"line":7,"column":29},"end":{"line":7,"column":30}},"loc":{"start":{"line":7,"column":44},"end":{"line":11,"column":1}},"line":7}},"branchMap":{},"s":{"0":1,"1":0,"2":1,"3":0,"4":1,"5":0,"6":0},"f":{"0":0,"1":0,"2":0},"b":{},"_coverageSchema":"1a1c01bbd47fc00a2c39e90264f33305004495a9","hash":"ff0cc0404cbd10ab129a726759888f59590b725c"}
,"/home/runner/work/web-components/web-components/src/utils/index.ts": {"path":"/home/runner/work/web-components/web-components/src/utils/index.ts","statementMap":{},"fnMap":{},"branchMap":{},"s":{},"f":{},"b":{},"_coverageSchema":"1a1c01bbd47fc00a2c39e90264f33305004495a9","hash":"2aeb72bab17d0b25c66499765db4bb02d8a7a697"}
,"/home/runner/work/web-components/web-components/src/utils/preventDefaultEvent.ts": {"path":"/home/runner/work/web-components/web-components/src/utils/preventDefaultEvent.ts","statementMap":{"0":{"start":{"line":3,"column":23},"end":{"line":3,"column":84}},"1":{"start":{"line":3,"column":62},"end":{"line":3,"column":84}}},"fnMap":{"0":{"name":"(anonymous_0)","decl":{"start":{"line":3,"column":23},"end":{"line":3,"column":24}},"loc":{"start":{"line":3,"column":62},"end":{"line":3,"column":84}},"line":3}},"branchMap":{},"s":{"0":1,"1":0},"f":{"0":0},"b":{},"_coverageSchema":"1a1c01bbd47fc00a2c39e90264f33305004495a9","hash":"2eae2dab276decf10bbdba27027eb6a81bf8c93c"}
,"/home/runner/work/web-components/web-components/src/utils/text.ts": {"path":"/home/runner/work/web-components/web-components/src/utils/text.ts","statementMap":{"0":{"start":{"line":1,"column":22},"end":{"line":1,"column":57}},"1":{"start":{"line":1,"column":39},"end":{"line":1,"column":57}},"2":{"start":{"line":3,"column":25},"end":{"line":6,"column":18}},"3":{"start":{"line":4,"column":8},"end":{"line":6,"column":18}},"4":{"start":{"line":5,"column":23},"end":{"line":5,"column":81}}},"fnMap":{"0":{"name":"(anonymous_0)","decl":{"start":{"line":1,"column":22},"end":{"line":1,"column":23}},"loc":{"start":{"line":1,"column":39},"end":{"line":1,"column":57}},"line":1},"1":{"name":"(anonymous_1)","decl":{"start":{"line":3,"column":25},"end":{"line":3,"column":26}},"loc":{"start":{"line":4,"column":8},"end":{"line":6,"column":18}},"line":4},"2":{"name":"(anonymous_2)","decl":{"start":{"line":5,"column":13},"end":{"line":5,"column":14}},"loc":{"start":{"line":5,"column":23},"end":{"line":5,"column":81}},"line":5}},"branchMap":{},"s":{"0":1,"1":0,"2":1,"3":0,"4":0},"f":{"0":0,"1":0,"2":0},"b":{},"_coverageSchema":"1a1c01bbd47fc00a2c39e90264f33305004495a9","hash":"a544eb04d167623c286dd34c0b42736dae957f2e"}
,"/home/runner/work/web-components/web-components/src/utils/useDeviceInfo.ts": {"path":"/home/runner/work/web-components/web-components/src/utils/useDeviceInfo.ts","statementMap":{"0":{"start":{"line":38,"column":22},"end":{"line":85,"column":1}},"1":{"start":{"line":39,"column":31},"end":{"line":43,"column":3}},"2":{"start":{"line":40,"column":4},"end":{"line":42,"column":5}},"3":{"start":{"line":41,"column":6},"end":{"line":41,"column":17}},"4":{"start":{"line":45,"column":20},"end":{"line":45,"column":86}},"5":{"start":{"line":47,"column":19},"end":{"line":47,"column":100}},"6":{"start":{"line":49,"column":19},"end":{"line":49,"column":84}},"7":{"start":{"line":51,"column":21},"end":{"line":51,"column":96}},"8":{"start":{"line":53,"column":19},"end":{"line":53,"column":103}},"9":{"start":{"line":55,"column":24},"end":{"line":65,"column":3}},"10":{"start":{"line":56,"column":4},"end":{"line":58,"column":5}},"11":{"start":{"line":57,"column":6},"end":{"line":57,"column":22}},"12":{"start":{"line":60,"column":4},"end":{"line":62,"column":5}},"13":{"start":{"line":61,"column":6},"end":{"line":61,"column":22}},"14":{"start":{"line":64,"column":4},"end":{"line":64,"column":21}},"15":{"start":{"line":67,"column":31},"end":{"line":73,"column":3}},"16":{"start":{"line":68,"column":4},"end":{"line":70,"column":5}},"17":{"start":{"line":69,"column":6},"end":{"line":69,"column":24}},"18":{"start":{"line":72,"column":4},"end":{"line":72,"column":23}},"19":{"start":{"line":75,"column":2},"end":{"line":84,"column":4}}},"fnMap":{"0":{"name":"(anonymous_0)","decl":{"start":{"line":38,"column":22},"end":{"line":38,"column":23}},"loc":{"start":{"line":38,"column":62},"end":{"line":85,"column":1}},"line":38},"1":{"name":"(anonymous_1)","decl":{"start":{"line":39,"column":31},"end":{"line":39,"column":32}},"loc":{"start":{"line":39,"column":53},"end":{"line":43,"column":3}},"line":39},"2":{"name":"(anonymous_2)","decl":{"start":{"line":55,"column":24},"end":{"line":55,"column":25}},"loc":{"start":{"line":55,"column":42},"end":{"line":65,"column":3}},"line":55},"3":{"name":"(anonymous_3)","decl":{"start":{"line":67,"column":31},"end":{"line":67,"column":32}},"loc":{"start":{"line":67,"column":56},"end":{"line":73,"column":3}},"line":67}},"branchMap":{"0":{"loc":{"start":{"line":38,"column":23},"end":{"line":38,"column":57}},"type":"default-arg","locations":[{"start":{"line":38,"column":55},"end":{"line":38,"column":57}}],"line":38},"1":{"loc":{"start":{"line":40,"column":4},"end":{"line":42,"column":5}},"type":"if","locations":[{"start":{"line":40,"column":4},"end":{"line":42,"column":5}},{"start":{},"end":{}}],"line":40},"2":{"loc":{"start":{"line":40,"column":8},"end":{"line":40,"column":27}},"type":"binary-expr","locations":[{"start":{"line":40,"column":8},"end":{"line":40,"column":15}},{"start":{"line":40,"column":19},"end":{"line":40,"column":27}}],"line":40},"3":{"loc":{"start":{"line":56,"column":4},"end":{"line":58,"column":5}},"type":"if","locations":[{"start":{"line":56,"column":4},"end":{"line":58,"column":5}},{"start":{},"end":{}}],"line":56},"4":{"loc":{"start":{"line":60,"column":4},"end":{"line":62,"column":5}},"type":"if","locations":[{"start":{"line":60,"column":4},"end":{"line":62,"column":5}},{"start":{},"end":{}}],"line":60},"5":{"loc":{"start":{"line":68,"column":4},"end":{"line":70,"column":5}},"type":"if","locations":[{"start":{"line":68,"column":4},"end":{"line":70,"column":5}},{"start":{},"end":{}}],"line":68}},"s":{"0":1,"1":0,"2":0,"3":0,"4":0,"5":0,"6":0,"7":0,"8":0,"9":0,"10":0,"11":0,"12":0,"13":0,"14":0,"15":0,"16":0,"17":0,"18":0,"19":0},"f":{"0":0,"1":0,"2":0,"3":0},"b":{"0":[0],"1":[0,0],"2":[0,0],"3":[0,0],"4":[0,0],"5":[0,0]},"_coverageSchema":"1a1c01bbd47fc00a2c39e90264f33305004495a9","hash":"8f8f506cbe5946a4987a1927445037eab8059a0f"}
}
